Log file open, 04/02/16 11:33:13
LogInit:Display: Running engine for game: SpaceFPS
LogPlatformFile: Not using cached read wrapper
LogInit:Display: RandInit(112155077) SRandInit(112155079).
LogTaskGraph: Started task graph with 4 named threads and 7 total threads.
LogStats: Stats thread started at 0.096030
LogHMD: Can't find Oculus library dev build: is proper Runtime installed? Version: 0.8.0.0
LogInit: Version: 4.11.0-2927265+++UE4+Release-4.11
LogInit: API Version: 2927265
LogInit: Compiled (64-bit): Mar 30 2016 02:13:55
LogInit: Compiled with Visual C++: 19.00.23026.00
LogInit: Build Configuration: Development
LogInit: Branch Name: ++UE4+Release-4.11
LogInit: Command line: -EpicPortal 
LogInit: Base directory: C:/Program Files (x86)/Epic Games/4.11/Engine/Binaries/Win64/
LogInit: Installed Engine Build: 1
LogInit: Using libcurl 7.41.0
LogInit:  - built for x86_64-pc-win32
LogInit:  - supports SSL with WinSSL
LogInit:  - other features:
LogInit:      CURL_VERSION_SSL
LogInit:      CURL_VERSION_IPV6
LogInit:      CURL_VERSION_ASYNCHDNS
LogInit:      CURL_VERSION_LARGEFILE
LogInit:      CURL_VERSION_IDN
LogInit:  CurlRequestOptions (configurable via config and command line):
LogInit:  - bVerifyPeer = true  - Libcurl will verify peer certificate
LogInit:  - bUseHttpProxy = false  - Libcurl will NOT use HTTP proxy
LogInit:  - bDontReuseConnections = false  - Libcurl will reuse connections
LogInit:  - CertBundlePath = nullptr  - Libcurl will use whatever was configured at build time.
LogInit: Presizing for max 16777216 objects, including 0 objects not considered by GC, pre-allocating 0 bytes for permanent pool.
LogInit: Object subsystem initialized
[2016.04.02-10.33.13:239][  0]LogInit: Selected Device Profile: [Windows]
[2016.04.02-10.33.13:239][  0]LogInit: Applying CVar settings loaded from the selected device profile: [Windows]
[2016.04.02-10.33.13:249][  0]LogInit: Computer: OWEN
[2016.04.02-10.33.13:249][  0]LogInit: User: owen
[2016.04.02-10.33.13:249][  0]LogInit: CPU Page size=65536, Cores=4
[2016.04.02-10.33.13:249][  0]LogInit: High frequency timer resolution =3.923964 MHz
[2016.04.02-10.33.13:249][  0]LogMemory: Memory total: Physical=32.0GB (32GB approx)
[2016.04.02-10.33.13:249][  0]LogMemory: Platform Memory Stats for Windows
[2016.04.02-10.33.13:249][  0]LogMemory: Process Physical Memory: 314.36 MB used, 314.36 MB peak
[2016.04.02-10.33.13:249][  0]LogMemory: Process Virtual Memory: 316.62 MB used, 316.62 MB peak
[2016.04.02-10.33.13:249][  0]LogMemory: Physical Memory: 7139.43 MB used, 32750.12 MB total
[2016.04.02-10.33.13:249][  0]LogMemory: Virtual Memory: 621.02 MB used, 8388608.00 MB total
[2016.04.02-10.33.13:335][  0]LogTextLocalizationManager: No specific translations for ('en-GB') exist, so ('en') translations will be used.
[2016.04.02-10.33.13:751][  0]LogD3D11RHI: D3D11 adapters:
[2016.04.02-10.33.13:763][  0]LogD3D11RHI:    0. 'AMD Radeon R9 200 Series' (Feature Level 11_0)
[2016.04.02-10.33.13:763][  0]LogD3D11RHI:       3051MB of dedicated video memory, 0MB of dedicated system memory, and 3840MB of shared system memory, 1 output[s]
[2016.04.02-10.33.13:763][  0]LogD3D11RHI: Chosen D3D11 Adapter: 0
[2016.04.02-10.33.13:770][  0]LogD3D11RHI: Creating new Direct3DDevice
[2016.04.02-10.33.13:771][  0]LogD3D11RHI:     Adapter Name: AMD Radeon R9 200 Series
[2016.04.02-10.33.13:771][  0]LogD3D11RHI:   Driver Version: Unknown (internal Unknown)
[2016.04.02-10.33.13:771][  0]LogD3D11RHI:      Driver Date: Unknown
[2016.04.02-10.33.13:771][  0]LogRHI: Texture pool is 1361 MB (70% of 1945 MB)
[2016.04.02-10.33.13:781][  0]LogD3D11RHI: Async texture creation disabled: no driver support
[2016.04.02-10.33.13:793][  0]LogShaderCompilers: Guid format shader working directory is -18 characters bigger than the processId version (../../../../../../Users/owen/Documents/Unreal Projects/SpaceFPS/Intermediate/Shaders/WorkingDirectory/8336/).
[2016.04.02-10.33.13:793][  0]LogShaderCompilers: Cleaned the shader compiler working directory 'C:/Users/owen/AppData/Local/Temp/UnrealShaderWorkingDir/E8CC7DA94F5DCD4D5D5C148A2839E96E/'.
[2016.04.02-10.33.13:793][  0]LogShaderCompilers:Display: Using Local Shader Compiler.
[2016.04.02-10.33.15:144][  0]LogTemp:Display: Loaded TP AllDesktopTargetPlatform
[2016.04.02-10.33.15:153][  0]LogTemp:Display: Loaded TP WindowsClientTargetPlatform
[2016.04.02-10.33.15:162][  0]LogTemp:Display: Loaded TP WindowsNoEditorTargetPlatform
[2016.04.02-10.33.15:171][  0]LogTemp:Display: Loaded TP WindowsServerTargetPlatform
[2016.04.02-10.33.15:179][  0]LogTemp:Display: Loaded TP WindowsTargetPlatform
[2016.04.02-10.33.15:187][  0]LogTemp:Display: Loaded TP AndroidTargetPlatform
[2016.04.02-10.33.15:194][  0]LogTemp:Display: Loaded TP Android_ASTCTargetPlatform
[2016.04.02-10.33.15:201][  0]LogTemp:Display: Loaded TP Android_ATCTargetPlatform
[2016.04.02-10.33.15:208][  0]LogTemp:Display: Loaded TP Android_DXTTargetPlatform
[2016.04.02-10.33.15:216][  0]LogTemp:Display: Loaded TP Android_ETC1TargetPlatform
[2016.04.02-10.33.15:223][  0]LogTemp:Display: Loaded TP Android_ETC2TargetPlatform
[2016.04.02-10.33.15:238][  0]LogTemp:Display: Loaded TP Android_MultiTargetPlatform
[2016.04.02-10.33.15:238][  0]LogTemp:Display: Loaded TP Android_PVRTCTargetPlatform
[2016.04.02-10.33.15:242][  0]LogTemp:Display: Loaded TP HTML5TargetPlatform
[2016.04.02-10.33.15:268][  0]LogTemp:Display: Loaded TP IOSTargetPlatform
[2016.04.02-10.33.15:275][  0]LogTemp:Display: Loaded TP TVOSTargetPlatform
[2016.04.02-10.33.15:283][  0]LogTemp:Display: Loaded TP LinuxNoEditorTargetPlatform
[2016.04.02-10.33.15:290][  0]LogTemp:Display: Loaded TP LinuxServerTargetPlatform
[2016.04.02-10.33.15:297][  0]LogTemp:Display: Loaded TP LinuxTargetPlatform
[2016.04.02-10.33.15:297][  0]LogTargetPlatformManager:Display: Building Assets For Windows
[2016.04.02-10.33.15:461][  0]LogDerivedDataCache:Display: Max Cache Size: 512 MB
[2016.04.02-10.33.15:539][  0]LogDerivedDataCache: Loaded boot cache 0.08s 46MB C:/Users/owen/AppData/Local/UnrealEngine/4.11/DerivedDataCache/Boot.ddc.
[2016.04.02-10.33.15:539][  0]LogDerivedDataCache:Display: Loaded Boot cache: C:/Users/owen/AppData/Local/UnrealEngine/4.11/DerivedDataCache/Boot.ddc
[2016.04.02-10.33.15:540][  0]LogDerivedDataCache: FDerivedDataBackendGraph:  Pak pak cache file ../../../../../../Users/owen/Documents/Unreal Projects/SpaceFPS/DerivedDataCache/DDC.ddp not found, will not use a pak cache.
[2016.04.02-10.33.15:540][  0]LogDerivedDataCache: Unable to find inner node Pak for hierarchical cache Hierarchy.
[2016.04.02-10.33.15:540][  0]LogDerivedDataCache: FDerivedDataBackendGraph:  CompressedPak pak cache file ../../../../../../Users/owen/Documents/Unreal Projects/SpaceFPS/DerivedDataCache/Compressed.ddp not found, will not use a pak cache.
[2016.04.02-10.33.15:540][  0]LogDerivedDataCache: Unable to find inner node CompressedPak for hierarchical cache Hierarchy.
[2016.04.02-10.33.15:557][  0]LogDerivedDataCache:Display: Pak cache opened for reading ../../../Engine/DerivedDataCache/Compressed.ddp.
[2016.04.02-10.33.15:569][  0]LogDerivedDataCache: Using Local data cache path C:/Users/owen/AppData/Local/UnrealEngine/Common/DerivedDataCache: Writable
[2016.04.02-10.33.15:802][  0]LogInit: Selected Device Profile: [Windows]
[2016.04.02-10.33.15:803][  0]LogContentStreaming: Texture pool size is 0.00 MB
[2016.04.02-10.33.15:849][  0]LogMaterial: Uniform references updated for custom material expression Custom.
[2016.04.02-10.33.16:016][  0]LogMeshUtilities: No automatic mesh reduction module available
[2016.04.02-10.33.16:016][  0]LogMeshUtilities: No automatic mesh merging module available
[2016.04.02-10.33.16:016][  0]LogMeshUtilities: No distributed automatic mesh merging module available
[2016.04.02-10.33.16:352][  0]LogUObjectArray: 27672 objects as part of root set at end of initial load.
[2016.04.02-10.33.16:352][  0]LogUObjectAllocator: 5589904 out of 0 bytes used by permanent object pool.
[2016.04.02-10.33.16:352][  0]LogUObjectArray: CloseDisregardForGC: 0/0 objects in disregard for GC pool
[2016.04.02-10.33.16:370][  0]LogInit: WinSock: version 1.1 (2.2), MaxSocks=32767, MaxUdp=65467
[2016.04.02-10.33.16:591][  0]LogSlate: SlateFontCache - WITH_FREETYPE: 1, WITH_HARFBUZZ: 1
[2016.04.02-10.33.16:591][  0]LogSlate: SlateFontCache - WITH_FREETYPE: 1, WITH_HARFBUZZ: 1
[2016.04.02-10.33.16:731][  0]LogStreaming:Warning: Failed to read file '../../../Engine/Content/Editor/Slate/Common/Selection_16x.png' error.
[2016.04.02-10.33.16:731][  0]LogSlate: Could not find file for Slate resource: ../../../Engine/Content/Editor/Slate/Common/Selection_16x.png
[2016.04.02-10.33.16:731][  0]LogStreaming:Warning: Failed to read file '../../../Engine/Content/Editor/Slate/Common/Selection_16x.png' error.
[2016.04.02-10.33.16:731][  0]LogSlate: Could not find file for Slate resource: ../../../Engine/Content/Editor/Slate/Common/Selection_16x.png
[2016.04.02-10.33.16:731][  0]LogStreaming:Warning: Failed to read file '../../../Engine/Content/Editor/Slate/Common/Selection_16x.png' error.
[2016.04.02-10.33.16:731][  0]LogSlate: Could not find file for Slate resource: ../../../Engine/Content/Editor/Slate/Common/Selection_16x.png
[2016.04.02-10.33.17:518][  0]LogUdpMessaging: Initializing bridge on interface 0.0.0.0:0 to multicast group 230.0.0.1:6666.
[2016.04.02-10.33.17:642][  0]LogAssetRegistry: FAssetRegistry took 0.0205 seconds to start up
[2016.04.02-10.33.17:859][  0]SourceControl: Info Source control is disabled
[2016.04.02-10.33.17:861][  0]SourceControl: Info Source control is disabled
[2016.04.02-10.33.17:876][  0]SourceControl: Info Source control is disabled
[2016.04.02-10.33.17:895][  0]SourceControl: Info Source control is disabled
[2016.04.02-10.33.18:222][  0]LogEngine: Initializing Engine...
[2016.04.02-10.33.18:227][  0]LogHMD: SteamVR failed to initialize.  Err: 110
[2016.04.02-10.33.18:410][  0]LogAIModule: Creating AISystem for world NewWorld
[2016.04.02-10.33.18:434][  0]LogInit: XAudio2 using 'Headset Earphone (Razer Kraken 7.1 Chroma)' : 2 channels at 44.1 kHz using 16 bits per sample (channel mask 0x3)
[2016.04.02-10.33.18:449][  0]LogInit: FAudioDevice initialized.
[2016.04.02-10.33.18:486][  0]LogDerivedDataCache: Saved boot cache 0.04s 46MB C:/Users/owen/AppData/Local/UnrealEngine/4.11/DerivedDataCache/Boot.ddc.
[2016.04.02-10.33.18:496][  0]LogInit: Texture streaming: Enabled
[2016.04.02-10.33.18:541][  0]LogInit: Transaction tracking system initialized
[2016.04.02-10.33.18:596][  0]BlueprintLog: New page: Editor Load
[2016.04.02-10.33.18:763][  0]LocalizationService: Info Localization service is disabled
[2016.04.02-10.33.18:893][  0]LogConsoleResponse:Display: 
[2016.04.02-10.33.19:043][  0]LogCook:Display: Max memory allowance for cook 8192mb
[2016.04.02-10.33.19:043][  0]LogCook:Display: Mobile HDR setting 1
[2016.04.02-10.33.19:043][  0]LogCook:Display: Done creating registry. It took  0.00s.
[2016.04.02-10.33.19:140][  0]LogFileCache: Scanning file cache for directory 'C:/Users/owen/Documents/Unreal Projects/SpaceFPS/Content/' took 0.01s
[2016.04.02-10.33.19:140][  0]SourceControl: Info Source control is disabled
[2016.04.02-10.33.19:140][  0]Cmd: MAP LOAD FILE="../../../../../../Users/owen/Documents/Unreal Projects/SpaceFPS/Content/FirstPersonBP/Maps/FirstPersonExampleMap.umap" TEMPLATE=0 SHOWPROGRESS=1 FEATURELEVEL=3
[2016.04.02-10.33.19:140][  0]LogEditorServer:Warning: Can't find file '../../../../../../Users/owen/Documents/Unreal Projects/SpaceFPS/Content/FirstPersonBP/Maps/FirstPersonExampleMap.umap'
[2016.04.02-10.33.19:140][  0]Cmd: MAP CHECKDEP NOCLEARLOG
[2016.04.02-10.33.19:211][  0]MapCheck: Info Map check complete: 0 Error(s), 0 Warning(s), took 70.615ms to complete.
[2016.04.02-10.33.19:211][  0]LogFileHelpers: Loading map 'FirstPersonExampleMap' took 0.071
[2016.04.02-10.33.19:334][  0]LogCollectionManager: Loaded 0 collections in 0.001854 seconds
[2016.04.02-10.33.19:381][  0]LogFileCache: Scanning file cache for directory 'C:/Users/owen/Documents/Unreal Projects/SpaceFPS/Saved/Collections/' took 0.01s
[2016.04.02-10.33.19:381][  0]LogFileCache: Scanning file cache for directory 'C:/Users/owen/Documents/Unreal Projects/SpaceFPS/Content/Developers/owen/Collections/' took 0.01s
[2016.04.02-10.33.19:381][  0]LogFileCache: Scanning file cache for directory 'C:/Users/owen/Documents/Unreal Projects/SpaceFPS/Content/Collections/' took 0.01s
[2016.04.02-10.33.19:381][  0]LogCollectionManager: Rebuilt the GUID cache for 0 collections in 0.000003 seconds
[2016.04.02-10.33.19:391][  0]LogContentBrowser: Native class hierarchy populated in 0.0103 seconds. Added 1978 classes and 343 folders.
[2016.04.02-10.33.19:399][  0]LogStats: UGameplayTagsManager::ConstructGameplayTagTree: Construct from data asset -  0.000 s
[2016.04.02-10.33.19:399][  0]LogStats: UGameplayTagsManager::ConstructGameplayTagTree: GameplayTagTreeChangedEvent.Broadcast -  0.000 s
[2016.04.02-10.33.19:399][  0]LogContentBrowser: Native class hierarchy updated for 'GameplayTags' in 0.0005 seconds. Added 12 classes and 0 folders.
[2016.04.02-10.33.19:411][  0]LogContentBrowser: Native class hierarchy updated for 'WidgetCarousel' in 0.0004 seconds. Added 0 classes and 0 folders.
[2016.04.02-10.33.19:476][  0]LogContentBrowser: Native class hierarchy updated for 'SuperSearch' in 0.0005 seconds. Added 1 classes and 2 folders.
[2016.04.02-10.33.19:644][  0]LogContentBrowser: Native class hierarchy updated for 'AddContentDialog' in 0.0004 seconds. Added 0 classes and 0 folders.
[2016.04.02-10.33.19:717][  0]LogContentBrowser: Native class hierarchy updated for 'SceneOutliner' in 0.0005 seconds. Added 1 classes and 2 folders.
[2016.04.02-10.33.19:792][  0]LogCrashTracker: Crashtracker disabled due to settings.
[2016.04.02-10.33.19:796][  0]LogUObjectGlobals:Warning: Failed to find object 'Class None.'
[2016.04.02-10.33.19:824][  0]LogContentBrowser: Native class hierarchy updated for 'HierarchicalLODOutliner' in 0.0005 seconds. Added 1 classes and 2 folders.
[2016.04.02-10.33.19:824][  0]LogLoad: Full Startup: 7.62 seconds (BP compile: 0.00 seconds)
[2016.04.02-10.33.19:824][  0]LogExternalProfiler: Found external profiler: VSPerf
[2016.04.02-10.33.19:824][  0]LogExternalProfiler: Using external profiler: VSPerf
[2016.04.02-10.33.19:834][  0]LogOcInput: Can't find Oculus library dev build: is proper Runtime installed? Version: 0.8.0.0
[2016.04.02-10.33.19:890][  0]LogContentStreaming: Texture pool size now 1000 MB
[2016.04.02-10.33.20:050][  0]LogRenderer: Reallocating scene render targets to support 1200x728 (Frame:2).
[2016.04.02-10.33.20:243][  1]LogAssetRegistry: Asset discovery search completed in 2.6216 seconds
[2016.04.02-10.33.20:243][  1]LogCollectionManager: Rebuilt the object cache for 0 collections in 0.000001 seconds (found 0 objects)
[2016.04.02-10.33.20:243][  1]LogCollectionManager: Fixed up redirectors for 0 collections in 0.000021 seconds (updated 0 objects)
[2016.04.02-10.33.34:910][648]LogStaticMesh: Building static mesh EnvironmentSphere2...
[2016.04.02-10.33.34:918][648]LogStaticMesh: Built static mesh [0.01s] /Game/Meshes/EnvironmentSphere2.EnvironmentSphere2
[2016.04.02-10.33.35:223][648]LogTexture:Display: Building textures: T_RockMesh_N (BC5)
[2016.04.02-10.33.35:996][648]LogTexture:Display: Building textures: T_RockMesh_M (DXT1)
[2016.04.02-10.33.37:559][648]LogTexture:Display: Building textures: T_Rock_Basalt_D (AutoDXT)
[2016.04.02-10.33.40:362][648]LogTexture:Display: Building textures: T_Detail_Rocky_N (BC5)
[2016.04.02-10.33.40:532][648]LogMaterial: Missing cached shader map for material M_Rock, compiling. 
[2016.04.02-10.33.40:621][648]LogMaterial: Missing cached shader map for material BulletMat, compiling. 
[2016.04.02-10.33.40:988][648]LogTexture:Display: Building textures: ESO_-_The_Milky_Way_panorama__by_ (AutoDXT)
[2016.04.02-10.33.46:870][648]LogMaterial: Missing cached shader map for material ESO, compiling. 
[2016.04.02-10.33.46:876][648]LogAIModule: Creating AISystem for world testlevel
[2016.04.02-10.33.46:951][648]Cmd: MAP LOAD FILE="../../../../../../Users/owen/Documents/Unreal Projects/SpaceFPS/Content/Levels/testlevel.umap" TEMPLATE=