Log file open, 04/01/16 14:29:14
LogInit:Display: Running engine for game: SpaceFPS
LogPlatformFile: Not using cached read wrapper
LogInit:Display: RandInit(1878293827) SRandInit(1878293829).
LogTaskGraph: Started task graph with 4 named threads and 7 total threads.
LogStats: Stats thread started at 0.070759
LogHMD: Can't find Oculus library dev build: is proper Runtime installed? Version: 0.8.0.0
LogInit: Version: 4.11.0-2927265+++UE4+Release-4.11
LogInit: API Version: 2927265
LogInit: Compiled (64-bit): Mar 30 2016 02:13:55
LogInit: Compiled with Visual C++: 19.00.23026.00
LogInit: Build Configuration: Development
LogInit: Branch Name: ++UE4+Release-4.11
LogInit: Command line: -EpicPortal 
LogInit: Base directory: C:/Program Files (x86)/Epic Games/4.11/Engine/Binaries/Win64/
LogInit: Installed Engine Build: 1
LogInit: Using libcurl 7.41.0
LogInit:  - built for x86_64-pc-win32
LogInit:  - supports SSL with WinSSL
LogInit:  - other features:
LogInit:      CURL_VERSION_SSL
LogInit:      CURL_VERSION_IPV6
LogInit:      CURL_VERSION_ASYNCHDNS
LogInit:      CURL_VERSION_LARGEFILE
LogInit:      CURL_VERSION_IDN
LogInit:  CurlRequestOptions (configurable via config and command line):
LogInit:  - bVerifyPeer = true  - Libcurl will verify peer certificate
LogInit:  - bUseHttpProxy = false  - Libcurl will NOT use HTTP proxy
LogInit:  - bDontReuseConnections = false  - Libcurl will reuse connections
LogInit:  - CertBundlePath = nullptr  - Libcurl will use whatever was configured at build time.
LogInit: Presizing for max 16777216 objects, including 0 objects not considered by GC, pre-allocating 0 bytes for permanent pool.
LogInit: Object subsystem initialized
[2016.04.01-18.29.14:579][  0]LogInit: Selected Device Profile: [Windows]
[2016.04.01-18.29.14:579][  0]LogInit: Applying CVar settings loaded from the selected device profile: [Windows]
[2016.04.01-18.29.14:590][  0]LogInit: Computer: DESKTOP-8072TP9
[2016.04.01-18.29.14:590][  0]LogInit: User: pinwo
[2016.04.01-18.29.14:590][  0]LogInit: CPU Page size=65536, Cores=4
[2016.04.01-18.29.14:590][  0]LogInit: High frequency timer resolution =3.419925 MHz
[2016.04.01-18.29.14:590][  0]LogMemory: Memory total: Physical=8.0GB (8GB approx)
[2016.04.01-18.29.14:590][  0]LogMemory: Platform Memory Stats for Windows
[2016.04.01-18.29.14:590][  0]LogMemory: Process Physical Memory: 312.03 MB used, 312.03 MB peak
[2016.04.01-18.29.14:590][  0]LogMemory: Process Virtual Memory: 315.71 MB used, 315.71 MB peak
[2016.04.01-18.29.14:590][  0]LogMemory: Physical Memory: 6222.93 MB used, 8159.14 MB total
[2016.04.01-18.29.14:590][  0]LogMemory: Virtual Memory: 652.24 MB used, 134217728.00 MB total
[2016.04.01-18.29.14:628][  0]LogTextLocalizationManager: No specific translations for ('en-US') exist, so ('en') translations will be used.
[2016.04.01-18.29.15:020][  0]LogD3D11RHI: D3D11 adapters:
[2016.04.01-18.29.15:039][  0]LogD3D11RHI:    0. 'NVIDIA GeForce GTX 660  ' (Feature Level 11_0)
[2016.04.01-18.29.15:039][  0]LogD3D11RHI:       1988MB of dedicated video memory, 0MB of dedicated system memory, and 4079MB of shared system memory, 3 output[s]
[2016.04.01-18.29.15:040][  0]LogD3D11RHI:    1. 'Microsoft Basic Render Driver' (Feature Level 11_0)
[2016.04.01-18.29.15:040][  0]LogD3D11RHI:       0MB of dedicated video memory, 0MB of dedicated system memory, and 4079MB of shared system memory, 0 output[s]
[2016.04.01-18.29.15:040][  0]LogD3D11RHI: Chosen D3D11 Adapter: 0
[2016.04.01-18.29.15:044][  0]LogD3D11RHI: Creating new Direct3DDevice
[2016.04.01-18.29.15:045][  0]LogD3D11RHI:     Adapter Name: NVIDIA GeForce GTX 660  
[2016.04.01-18.29.15:045][  0]LogD3D11RHI:   Driver Version: Unknown (internal Unknown)
[2016.04.01-18.29.15:045][  0]LogD3D11RHI:      Driver Date: Unknown
[2016.04.01-18.29.15:045][  0]LogRHI: Texture pool is 1361 MB (70% of 1945 MB)
[2016.04.01-18.29.15:056][  0]LogD3D11RHI: Async texture creation enabled
[2016.04.01-18.29.15:497][  0]LogShaderCompilers: Guid format shader working directory is 18 characters bigger than the processId version (E:/Unreal Projects/SpaceFPS/Intermediate/Shaders/WorkingDirectory/13776/).
[2016.04.01-18.29.15:498][  0]LogShaderCompilers: Cleaned the shader compiler working directory 'C:/Users/pinwo/AppData/Local/Temp/UnrealShaderWorkingDir/940A8F6947FA00F24936AB9B2850B670/'.
[2016.04.01-18.29.15:498][  0]LogShaderCompilers:Display: Using Local Shader Compiler.
[2016.04.01-18.29.18:304][  0]LogTemp:Display: Loaded TP AllDesktopTargetPlatform
[2016.04.01-18.29.18:308][  0]LogTemp:Display: Loaded TP WindowsClientTargetPlatform
[2016.04.01-18.29.18:312][  0]LogTemp:Display: Loaded TP WindowsNoEditorTargetPlatform
[2016.04.01-18.29.18:316][  0]LogTemp:Display: Loaded TP WindowsServerTargetPlatform
[2016.04.01-18.29.18:320][  0]LogTemp:Display: Loaded TP WindowsTargetPlatform
[2016.04.01-18.29.18:323][  0]LogTemp:Display: Loaded TP AndroidTargetPlatform
[2016.04.01-18.29.18:325][  0]LogTemp:Display: Loaded TP Android_ASTCTargetPlatform
[2016.04.01-18.29.18:328][  0]LogTemp:Display: Loaded TP Android_ATCTargetPlatform
[2016.04.01-18.29.18:331][  0]LogTemp:Display: Loaded TP Android_DXTTargetPlatform
[2016.04.01-18.29.18:334][  0]LogTemp:Display: Loaded TP Android_ETC1TargetPlatform
[2016.04.01-18.29.18:336][  0]LogTemp:Display: Loaded TP Android_ETC2TargetPlatform
[2016.04.01-18.29.18:342][  0]LogTemp:Display: Loaded TP Android_MultiTargetPlatform
[2016.04.01-18.29.18:342][  0]LogTemp:Display: Loaded TP Android_PVRTCTargetPlatform
[2016.04.01-18.29.18:343][  0]LogTemp:Display: Loaded TP HTML5TargetPlatform
[2016.04.01-18.29.18:359][  0]LogTemp:Display: Loaded TP IOSTargetPlatform
[2016.04.01-18.29.18:361][  0]LogTemp:Display: Loaded TP TVOSTargetPlatform
[2016.04.01-18.29.18:364][  0]LogTemp:Display: Loaded TP LinuxNoEditorTargetPlatform
[2016.04.01-18.29.18:367][  0]LogTemp:Display: Loaded TP LinuxServerTargetPlatform
[2016.04.01-18.29.18:370][  0]LogTemp:Display: Loaded TP LinuxTargetPlatform
[2016.04.01-18.29.18:370][  0]LogTargetPlatformManager:Display: Building Assets For Windows
[2016.04.01-18.29.18:439][  0]LogDerivedDataCache:Display: Max Cache Size: 512 MB
[2016.04.01-18.29.18:488][  0]LogDerivedDataCache: Loaded boot cache 0.05s 52MB C:/Users/pinwo/AppData/Local/UnrealEngine/4.11/DerivedDataCache/Boot.ddc.
[2016.04.01-18.29.18:488][  0]LogDerivedDataCache:Display: Loaded Boot cache: C:/Users/pinwo/AppData/Local/UnrealEngine/4.11/DerivedDataCache/Boot.ddc
[2016.04.01-18.29.18:488][  0]LogDerivedDataCache: FDerivedDataBackendGraph:  Pak pak cache file E:/Unreal Projects/SpaceFPS/DerivedDataCache/DDC.ddp not found, will not use a pak cache.
[2016.04.01-18.29.18:488][  0]LogDerivedDataCache: Unable to find inner node Pak for hierarchical cache Hierarchy.
[2016.04.01-18.29.18:488][  0]LogDerivedDataCache: FDerivedDataBackendGraph:  CompressedPak pak cache file E:/Unreal Projects/SpaceFPS/DerivedDataCache/Compressed.ddp not found, will not use a pak cache.
[2016.04.01-18.29.18:488][  0]LogDerivedDataCache: Unable to find inner node CompressedPak for hierarchical cache Hierarchy.
[2016.04.01-18.29.18:501][  0]LogDerivedDataCache:Display: Pak cache opened for reading ../../../Engine/DerivedDataCache/Compressed.ddp.
[2016.04.01-18.29.18:513][  0]LogDerivedDataCache: Using Local data cache path C:/Users/pinwo/AppData/Local/UnrealEngine/Common/DerivedDataCache: Writable
[2016.04.01-18.29.18:685][  0]LogInit: Selected Device Profile: [Windows]
[2016.04.01-18.29.18:686][  0]LogContentStreaming: Texture pool size is 0.00 MB
[2016.04.01-18.29.18:720][  0]LogMaterial: Uniform references updated for custom material expression Custom.
[2016.04.01-18.29.18:834][  0]LogMeshUtilities: No automatic mesh reduction module available
[2016.04.01-18.29.18:834][  0]LogMeshUtilities: No automatic mesh merging module available
[2016.04.01-18.29.18:834][  0]LogMeshUtilities: No distributed automatic mesh merging module available
[2016.04.01-18.29.19:050][  0]LogUObjectArray: 27672 objects as part of root set at end of initial load.
[2016.04.01-18.29.19:051][  0]LogUObjectAllocator: 5589904 out of 0 bytes used by permanent object pool.
[2016.04.01-18.29.19:051][  0]LogUObjectArray: CloseDisregardForGC: 0/0 objects in disregard for GC pool
[2016.04.01-18.29.19:057][  0]LogInit: WinSock: version 1.1 (2.2), MaxSocks=32767, MaxUdp=65467
[2016.04.01-18.29.19:135][  0]LogSlate: SlateFontCache - WITH_FREETYPE: 1, WITH_HARFBUZZ: 1
[2016.04.01-18.29.19:135][  0]LogSlate: SlateFontCache - WITH_FREETYPE: 1, WITH_HARFBUZZ: 1
[2016.04.01-18.29.19:224][  0]LogStreaming:Warning: Failed to read file '../../../Engine/Content/Editor/Slate/Common/Selection_16x.png' error.
[2016.04.01-18.29.19:224][  0]LogSlate: Could not find file for Slate resource: ../../../Engine/Content/Editor/Slate/Common/Selection_16x.png
[2016.04.01-18.29.19:224][  0]LogStreaming:Warning: Failed to read file '../../../Engine/Content/Editor/Slate/Common/Selection_16x.png' error.
[2016.04.01-18.29.19:224][  0]LogSlate: Could not find file for Slate resource: ../../../Engine/Content/Editor/Slate/Common/Selection_16x.png
[2016.04.01-18.29.19:224][  0]LogStreaming:Warning: Failed to read file '../../../Engine/Content/Editor/Slate/Common/Selection_16x.png' error.
[2016.04.01-18.29.19:224][  0]LogSlate: Could not find file for Slate resource: ../../../Engine/Content/Editor/Slate/Common/Selection_16x.png
[2016.04.01-18.29.19:791][  0]LogUdpMessaging: Initializing bridge on interface 0.0.0.0:0 to multicast group 230.0.0.1:6666.
[2016.04.01-18.29.19:895][  0]LogAssetRegistry: FAssetRegistry took 0.0219 seconds to start up
[2016.04.01-18.29.20:061][  0]SourceControl: Info Source control is disabled
[2016.04.01-18.29.20:062][  0]SourceControl: Info Source control is disabled
[2016.04.01-18.29.20:073][  0]SourceControl: Info Source control is disabled
[2016.04.01-18.29.20:082][  0]SourceControl: Info Source control is disabled
[2016.04.01-18.29.20:310][  0]LogEngine: Initializing Engine...
[2016.04.01-18.29.20:310][  0]LogHMD: SteamVR failed to initialize.  Err: 110
[2016.04.01-18.29.20:461][  0]LogAIModule: Creating AISystem for world NewWorld
[2016.04.01-18.29.20:479][  0]LogInit: XAudio2 using 'Speakers (High Definition Audio Device)' : 6 channels at 44.1 kHz using 16 bits per sample (channel mask 0x60f)
[2016.04.01-18.29.20:494][  0]LogInit: FAudioDevice initialized.
[2016.04.01-18.29.20:521][  0]LogDerivedDataCache: Saved boot cache 0.03s 52MB C:/Users/pinwo/AppData/Local/UnrealEngine/4.11/DerivedDataCache/Boot.ddc.
[2016.04.01-18.29.20:528][  0]LogInit: Texture streaming: Enabled
[2016.04.01-18.29.20:559][  0]LogInit: Transaction tracking system initialized
[2016.04.01-18.29.20:599][  0]BlueprintLog: New page: Editor Load
[2016.04.01-18.29.20:854][  0]LocalizationService: Info Localization service is disabled
[2016.04.01-18.29.21:013][  0]LogConsoleResponse:Display: 
[2016.04.01-18.29.21:127][  0]LogCook:Display: Max memory allowance for cook 8192mb
[2016.04.01-18.29.21:127][  0]LogCook:Display: Mobile HDR setting 1
[2016.04.01-18.29.21:127][  0]LogCook:Display: Done creating registry. It took  0.00s.
[2016.04.01-18.29.21:208][  0]LogFileCache: Scanning file cache for directory 'E:/Unreal Projects/SpaceFPS/Content/' took 0.01s
[2016.04.01-18.29.21:208][  0]SourceControl: Info Source control is disabled
[2016.04.01-18.29.21:208][  0]Cmd: MAP LOAD FILE="E:/Unreal Projects/SpaceFPS/Content/FirstPersonBP/Maps/FirstPersonExampleMap.umap" TEMPLATE=0 SHOWPROGRESS=1 FEATURELEVEL=3
[2016.04.01-18.29.21:209][  0]LightingResults: New page: Lighting Build
[2016.04.01-18.29.21:213][  0]MapCheck: New page: Map Check
[2016.04.01-18.29.21:213][  0]LightingResults: New page: Lighting Build
[2016.04.01-18.29.21:870][  0]LogAIModule: Creating AISystem for world FirstPersonExampleMap
[2016.04.01-18.29.21:880][  0]LogEditorServer: Finished looking for orphan Actors (0.000 secs)
[2016.04.01-18.29.21:881][  0]Cmd: MAP CHECKDEP NOCLEARLOG
[2016.04.01-18.29.21:929][  0]MapCheck: Info Map check complete: 0 Error(s), 0 Warning(s), took 48.879ms to complete.
[2016.04.01-18.29.21:929][  0]LogFileHelpers: Loading map 'FirstPersonExampleMap' took 0.721
[2016.04.01-18.29.22:080][  0]LogCollectionManager: Loaded 0 collections in 0.001763 seconds
[2016.04.01-18.29.22:132][  0]LogFileCache: Scanning file cache for directory 'E:/Unreal Projects/SpaceFPS/Saved/Collections/' took 0.01s
[2016.04.01-18.29.22:132][  0]LogFileCache: Scanning file cache for directory 'E:/Unreal Projects/SpaceFPS/Content/Developers/pinwo/Collections/' took 0.01s
[2016.04.01-18.29.22:132][  0]LogFileCache: Scanning file cache for directory 'E:/Unreal Projects/SpaceFPS/Content/Collections/' took 0.01s
[2016.04.01-18.29.22:132][  0]LogCollectionManager: Rebuilt the GUID cache for 0 collections in 0.000003 seconds
[2016.04.01-18.29.22:140][  0]LogContentBrowser: Native class hierarchy populated in 0.0074 seconds. Added 1978 classes and 343 folders.
[2016.04.01-18.29.22:144][  0]LogStats: UGameplayTagsManager::ConstructGameplayTagTree: Construct from data asset -  0.000 s
[2016.04.01-18.29.22:144][  0]LogStats: UGameplayTagsManager::ConstructGameplayTagTree: GameplayTagTreeChangedEvent.Broadcast -  0.000 s
[2016.04.01-18.29.22:144][  0]LogContentBrowser: Native class hierarchy updated for 'GameplayTags' in 0.0004 seconds. Added 12 classes and 0 folders.
[2016.04.01-18.29.22:149][  0]LogContentBrowser: Native class hierarchy updated for 'WidgetCarousel' in 0.0004 seconds. Added 0 classes and 0 folders.
[2016.04.01-18.29.22:157][  0]LogContentBrowser: Native class hierarchy updated for 'SuperSearch' in 0.0003 seconds. Added 1 classes and 2 folders.
[2016.04.01-18.29.22:199][  0]LogContentBrowser: Native class hierarchy updated for 'AddContentDialog' in 0.0003 seconds. Added 0 classes and 0 folders.
[2016.04.01-18.29.22:204][  0]LogContentBrowser: Native class hierarchy updated for 'SceneOutliner' in 0.0003 seconds. Added 1 classes and 2 folders.
[2016.04.01-18.29.22:212][  0]LogContentBrowser: Native class hierarchy updated for 'WorldBrowser' in 0.0004 seconds. Added 1 classes and 3 folders.
[2016.04.01-18.29.22:273][  0]LogCrashTracker: Crashtracker disabled due to settings.
[2016.04.01-18.29.22:278][  0]LogUObjectGlobals:Warning: Failed to find object 'Class None.'
[2016.04.01-18.29.22:307][  0]LogContentBrowser: Native class hierarchy updated for 'HierarchicalLODOutliner' in 0.0003 seconds. Added 1 classes and 2 folders.
[2016.04.01-18.29.22:307][  0]LogLoad: Full Startup: 8.36 seconds (BP compile: 0.12 seconds)
[2016.04.01-18.29.22:307][  0]LogExternalProfiler: Found external profiler: VSPerf
[2016.04.01-18.29.22:307][  0]LogExternalProfiler: Using external profiler: VSPerf
[2016.04.01-18.29.22:317][  0]LogWindowsTextInputMethodSystem:Display: IME system now deactivated.
[2016.04.01-18.29.22:317][  0]LogWindowsTextInputMethodSystem:Display: IME system now deactivated.
[2016.04.01-18.29.22:318][  0]LogOcInput: Can't find Oculus library dev build: is proper Runtime installed? Version: 0.8.0.0
[2016.04.01-18.29.22:358][  0]LogContentStreaming: Texture pool size now 700 MB
[2016.04.01-18.29.22:507][  0]LogRenderer: Reallocating scene render targets to support 1048x672 (Frame:2).
[2016.04.01-18.29.25:467][313]LogAssetRegistry: Asset discovery search completed in 5.5937 seconds
[2016.04.01-18.29.25:467][313]LogCollectionManager: Rebuilt the object cache for 0 collections in 0.000001 seconds (found 0 objects)
[2016.04.01-18.29.25:467][313]LogCollectionManager: Fixed up redirectors for 0 collections in 0.000029 seconds (updated 0 objects)
[2016.04.01-18.29.26:673][438]LogBlueprintUserMessages: Early PlayInEditor Detection: Level '/Game/FirstPersonBP/Maps/FirstPersonExampleMap.FirstPersonExampleMap:PersistentLevel' has LevelScriptBlueprint '/Game/FirstPersonBP/Maps/FirstPersonExampleMap.FirstPersonExampleMap:PersistentLevel.FirstPersonExampleMap' with GeneratedClass '/Game/FirstPersonBP/Maps/FirstPersonExampleMap.FirstPersonExampleMap_C' with ClassGeneratedBy '/Game/FirstPersonBP/Maps/FirstPersonExampleMap.FirstPersonExampleMap:PersistentLevel.FirstPersonExampleMap'
[2016.04.01-18.29.26:673][438]LogPlayLevel: PlayLevel: No blueprints needed recompiling
[2016.04.01-18.29.26:682][438]PIE: New page: PIE session: FirstPersonExampleMap (Apr 1, 2016, 9:29:26 AM)
[2016.04.01-18.29.26:682][438]LogPlayLevel: Creating play world package: /Game/FirstPersonBP/Maps/UEDPIE_0_FirstPersonExampleMap
[2016.04.01-18.29.26:705][438]LogPlayLevel: PIE: StaticDuplicateObject took: (0.023327s)
[2016.04.01-18.29.26:706][438]LogAIModule: Creating AISystem for world FirstPersonExampleMap
[2016.04.01-18.29.26:706][438]LogPlayLevel: PIE: World Init took: (0.000810s)
[2016.04.01-18.29.26:706][438]LogPlayLevel: PIE: Created PIE world by copying editor world from /Game/FirstPersonBP/Maps/FirstPersonExampleMap.FirstPersonExampleMap to /Game/FirstPersonBP/Maps/UEDPIE_0_FirstPersonExampleMap.FirstPersonExampleMap (0.024425s)
[2016.04.01-18.29.26:740][438]LogInit: XAudio2 using 'Speakers (High Definition Audio Device)' : 6 channels at 44.1 kHz using 16 bits per sample (channel mask 0x60f)
[2016.04.01-18.29.26:750][438]LogInit: FAudioDevice initialized.
[2016.04.01-18.29.26:822][438]LogWorld: Game class is 'FirstPersonGameMode_C'
[2016.04.01-18.29.26:827][438]LogWorld: Bringing World /Game/FirstPersonBP/Maps/UEDPIE_0_FirstPersonExampleMap.FirstPersonExampleMap up for play (max tick rate 0) at 2016.04.01-14.29.26
[2016.04.01-18.29.26:828][438]LogWorld: Bringing up level for play took: 0.003997
[2016.04.01-18.29.26:836][438]LogContentBrowser: Native class hierarchy updated for 'MovieSceneCapture' in 0.0004 seconds. Added 9 classes and 0 folders.
[2016.04.01-18.29.26:836][438]PIE: Info Play in editor start time for /Game/FirstPersonBP/Maps/UEDPIE_0_FirstPersonExampleMap 0.721
[2016.04.01-18.29.26:837][438]LogBlueprintUserMessages: Late PlayInEditor Detection: Level '/Game/FirstPersonBP/Maps/FirstPersonExampleMap.FirstPersonExampleMap:PersistentLevel' has LevelScriptBlueprint '/Game/FirstPersonBP/Maps/FirstPersonExampleMap.FirstPersonExampleMap:PersistentLevel.FirstPersonExampleMap' with GeneratedClass '/Game/FirstPersonBP/Maps/FirstPersonExampleMap.FirstPersonExampleMap_C' with ClassGeneratedBy '/Game/FirstPersonBP/Maps/FirstPersonExampleMap.FirstPersonExampleMap:PersistentLevel.FirstPersonExampleMap'
[2016.04.01-18.29.42:935][304]LogBlueprintUserMessages: Early EndPlayMap Detection: Level '/Game/FirstPersonBP/Maps/FirstPersonExampleMap.FirstPersonExampleMap:PersistentLevel' has LevelScriptBlueprint '/Game/FirstPersonBP/Maps/FirstPersonExampleMap.FirstPersonExampleMap:PersistentLevel.FirstPersonExampleMap' with GeneratedClass '/Game/FirstPersonBP/Maps/FirstPersonExampleMap.FirstPersonExampleMap_C' with ClassGeneratedBy '/Game/FirstPersonBP/Maps/FirstPersonExampleMap.FirstPersonExampleMap:PersistentLevel.FirstPersonExampleMap'
[2016.04.01-18.29.42:966][304]LogBlueprintUserMessages: Late EndPlayMap Detection: Level '/Game/FirstPersonBP/Maps/FirstPersonExampleMap.FirstPersonExampleMap:PersistentLevel' has LevelScriptBlueprint '/Game/FirstPersonBP/Maps/FirstPersonExampleMap.FirstPersonExampleMap:PersistentLevel.FirstPersonExampleMap' with GeneratedClass '/Game/FirstPersonBP/Maps/FirstPersonExampleMap.FirstPersonExampleMap_C' with ClassGeneratedBy '/Game/FirstPersonBP/Maps/FirstPersonExampleMap.FirstPersonExampleMap:PersistentLevel.FirstPersonExampleMap'
[2016.04.01-18.30.31:376][584]LogBlueprint:Warning: [compiler FlyingPawn] Warning Input Axis Event references unknown Axis 'MoveUp' for  InputAxis MoveUp 
[2016.04.01-18.30.31:376][584]LogBlueprint:Warning: [compiler FlyingPawn] Warning Input Axis Event references unknown Axis 'Thrust' for  InputAxis Thrust 
[2016.04.01-18.30.31:379][584]LogBlueprint:Warning: [compiler FlyingPawn] Warning [0077.43] Compile of FlyingPawn successful, but with 2 Warning(s) [in 11 ms]
[2016.04.01-18.30.31:379][584]LogBlueprint:Warning: [compiler FlyingPawn] Warning [0077.43] Compile of FlyingPawn successful, but with 3 Warning(s) [in 0 ms]
[2016.04.01-18.30.31:379][584]LogBlueprint:Warning: [compiler FlyingPawn] Warning [0077.43] Compile of FlyingPawn successful, but with 4 Warning(s) [in 0 ms]
[2016.04.01-18.30.31:394][584]LogBlueprint:Warning: [compiler FlyingPawn] Warning Input Axis Event references unknown Axis 'MoveUp' for  InputAxis MoveUp 
[2016.04.01-18.30.31:394][584]LogBlueprint:Warning: [compiler FlyingPawn] Warning Input Axis Event references unknown Axis 'Thrust' for  InputAxis Thrust 
[2016.04.01-18.30.31:397][584]LogBlueprint:Warning: [compiler FlyingPawn] Warning [0077.45] Compile of FlyingPawn successful, but with 2 Warning(s) [in 11 ms]
[2016.04.01-18.30.31:397][584]LogBlueprint:Warning: [compiler FlyingPawn] Warning [0077.45] Compile of FlyingPawn successful, but with 3 Warning(s) [in 0 ms]
[2016.04.01-18.30.31:397][584]LogBlueprint:Warning: [compiler FlyingPawn] Warning [0077.45] Compile of FlyingPawn successful, but with 4 Warning(s) [in 0 ms]
[2016.04.01-18.30.35:828][980]LogBlueprintUserMessages: Early PlayInEditor Detection: Level '/Game/FirstPersonBP/Maps/FirstPersonExampleMap.FirstPersonExampleMap:PersistentLevel' has LevelScriptBlueprint '/Game/FirstPersonBP/Maps/FirstPersonExampleMap.FirstPersonExampleMap:PersistentLevel.FirstPersonExampleMap' with GeneratedClass '/Game/FirstPersonBP/Maps/FirstPersonExampleMap.FirstPersonExampleMap_C' with ClassGeneratedBy '/Game/FirstPersonBP/Maps/FirstPersonExampleMap.FirstPersonExampleMap:PersistentLevel.FirstPersonExampleMap'
[2016.04.01-18.30.35:828][980]LogPlayLevel: PlayLevel: No blueprints needed recompiling
[2016.04.01-18.30.35:828][980]PIE: New page: PIE session: FirstPersonExampleMap (Apr 1, 2016, 9:30:35 AM)
[2016.04.01-18.30.35:829][980]LogPlayLevel: Creating play world package: /Game/FirstPersonBP/Maps/UEDPIE_0_FirstPersonExampleMap
[2016.04.01-18.30.35:847][980]LogPlayLevel: PIE: StaticDuplicateObject took: (0.018592s)
[2016.04.01-18.30.35:848][980]LogAIModule: Creating AISystem for world FirstPersonExampleMap
[2016.04.01-18.30.35:848][980]LogPlayLevel: PIE: World Init took: (0.000980s)
[2016.04.01-18.30.35:848][980]LogPlayLevel: PIE: Created PIE world by copying editor world from /Game/FirstPersonBP/Maps/FirstPersonExampleMap.FirstPersonExampleMap to /Game/FirstPersonBP/Maps/UEDPIE_0_FirstPersonExampleMap.FirstPersonExampleMap (0.019799s)
[2016.04.01-18.30.35:900][980]LogInit: XAudio2 using 'Speakers (High Definition Audio Device)' : 6 channels at 44.1 kHz using 16 bits per sample (channel mask 0x60f)
[2016.04.01-18.30.35:909][980]LogInit: FAudioDevice initialized.
[2016.04.01-18.30.35:941][980]LogWorld: Game class is 'FirstPersonGameMode_C'
[2016.04.01-18.30.35:946][980]LogWorld: Bringing World /Game/FirstPersonBP/Maps/UEDPIE_0_FirstPersonExampleMap.FirstPersonExampleMap up for play (max tick rate 0) at 2016.04.01-14.30.35
[2016.04.01-18.30.35:947][980]LogWorld: Bringing up level for play took: 0.004672
[2016.04.01-18.30.35:948][980]PIE: Info Play in editor start time for /Game/FirstPersonBP/Maps/UEDPIE_0_FirstPersonExampleMap -0.168
[2016.04.01-18.30.35:948][980]LogBlueprintUserMessages: Late PlayInEditor Detection: Level '/Game/FirstPersonBP/Maps/FirstPersonExampleMap.FirstPersonExampleMap:PersistentLevel' has LevelScriptBlueprint '/Game/FirstPersonBP/Maps/FirstPersonExampleMap.FirstPersonExampleMap:PersistentLevel.FirstPersonExampleMap' with GeneratedClass '/Game/FirstPersonBP/Maps/FirstPersonExampleMap.FirstPersonExampleMap_C' with ClassGeneratedBy '/Game/FirstPersonBP/Maps/FirstPersonExampleMap.FirstPersonExampleMap:PersistentLevel.FirstPersonExampleMap'
[2016.04.01-18.30.47:136][317]LogBlueprintUserMessages: Early EndPlayMap Detection: Level '/Game/FirstPersonBP/Maps/FirstPersonExampleMap.FirstPersonExampleMap:PersistentLevel' has LevelScriptBlueprint '/Game/FirstPersonBP/Maps/FirstPersonExampleMap.FirstPersonExampleMap:PersistentLevel.FirstPersonExampleMap' with GeneratedClass '/Game/FirstPersonBP/Maps/FirstPersonExampleMap.FirstPersonExampleMap_C' with ClassGeneratedBy '/Game/FirstPersonBP/Maps/FirstPersonExampleMap.FirstPersonExampleMap:PersistentLevel.FirstPersonExampleMap'
[2016.04.01-18.30.47:169][317]LogBlueprintUserMessages: Late EndPlayMap Detection: Level '/Game/FirstPersonBP/Maps/FirstPersonExampleMap.FirstPersonExampleMap:PersistentLevel' has LevelScriptBlueprint '/Game/FirstPersonBP/Maps/FirstPersonExampleMap.FirstPersonExampleMap:PersistentLevel.FirstPersonExampleMap' with GeneratedClass '/Game/FirstPersonBP/Maps/FirstPersonExampleMap.FirstPersonExampleMap_C' with ClassGeneratedBy '/Game/FirstPersonBP/Maps/FirstPersonExampleMap.FirstPersonExampleMap:PersistentLevel.FirstPersonExampleMap'
[2016.04.01-18.30.49:650][550]LogContentBrowser: Native class hierarchy updated for 'BlueprintGraph' in 0.0010 seconds. Added 108 classes and 0 folders.
[2016.04.01-18.31.04:498][410]BlueprintLog: New page: Compile FlyingPawn
[2016.04.01-18.31.04:533][410]LogBlueprint:Warning: [compiler FlyingPawn] Warning Input Axis Event references unknown Axis 'MoveUp' for  InputAxis MoveUp 
[2016.04.01-18.31.04:533][410]LogBlueprint:Warning: [compiler FlyingPawn] Warning Input Axis Event references unknown Axis 'Thrust' for  InputAxis Thrust 
[2016.04.01-18.31.04:628][410]LogBlueprint:Warning: [compiler FlyingPawn] Warning [0110.68] Compile of FlyingPawn successful, but with 2 Warning(s) [in 130 ms]
[2016.04.01-18.31.04:628][410]BlueprintEditorCompileResults:Warning: Warning Input Axis Event references unknown Axis 'MoveUp' for  InputAxis MoveUp 
[2016.04.01-18.31.04:628][410]BlueprintEditorCompileResults:Warning: Warning Input Axis Event references unknown Axis 'Thrust' for  InputAxis Thrust 
[2016.04.01-18.31.04:628][410]BlueprintEditorCompileResults:Warning: Warning [0110.68] Compile of FlyingPawn successful, but with 2 Warning(s) [in 130 ms]
[2016.04.01-18.31.05:444][466]Cmd: OBJ SAVEPACKAGE PACKAGE="/Game/FlyingBP/Blueprints/FlyingPawn" FILE="E:/Unreal Projects/SpaceFPS/Content/FlyingBP/Blueprints/FlyingPawn.uasset" SILENT=true
[2016.04.01-18.31.05:585][466]LogSavePackage: Save=135.90ms
[2016.04.01-18.31.05:585][466]LogSavePackage: Moving 'E:/Unreal Projects/SpaceFPS/Saved/FlyingPawn7993A2BE49753516FF66F28B5A938D24.tmp' to 'E:/Unreal Projects/SpaceFPS/Content/FlyingBP/Blueprints/FlyingPawn.uasset'
[2016.04.01-18.31.05:586][466]LogSavePackage: Total save time: 140.47ms
[2016.04.01-18.31.05:586][466]LogSavePackage:Display: Finished SavePackage E:/Unreal Projects/SpaceFPS/Content/FlyingBP/Blueprints/FlyingPawn.uasset
[2016.04.01-18.32.09:053][109]BlueprintLog: New page: Compile FlyingPawn
[2016.04.01-18.32.09:182][109]BlueprintEditorCompileResults: Info [0175.23] Compile of FlyingPawn successful! [in 129 ms]
[2016.04.01-18.32.10:511][238]Cmd: OBJ SAVEPACKAGE PACKAGE="/Game/FlyingBP/Blueprints/FlyingPawn" FILE="E:/Unreal Projects/SpaceFPS/Content/FlyingBP/Blueprints/FlyingPawn.uasset" SILENT=true
[2016.04.01-18.32.10:656][238]LogSavePackage: Save=143.97ms
[2016.04.01-18.32.10:656][238]LogSavePackage: Moving 'E:/Unreal Projects/SpaceFPS/Saved/FlyingPawn562BEEDD492815D589B5B9BBA5017F61.tmp' to 'E:/Unreal Projects/SpaceFPS/Content/FlyingBP/Blueprints/FlyingPawn.uasset'
[2016.04.01-18.32.10:656][238]LogSavePackage: Total save time: 144.94ms
[2016.04.01-18.32.10:656][238]LogSavePackage:Display: Finished SavePackage E:/Unreal Projects/SpaceFPS/Content/FlyingBP/Blueprints/FlyingPawn.uasset
[2016.04.01-18.32.18:553][816]LogSavePackage: Save=1260.95ms
[2016.04.01-18.32.18:553][816]LogSavePackage: Moving 'E:/Unreal Projects/SpaceFPS/Saved/FirstPersonExampleMap8350B93A4289CDA566A374A9410493B6.tmp' to 'E:/Unreal Projects/SpaceFPS/Content/FirstPersonBP/Maps/FirstPersonExampleMap.umap'
[2016.04.01-18.32.18:556][816]LogSavePackage: Total save time: 1279.62ms
[2016.04.01-18.32.18:556][816]LogSavePackage:Display: Finished SavePackage E:/Unreal Projects/SpaceFPS/Content/FirstPersonBP/Maps/FirstPersonExampleMap.umap
[2016.04.01-18.32.18:996][853]LogBlueprintUserMessages: Early PlayInEditor Detection: Level '/Game/FirstPersonBP/Maps/FirstPersonExampleMap.FirstPersonExampleMap:PersistentLevel' has LevelScriptBlueprint '/Game/FirstPersonBP/Maps/FirstPersonExampleMap.FirstPersonExampleMap:PersistentLevel.FirstPersonExampleMap' with GeneratedClass '/Game/FirstPersonBP/Maps/FirstPersonExampleMap.FirstPersonExampleMap_C' with ClassGeneratedBy '/Game/FirstPersonBP/Maps/FirstPersonExampleMap.FirstPersonExampleMap:PersistentLevel.FirstPersonExampleMap'
[2016.04.01-18.32.18:996][853]LogPlayLevel: PlayLevel: No blueprints needed recompiling
[2016.04.01-18.32.18:996][853]PIE: New page: PIE session: FirstPersonExampleMap (Apr 1, 2016, 9:32:18 AM)
[2016.04.01-18.32.18:996][853]LogPlayLevel: Creating play world package: /Game/FirstPersonBP/Maps/UEDPIE_0_FirstPersonExampleMap
[2016.04.01-18.32.19:016][853]LogPlayLevel: PIE: StaticDuplicateObject took: (0.019540s)
[2016.04.01-18.32.19:017][853]LogAIModule: Creating AISystem for world FirstPersonExampleMap
[2016.04.01-18.32.19:017][853]LogPlayLevel: PIE: World Init took: (0.000745s)
[2016.04.01-18.32.19:017][853]LogPlayLevel: PIE: Created PIE world by copying editor world from /Game/FirstPersonBP/Maps/FirstPersonExampleMap.FirstPersonExampleMap to /Game/FirstPersonBP/Maps/UEDPIE_0_FirstPersonExampleMap.FirstPersonExampleMap (0.020521s)
[2016.04.01-18.32.19:074][853]LogInit: XAudio2 using 'Speakers (High Definition Audio Device)' : 6 channels at 44.1 kHz using 16 bits per sample (channel mask 0x60f)
[2016.04.01-18.32.19:083][853]LogInit: FAudioDevice initialized.
[2016.04.01-18.32.19:112][853]LogWorld: Game class is 'FirstPersonGameMode_C'
[2016.04.01-18.32.19:117][853]LogWorld: Bringing World /Game/FirstPersonBP/Maps/UEDPIE_0_FirstPersonExampleMap.FirstPersonExampleMap up for play (max tick rate 0) at 2016.04.01-14.32.19
[2016.04.01-18.32.19:118][853]LogWorld: Bringing up level for play took: 0.004122
[2016.04.01-18.32.19:119][853]PIE: Info Play in editor start time for /Game/FirstPersonBP/Maps/UEDPIE_0_FirstPersonExampleMap 1.003
[2016.04.01-18.32.19:119][853]LogBlueprintUserMessages: Late PlayInEditor Detection: Level '/Game/FirstPersonBP/Maps/FirstPersonExampleMap.FirstPersonExampleMap:PersistentLevel' has LevelScriptBlueprint '/Game/FirstPersonBP/Maps/FirstPersonExampleMap.FirstPersonExampleMap:PersistentLevel.FirstPersonExampleMap' with GeneratedClass '/Game/FirstPersonBP/Maps/FirstPersonExampleMap.FirstPersonExampleMap_C' with ClassGeneratedBy '/Game/FirstPersonBP/Maps/FirstPersonExampleMap.FirstPersonExampleMap:PersistentLevel.FirstPersonExampleMap'
[2016.04.01-18.32.31:588][342]LogBlueprintUserMessages: Early EndPlayMap Detection: Level '/Game/FirstPersonBP/Maps/FirstPersonExampleMap.FirstPersonExampleMap:PersistentLevel' has LevelScriptBlueprint '/Game/FirstPersonBP/Maps/FirstPersonExampleMap.FirstPersonExampleMap:PersistentLevel.FirstPersonExampleMap' with GeneratedClass '/Game/FirstPersonBP/Maps/FirstPersonExampleMap.FirstPersonExampleMap_C' with ClassGeneratedBy '/Game/FirstPersonBP/Maps/FirstPersonExampleMap.FirstPersonExampleMap:PersistentLevel.FirstPersonExampleMap'
[2016.04.01-18.32.31:629][342]LogBlueprintUserMessages: Late EndPlayMap Detection: Level '/Game/FirstPersonBP/Maps/FirstPersonExampleMap.FirstPersonExampleMap:PersistentLevel' has LevelScriptBlueprint '/Game/FirstPersonBP/Maps/FirstPersonExampleMap.FirstPersonExampleMap:PersistentLevel.FirstPersonExampleMap' with GeneratedClass '/Game/FirstPersonBP/Maps/FirstPersonExampleMap.FirstPersonExampleMap_C' with ClassGeneratedBy '/Game/FirstPersonBP/Maps/FirstPersonExampleMap.FirstPersonExampleMap:PersistentLevel.FirstPersonExampleMap'
[2016.04.01-18.32.56:802][648]BlueprintLog: New page: Compile FlyingPawn
[2016.04.01-18.32.56:935][648]BlueprintEditorCompileResults: Info [0222.99] Compile of FlyingPawn successful! [in 132 ms]
[2016.04.01-18.32.57:453][687]Cmd: OBJ SAVEPACKAGE PACKAGE="/Game/FlyingBP/Blueprints/FlyingPawn" FILE="E:/Unreal Projects/SpaceFPS/Content/FlyingBP/Blueprints/FlyingPawn.uasset" SILENT=true
[2016.04.01-18.32.57:600][687]LogSavePackage: Save=145.32ms
[2016.04.01-18.32.57:600][687]LogSavePackage: Moving 'E:/Unreal Projects/SpaceFPS/Saved/FlyingPawn04F0288D4010F2062959E995F5F79F32.tmp' to 'E:/Unreal Projects/SpaceFPS/Content/FlyingBP/Blueprints/FlyingPawn.uasset'
[2016.04.01-18.32.57:601][687]LogSavePackage: Total save time: 146.99ms
[2016.04.01-18.32.57:601][687]LogSavePackage:Display: Finished SavePackage E:/Unreal Projects/SpaceFPS/Content/FlyingBP/Blueprints/FlyingPawn.uasset
[2016.04.01-18.32.58:091][735]LogBlueprintUserMessages: Early PlayInEditor Detection: Level '/Game/FirstPersonBP/Maps/FirstPersonExampleMap.FirstPersonExampleMap:PersistentLevel' has LevelScriptBlueprint '/Game/FirstPersonBP/Maps/FirstPersonExampleMap.FirstPersonExampleMap:PersistentLevel.FirstPersonExampleMap' with GeneratedClass '/Game/FirstPersonBP/Maps/FirstPersonExampleMap.FirstPersonExampleMap_C' with ClassGeneratedBy '/Game/FirstPersonBP/Maps/FirstPersonExampleMap.FirstPersonExampleMap:PersistentLevel.FirstPersonExampleMap'
[2016.04.01-18.32.58:092][735]LogPlayLevel: PlayLevel: No blueprints needed recompiling
[2016.04.01-18.32.58:092][735]PIE: New page: PIE session: FirstPersonExampleMap (Apr 1, 2016, 9:32:58 AM)
[2016.04.01-18.32.58:092][735]LogPlayLevel: Creating play world package: /Game/FirstPersonBP/Maps/UEDPIE_0_FirstPersonExampleMap
[2016.04.01-18.32.58:111][735]LogPlayLevel: PIE: StaticDuplicateObject took: (0.018618s)
[2016.04.01-18.32.58:112][735]LogAIModule: Creating AISystem for world FirstPersonExampleMap
[2016.04.01-18.32.58:112][735]LogPlayLevel: PIE: World Init took: (0.001306s)
[2016.04.01-18.32.58:112][735]LogPlayLevel: PIE: Created PIE world by copying editor world from /Game/FirstPersonBP/Maps/FirstPersonExampleMap.FirstPersonExampleMap to /Game/FirstPersonBP/Maps/UEDPIE_0_FirstPersonExampleMap.FirstPersonExampleMap (0.020150s)
[2016.04.01-18.32.58:173][735]LogInit: XAudio2 using 'Speakers (High Definition Audio Device)' : 6 channels at 44.1 kHz using 16 bits per sample (channel mask 0x60f)
[2016.04.01-18.32.58:185][735]LogInit: FAudioDevice initialized.
[2016.04.01-18.32.58:258][735]LogWorld: Game class is 'FirstPersonGameMode_C'
[2016.04.01-18.32.58:264][735]LogWorld: Bringing World /Game/FirstPersonBP/Maps/UEDPIE_0_FirstPersonExampleMap.FirstPersonExampleMap up for play (max tick rate 0) at 2016.04.01-14.32.58
[2016.04.01-18.32.58:264][735]LogWorld: Bringing up level for play took: 0.004767
[2016.04.01-18.32.58:273][735]PIE: Info Play in editor start time for /Game/FirstPersonBP/Maps/UEDPIE_0_FirstPersonExampleMap 0.157
[2016.04.01-18.32.58:273][735]LogBlueprintUserMessages: Late PlayInEditor Detection: Level '/Game/FirstPersonBP/Maps/FirstPersonExampleMap.FirstPersonExampleMap:PersistentLevel' has LevelScriptBlueprint '/Game/FirstPersonBP/Maps/FirstPersonExampleMap.FirstPersonExampleMap:PersistentLevel.FirstPersonExampleMap' with GeneratedClass '/Game/FirstPersonBP/Maps/FirstPersonExampleMap.FirstPersonExampleMap_C' with ClassGeneratedBy '/Game/FirstPersonBP/Maps/FirstPersonExampleMap.FirstPersonExampleMap:PersistentLevel.FirstPersonExampleMap'
[2016.04.01-18.32.58:298][737]LogRenderer: Reallocating scene render targets to support 1116x672 (Frame:13091).
[2016.04.01-18.33.01:997][110]LogBlueprintUserMessages: Early EndPlayMap Detection: Level '/Game/FirstPersonBP/Maps/FirstPersonExampleMap.FirstPersonExampleMap:PersistentLevel' has LevelScriptBlueprint '/Game/FirstPersonBP/Maps/FirstPersonExampleMap.FirstPersonExampleMap:PersistentLevel.FirstPersonExampleMap' with GeneratedClass '/Game/FirstPersonBP/Maps/FirstPersonExampleMap.FirstPersonExampleMap_C' with ClassGeneratedBy '/Game/FirstPersonBP/Maps/FirstPersonExampleMap.FirstPersonExampleMap:PersistentLevel.FirstPersonExampleMap'
[2016.04.01-18.33.02:062][110]LogBlueprintUserMessages: Late EndPlayMap Detection: Level '/Game/FirstPersonBP/Maps/FirstPersonExampleMap.FirstPersonExampleMap:PersistentLevel' has LevelScriptBlueprint '/Game/FirstPersonBP/Maps/FirstPersonExampleMap.FirstPersonExampleMap:PersistentLevel.FirstPersonExampleMap' with GeneratedClass '/Game/FirstPersonBP/Maps/FirstPersonExampleMap.FirstPersonExampleMap_C' with ClassGeneratedBy '/Game/FirstPersonBP/Maps/FirstPersonExampleMap.FirstPersonExampleMap:PersistentLevel.FirstPersonExampleMap'
[2016.04.01-18.33.46:643][914]BlueprintLog: New page: Compile FlyingPawn
[2016.04.01-18.33.46:779][914]BlueprintEditorCompileResults: Info [0272.83] Compile of FlyingPawn successful! [in 135 ms]
[2016.04.01-18.33.47:245][959]Cmd: OBJ SAVEPACKAGE PACKAGE="/Game/FlyingBP/Blueprints/FlyingPawn" FILE="E:/Unreal Projects/SpaceFPS/Content/FlyingBP/Blueprints/FlyingPawn.uasset" SILENT=true
[2016.04.01-18.33.47:387][959]LogSavePackage: Save=140.28ms
[2016.04.01-18.33.47:387][959]LogSavePackage: Moving 'E:/Unreal Projects/SpaceFPS/Saved/FlyingPawn17518E7B435BCB4C0F4B6C9665F0F347.tmp' to 'E:/Unreal Projects/SpaceFPS/Content/FlyingBP/Blueprints/FlyingPawn.uasset'
[2016.04.01-18.33.47:388][959]LogSavePackage: Total save time: 141.80ms
[2016.04.01-18.33.47:388][959]LogSavePackage:Display: Finished SavePackage E:/Unreal Projects/SpaceFPS/Content/FlyingBP/Blueprints/FlyingPawn.uasset
[2016.04.01-18.33.47:905][ 15]LogBlueprintUserMessages: Early PlayInEditor Detection: Level '/Game/FirstPersonBP/Maps/FirstPersonExampleMap.FirstPersonExampleMap:PersistentLevel' has LevelScriptBlueprint '/Game/FirstPersonBP/Maps/FirstPersonExampleMap.FirstPersonExampleMap:PersistentLevel.FirstPersonExampleMap' with GeneratedClass '/Game/FirstPersonBP/Maps/FirstPersonExampleMap.FirstPersonExampleMap_C' with ClassGeneratedBy '/Game/FirstPersonBP/Maps/FirstPersonExampleMap.FirstPersonExampleMap:PersistentLevel.FirstPersonExampleMap'
[2016.04.01-18.33.47:905][ 15]LogPlayLevel: PlayLevel: No blueprints needed recompiling
[2016.04.01-18.33.47:906][ 15]PIE: New page: PIE session: FirstPersonExampleMap (Apr 1, 2016, 9:33:47 AM)
[2016.04.01-18.33.47:906][ 15]LogPlayLevel: Creating play world package: /Game/FirstPersonBP/Maps/UEDPIE_0_FirstPersonExampleMap
[2016.04.01-18.33.47:925][ 15]LogPlayLevel: PIE: StaticDuplicateObject took: (0.019210s)
[2016.04.01-18.33.47:926][ 15]LogAIModule: Creating AISystem for world FirstPersonExampleMap
[2016.04.01-18.33.47:926][ 15]LogPlayLevel: PIE: World Init took: (0.000973s)
[2016.04.01-18.33.47:926][ 15]LogPlayLevel: PIE: Created PIE world by copying editor world from /Game/FirstPersonBP/Maps/FirstPersonExampleMap.FirstPersonExampleMap to /Game/FirstPersonBP/Maps/UEDPIE_0_FirstPersonExampleMap.FirstPersonExampleMap (0.020524s)
[2016.04.01-18.33.47:988][ 15]LogInit: XAudio2 using 'Speakers (High Definition Audio Device)' : 6 channels at 44.1 kHz using 16 bits per sample (channel mask 0x60f)
[2016.04.01-18.33.48:000][ 15]LogInit: FAudioDevice initialized.
[2016.04.01-18.33.48:070][ 15]LogWorld: Game class is 'FirstPersonGameMode_C'
[2016.04.01-18.33.48:076][ 15]LogWorld: Bringing World /Game/FirstPersonBP/Maps/UEDPIE_0_FirstPersonExampleMap.FirstPersonExampleMap up for play (max tick rate 0) at 2016.04.01-14.33.48
[2016.04.01-18.33.48:077][ 15]LogWorld: Bringing up level for play took: 0.004709
[2016.04.01-18.33.48:086][ 15]PIE: Info Play in editor start time for /Game/FirstPersonBP/Maps/UEDPIE_0_FirstPersonExampleMap -0.03
[2016.04.01-18.33.48:086][ 15]LogBlueprintUserMessages: Late PlayInEditor Detection: Level '/Game/FirstPersonBP/Maps/FirstPersonExampleMap.FirstPersonExampleMap:PersistentLevel' has LevelScriptBlueprint '/Game/FirstPersonBP/Maps/FirstPersonExampleMap.FirstPersonExampleMap:PersistentLevel.FirstPersonExampleMap' with GeneratedClass '/Game/FirstPersonBP/Maps/FirstPersonExampleMap.FirstPersonExampleMap_C' with ClassGeneratedBy '/Game/FirstPersonBP/Maps/FirstPersonExampleMap.FirstPersonExampleMap:PersistentLevel.FirstPersonExampleMap'
[2016.04.01-18.34.09:088][368]LogBlueprintUserMessages: Early EndPlayMap Detection: Level '/Game/FirstPersonBP/Maps/FirstPersonExampleMap.FirstPersonExampleMap:PersistentLevel' has LevelScriptBlueprint '/Game/FirstPersonBP/Maps/FirstPersonExampleMap.FirstPersonExampleMap:PersistentLevel.FirstPersonExampleMap' with GeneratedClass '/Game/FirstPersonBP/Maps/FirstPersonExampleMap.FirstPersonExampleMap_C' with ClassGeneratedBy '/Game/FirstPersonBP/Maps/FirstPersonExampleMap.FirstPersonExampleMap:PersistentLevel.FirstPersonExampleMap'
[2016.04.01-18.34.09:147][368]LogBlueprintUserMessages: Late EndPlayMap Detection: Level '/Game/FirstPersonBP/Maps/FirstPersonExampleMap.FirstPersonExampleMap:PersistentLevel' has LevelScriptBlueprint '/Game/FirstPersonBP/Maps/FirstPersonExampleMap.FirstPersonExampleMap:PersistentLevel.FirstPersonExampleMap' with GeneratedClass '/Game/FirstPersonBP/Maps/FirstPersonExampleMap.FirstPersonExampleMap_C' with ClassGeneratedBy '/Game/FirstPersonBP/Maps/FirstPersonExampleMap.FirstPersonExampleMap:PersistentLevel.FirstPersonExampleMap'
[2016.04.01-18.34.40:958][849]BlueprintLog: New page: Compile FlyingPawn
[2016.04.01-18.34.41:083][849]BlueprintEditorCompileResults: Info [0327.13] Compile of FlyingPawn successful! [in 123 ms]
[2016.04.01-18.34.41:485][884]Cmd: OBJ SAVEPACKAGE PACKAGE="/Game/FlyingBP/Blueprints/FlyingPawn" FILE="E:/Unreal Projects/SpaceFPS/Content/FlyingBP/Blueprints/FlyingPawn.uasset" SILENT=true
[2016.04.01-18.34.41:638][884]LogSavePackage: Save=151.92ms
[2016.04.01-18.34.41:638][884]LogSavePackage: Moving 'E:/Unreal Projects/SpaceFPS/Saved/FlyingPawn4E3DF4F94C85331EFCA59996C59BAEFE.tmp' to 'E:/Unreal Projects/SpaceFPS/Content/FlyingBP/Blueprints/FlyingPawn.uasset'
[2016.04.01-18.34.41:639][884]LogSavePackage: Total save time: 153.52ms
[2016.04.01-18.34.41:639][884]LogSavePackage:Display: Finished SavePackage E:/Unreal Projects/SpaceFPS/Content/FlyingBP/Blueprints/FlyingPawn.uasset
[2016.04.01-18.35.20:161][136]BlueprintLog: New page: Compile FlyingPawn
[2016.04.01-18.35.20:284][136]BlueprintEditorCompileResults: Info [0366.34] Compile of FlyingPawn successful! [in 122 ms]
[2016.04.01-18.35.21:079][215]Cmd: OBJ SAVEPACKAGE PACKAGE="/Game/FlyingBP/Blueprints/FlyingPawn" FILE="E:/Unreal Projects/SpaceFPS/Content/FlyingBP/Blueprints/FlyingPawn.uasset" SILENT=true
[2016.04.01-18.35.21:224][215]LogSavePackage: Save=143.30ms
[2016.04.01-18.35.21:224][215]LogSavePackage: Moving 'E:/Unreal Projects/SpaceFPS/Saved/FlyingPawn9FC0140A4A1AE2BC71E49D918188728D.tmp' to 'E:/Unreal Projects/SpaceFPS/Content/FlyingBP/Blueprints/FlyingPawn.uasset'
[2016.04.01-18.35.21:225][215]LogSavePackage: Total save time: 144.74ms
[2016.04.01-18.35.21:225][215]LogSavePackage:Display: Finished SavePackage E:/Unreal Projects/SpaceFPS/Content/FlyingBP/Blueprints/FlyingPawn.uasset
[2016.04.01-18.35.24:193][392]LogSavePackage: Save=1258.17ms
[2016.04.01-18.35.24:193][392]LogSavePackage: Moving 'E:/Unreal Projects/SpaceFPS/Saved/FirstPersonExampleMap9EBC93894C89C4B76EAE74AB9EBC5101.tmp' to 'E:/Unreal Projects/SpaceFPS/Content/FirstPersonBP/Maps/FirstPersonExampleMap.umap'
[2016.04.01-18.35.24:196][392]LogSavePackage: Total save time: 1261.27ms
[2016.04.01-18.35.24:196][392]LogSavePackage:Display: Finished SavePackage E:/Unreal Projects/SpaceFPS/Content/FirstPersonBP/Maps/FirstPersonExampleMap.umap
[2016.04.01-18.35.24:573][428]LogBlueprintUserMessages: Early PlayInEditor Detection: Level '/Game/FirstPersonBP/Maps/FirstPersonExampleMap.FirstPersonExampleMap:PersistentLevel' has LevelScriptBlueprint '/Game/FirstPersonBP/Maps/FirstPersonExampleMap.FirstPersonExampleMap:PersistentLevel.FirstPersonExampleMap' with GeneratedClass '/Game/FirstPersonBP/Maps/FirstPersonExampleMap.FirstPersonExampleMap_C' with ClassGeneratedBy '/Game/FirstPersonBP/Maps/FirstPersonExampleMap.FirstPersonExampleMap:PersistentLevel.FirstPersonExampleMap'
[2016.04.01-18.35.24:573][428]LogPlayLevel: PlayLevel: No blueprints needed recompiling
[2016.04.01-18.35.24:574][428]PIE: New page: PIE session: FirstPersonExampleMap (Apr 1, 2016, 9:35:24 AM)
[2016.04.01-18.35.24:574][428]LogPlayLevel: Creating play world package: /Game/FirstPersonBP/Maps/UEDPIE_0_FirstPersonExampleMap
[2016.04.01-18.35.24:592][428]LogPlayLevel: PIE: StaticDuplicateObject took: (0.018633s)
[2016.04.01-18.35.24:593][428]LogAIModule: Creating AISystem for world FirstPersonExampleMap
[2016.04.01-18.35.24:593][428]LogPlayLevel: PIE: World Init took: (0.001059s)
[2016.04.01-18.35.24:594][428]LogPlayLevel: PIE: Created PIE world by copying editor world from /Game/FirstPersonBP/Maps/FirstPersonExampleMap.FirstPersonExampleMap to /Game/FirstPersonBP/Maps/UEDPIE_0_FirstPersonExampleMap.FirstPersonExampleMap (0.020019s)
[2016.04.01-18.35.24:657][428]LogInit: XAudio2 using 'Speakers (High Definition Audio Device)' : 6 channels at 44.1 kHz using 16 bits per sample (channel mask 0x60f)
[2016.04.01-18.35.24:667][428]LogInit: FAudioDevice initialized.
[2016.04.01-18.35.24:702][428]LogWorld: Game class is 'FirstPersonGameMode_C'
[2016.04.01-18.35.24:707][428]LogWorld: Bringing World /Game/FirstPersonBP/Maps/UEDPIE_0_FirstPersonExampleMap.FirstPersonExampleMap up for play (max tick rate 0) at 2016.04.01-14.35.24
[2016.04.01-18.35.24:707][428]LogWorld: Bringing up level for play took: 0.004327
[2016.04.01-18.35.24:708][428]PIE: Info Play in editor start time for /Game/FirstPersonBP/Maps/UEDPIE_0_FirstPersonExampleMap 0.593
[2016.04.01-18.35.24:709][428]LogBlueprintUserMessages: Late PlayInEditor Detection: Level '/Game/FirstPersonBP/Maps/FirstPersonExampleMap.FirstPersonExampleMap:PersistentLevel' has LevelScriptBlueprint '/Game/FirstPersonBP/Maps/FirstPersonExampleMap.FirstPersonExampleMap:PersistentLevel.FirstPersonExampleMap' with GeneratedClass '/Game/FirstPersonBP/Maps/FirstPersonExampleMap.FirstPersonExampleMap_C' with ClassGeneratedBy '/Game/FirstPersonBP/Maps/FirstPersonExampleMap.FirstPersonExampleMap:PersistentLevel.FirstPersonExampleMap'
[2016.04.01-18.35.29:931][ 48]LogBlueprintUserMessages: Early EndPlayMap Detection: Level '/Game/FirstPersonBP/Maps/FirstPersonExampleMap.FirstPersonExampleMap:PersistentLevel' has LevelScriptBlueprint '/Game/FirstPersonBP/Maps/FirstPersonExampleMap.FirstPersonExampleMap:PersistentLevel.FirstPersonExampleMap' with GeneratedClass '/Game/FirstPersonBP/Maps/FirstPersonExampleMap.FirstPersonExampleMap_C' with ClassGeneratedBy '/Game/FirstPersonBP/Maps/FirstPersonExampleMap.FirstPersonExampleMap:PersistentLevel.FirstPersonExampleMap'
[2016.04.01-18.35.29:982][ 48]LogBlueprintUserMessages: Late EndPlayMap Detection: Level '/Game/FirstPersonBP/Maps/FirstPersonExampleMap.FirstPersonExampleMap:PersistentLevel' has LevelScriptBlueprint '/Game/FirstPersonBP/Maps/FirstPersonExampleMap.FirstPersonExampleMap:PersistentLevel.FirstPersonExampleMap' with GeneratedClass '/Game/FirstPersonBP/Maps/FirstPersonExampleMap.FirstPersonExampleMap_C' with ClassGeneratedBy '/Game/FirstPersonBP/Maps/FirstPersonExampleMap.FirstPersonExampleMap:PersistentLevel.FirstPersonExampleMap'
[2016.04.01-18.35.41:641][312]BlueprintLog: New page: Compile FlyingPawn
[2016.04.01-18.35.41:762][312]BlueprintEditorCompileResults: Info [0387.81] Compile of FlyingPawn successful! [in 121 ms]
[2016.04.01-18.35.42:173][350]Cmd: OBJ SAVEPACKAGE PACKAGE="/Game/FlyingBP/Blueprints/FlyingPawn" FILE="E:/Unreal Projects/SpaceFPS/Content/FlyingBP/Blueprints/FlyingPawn.uasset" SILENT=true
[2016.04.01-18.35.42:316][350]LogSavePackage: Save=141.94ms
[2016.04.01-18.35.42:316][350]LogSavePackage: Moving 'E:/Unreal Projects/SpaceFPS/Saved/FlyingPawn3DE6AD674895F473594E83B2E4C7D974.tmp' to 'E:/Unreal Projects/SpaceFPS/Content/FlyingBP/Blueprints/FlyingPawn.uasset'
[2016.04.01-18.35.42:320][350]LogSavePackage: Total save time: 146.47ms
[2016.04.01-18.35.42:320][350]LogSavePackage:Display: Finished SavePackage E:/Unreal Projects/SpaceFPS/Content/FlyingBP/Blueprints/FlyingPawn.uasset
[2016.04.01-18.35.44:715][465]LogSavePackage: Save=1239.59ms
[2016.04.01-18.35.44:715][465]LogSavePackage: Moving 'E:/Unreal Projects/SpaceFPS/Saved/FirstPersonExampleMapBC19C0CD4A97254B209C65A3FFA7A735.tmp' to 'E:/Unreal Projects/SpaceFPS/Content/FirstPersonBP/Maps/FirstPersonExampleMap.umap'
[2016.04.01-18.35.44:717][465]LogSavePackage: Total save time: 1242.68ms
[2016.04.01-18.35.44:717][465]LogSavePackage:Display: Finished SavePackage E:/Unreal Projects/SpaceFPS/Content/FirstPersonBP/Maps/FirstPersonExampleMap.umap
[2016.04.01-18.35.45:116][506]LogBlueprintUserMessages: Early PlayInEditor Detection: Level '/Game/FirstPersonBP/Maps/FirstPersonExampleMap.FirstPersonExampleMap:PersistentLevel' has LevelScriptBlueprint '/Game/FirstPersonBP/Maps/FirstPersonExampleMap.FirstPersonExampleMap:PersistentLevel.FirstPersonExampleMap' with GeneratedClass '/Game/FirstPersonBP/Maps/FirstPersonExampleMap.FirstPersonExampleMap_C' with ClassGeneratedBy '/Game/FirstPersonBP/Maps/FirstPersonExampleMap.FirstPersonExampleMap:PersistentLevel.FirstPersonExampleMap'
[2016.04.01-18.35.45:117][506]LogPlayLevel: PlayLevel: No blueprints needed recompiling
[2016.04.01-18.35.45:117][506]PIE: New page: PIE session: FirstPersonExampleMap (Apr 1, 2016, 9:35:45 AM)
[2016.04.01-18.35.45:117][506]LogPlayLevel: Creating play world package: /Game/FirstPersonBP/Maps/UEDPIE_0_FirstPersonExampleMap
[2016.04.01-18.35.45:136][506]LogPlayLevel: PIE: StaticDuplicateObject took: (0.018988s)
[2016.04.01-18.35.45:136][506]LogAIModule: Creating AISystem for world FirstPersonExampleMap
[2016.04.01-18.35.45:137][506]LogPlayLevel: PIE: World Init took: (0.000798s)
[2016.04.01-18.35.45:137][506]LogPlayLevel: PIE: Created PIE world by copying editor world from /Game/FirstPersonBP/Maps/FirstPersonExampleMap.FirstPersonExampleMap to /Game/FirstPersonBP/Maps/UEDPIE_0_FirstPersonExampleMap.FirstPersonExampleMap (0.020038s)
[2016.04.01-18.35.45:195][506]LogInit: XAudio2 using 'Speakers (High Definition Audio Device)' : 6 channels at 44.1 kHz using 16 bits per sample (channel mask 0x60f)
[2016.04.01-18.35.45:204][506]LogInit: FAudioDevice initialized.
[2016.04.01-18.35.45:234][506]LogWorld: Game class is 'FirstPersonGameMode_C'
[2016.04.01-18.35.45:238][506]LogWorld: Bringing World /Game/FirstPersonBP/Maps/UEDPIE_0_FirstPersonExampleMap.FirstPersonExampleMap up for play (max tick rate 0) at 2016.04.01-14.35.45
[2016.04.01-18.35.45:238][506]LogWorld: Bringing up level for play took: 0.003894
[2016.04.01-18.35.45:239][506]PIE: Info Play in editor start time for /Game/FirstPersonBP/Maps/UEDPIE_0_FirstPersonExampleMap -0.876
[2016.04.01-18.35.45:240][506]LogBlueprintUserMessages: Late PlayInEditor Detection: Level '/Game/FirstPersonBP/Maps/FirstPersonExampleMap.FirstPersonExampleMap:PersistentLevel' has LevelScriptBlueprint '/Game/FirstPersonBP/Maps/FirstPersonExampleMap.FirstPersonExampleMap:PersistentLevel.FirstPersonExampleMap' with GeneratedClass '/Game/FirstPersonBP/Maps/FirstPersonExampleMap.FirstPersonExampleMap_C' with ClassGeneratedBy '/Game/FirstPersonBP/Maps/FirstPersonExampleMap.FirstPersonExampleMap:PersistentLevel.FirstPersonExampleMap'
[2016.04.01-18.35.48:151][851]LogBlueprintUserMessages: Early EndPlayMap Detection: Level '/Game/FirstPersonBP/Maps/FirstPersonExampleMap.FirstPersonExampleMap:PersistentLevel' has LevelScriptBlueprint '/Game/FirstPersonBP/Maps/FirstPersonExampleMap.FirstPersonExampleMap:PersistentLevel.FirstPersonExampleMap' with GeneratedClass '/Game/FirstPersonBP/Maps/FirstPersonExampleMap.FirstPersonExampleMap_C' with ClassGeneratedBy '/Game/FirstPersonBP/Maps/FirstPersonExampleMap.FirstPersonExampleMap:PersistentLevel.FirstPersonExampleMap'
[2016.04.01-18.35.48:188][851]LogBlueprintUserMessages: Late EndPlayMap Detection: Level '/Game/FirstPersonBP/Maps/FirstPersonExampleMap.FirstPersonExampleMap:PersistentLevel' has LevelScriptBlueprint '/Game/FirstPersonBP/Maps/FirstPersonExampleMap.FirstPersonExampleMap:PersistentLevel.FirstPersonExampleMap' with GeneratedClass '/Game/FirstPersonBP/Maps/FirstPersonExampleMap.FirstPersonExampleMap_C' with ClassGeneratedBy '/Game/FirstPersonBP/Maps/FirstPersonExampleMap.FirstPersonExampleMap:PersistentLevel.FirstPersonExampleMap'
[2016.04.01-18.35.50:753][105]LogEditorViewport: Clicking on Actor (LMB): FirstPersonCharacter_C (FirstPersonCharacter)
[2016.04.01-18.36.05:117][589]LogEditorViewport: Clicking on Actor (LMB): FlyingPawn_C (FlyingPawn)
[2016.04.01-18.36.10:159][872]LogSavePackage: Save=1265.43ms
[2016.04.01-18.36.10:159][872]LogSavePackage: Moving 'E:/Unreal Projects/SpaceFPS/Saved/FirstPersonExampleMapFCAC49C6431B9ABF5E6B71BBACB34EEE.tmp' to 'E:/Unreal Projects/SpaceFPS/Content/FirstPersonBP/Maps/FirstPersonExampleMap.umap'
[2016.04.01-18.36.10:162][872]LogSavePackage: Total save time: 1268.33ms
[2016.04.01-18.36.10:162][872]LogSavePackage:Display: Finished SavePackage E:/Unreal Projects/SpaceFPS/Content/FirstPersonBP/Maps/FirstPersonExampleMap.umap
[2016.04.01-18.36.10:722][923]LogBlueprintUserMessages: Early PlayInEditor Detection: Level '/Game/FirstPersonBP/Maps/FirstPersonExampleMap.FirstPersonExampleMap:PersistentLevel' has LevelScriptBlueprint '/Game/FirstPersonBP/Maps/FirstPersonExampleMap.FirstPersonExampleMap:PersistentLevel.FirstPersonExampleMap' with GeneratedClass '/Game/FirstPersonBP/Maps/FirstPersonExampleMap.FirstPersonExampleMap_C' with ClassGeneratedBy '/Game/FirstPersonBP/Maps/FirstPersonExampleMap.FirstPersonExampleMap:PersistentLevel.FirstPersonExampleMap'
[2016.04.01-18.36.10:722][923]LogPlayLevel: PlayLevel: No blueprints needed recompiling
[2016.04.01-18.36.10:722][923]PIE: New page: PIE session: FirstPersonExampleMap (Apr 1, 2016, 9:36:10 AM)
[2016.04.01-18.36.10:722][923]LogPlayLevel: Creating play world package: /Game/FirstPersonBP/Maps/UEDPIE_0_FirstPersonExampleMap
[2016.04.01-18.36.10:741][923]LogPlayLevel: PIE: StaticDuplicateObject took: (0.018634s)
[2016.04.01-18.36.10:742][923]LogAIModule: Creating AISystem for world FirstPersonExampleMap
[2016.04.01-18.36.10:742][923]LogPlayLevel: PIE: World Init took: (0.000784s)
[2016.04.01-18.36.10:742][923]LogPlayLevel: PIE: Created PIE world by copying editor world from /Game/FirstPersonBP/Maps/FirstPersonExampleMap.FirstPersonExampleMap to /Game/FirstPersonBP/Maps/UEDPIE_0_FirstPersonExampleMap.FirstPersonExampleMap (0.019719s)
[2016.04.01-18.36.10:804][923]LogInit: XAudio2 using 'Speakers (High Definition Audio Device)' : 6 channels at 44.1 kHz using 16 bits per sample (channel mask 0x60f)
[2016.04.01-18.36.10:816][923]LogInit: FAudioDevice initialized.
[2016.04.01-18.36.10:850][923]LogWorld: Game class is 'FirstPersonGameMode_C'
[2016.04.01-18.36.10:854][923]LogWorld: Bringing World /Game/FirstPersonBP/Maps/UEDPIE_0_FirstPersonExampleMap.FirstPersonExampleMap up for play (max tick rate 0) at 2016.04.01-14.36.10
[2016.04.01-18.36.10:855][923]LogWorld: Bringing up level for play took: 0.004311
[2016.04.01-18.36.10:856][923]PIE: Info Play in editor start time for /Game/FirstPersonBP/Maps/UEDPIE_0_FirstPersonExampleMap 0.741
[2016.04.01-18.36.10:857][923]LogBlueprintUserMessages: Late PlayInEditor Detection: Level '/Game/FirstPersonBP/Maps/FirstPersonExampleMap.FirstPersonExampleMap:PersistentLevel' has LevelScriptBlueprint '/Game/FirstPersonBP/Maps/FirstPersonExampleMap.FirstPersonExampleMap:PersistentLevel.FirstPersonExampleMap' with GeneratedClass '/Game/FirstPersonBP/Maps/FirstPersonExampleMap.FirstPersonExampleMap_C' with ClassGeneratedBy '/Game/FirstPersonBP/Maps/FirstPersonExampleMap.FirstPersonExampleMap:PersistentLevel.FirstPersonExampleMap'
[2016.04.01-18.36.25:265][474]LogBlueprintUserMessages: Early EndPlayMap Detection: Level '/Game/FirstPersonBP/Maps/FirstPersonExampleMap.FirstPersonExampleMap:PersistentLevel' has LevelScriptBlueprint '/Game/FirstPersonBP/Maps/FirstPersonExampleMap.FirstPersonExampleMap:PersistentLevel.FirstPersonExampleMap' with GeneratedClass '/Game/FirstPersonBP/Maps/FirstPersonExampleMap.FirstPersonExampleMap_C' with ClassGeneratedBy '/Game/FirstPersonBP/Maps/FirstPersonExampleMap.FirstPersonExampleMap:PersistentLevel.FirstPersonExampleMap'
[2016.04.01-18.36.25:308][474]LogBlueprintUserMessages: Late EndPlayMap Detection: Level '/Game/FirstPersonBP/Maps/FirstPersonExampleMap.FirstPersonExampleMap:PersistentLevel' has LevelScriptBlueprint '/Game/FirstPersonBP/Maps/FirstPersonExampleMap.FirstPersonExampleMap:PersistentLevel.FirstPersonExampleMap' with GeneratedClass '/Game/FirstPersonBP/Maps/FirstPersonExampleMap.FirstPersonExampleMap_C' with ClassGeneratedBy '/Game/FirstPersonBP/Maps/FirstPersonExampleMap.FirstPersonExampleMap:PersistentLevel.FirstPersonExampleMap'
[2016.04.01-18.37.09:963][834]LogMetaData: Removing '/Game/Blueprints/FlyingPawn.FlyingPawn_C' ref from Metadata '/Game/FlyingBP/Blueprints/FlyingPawn.PackageMetaData'
[2016.04.01-18.37.09:963][834]LogMetaData: Removing '/Game/Blueprints/FlyingPawn.FlyingPawn_C:InpAxisEvt_LookUp_K2Node_InputAxisEvent_130' ref from Metadata '/Game/FlyingBP/Blueprints/FlyingPawn.PackageMetaData'
[2016.04.01-18.37.09:963][834]LogMetaData: Removing '/Game/Blueprints/FlyingPawn.FlyingPawn_C:InpAxisEvt_Turn_K2Node_InputAxisEvent_151' ref from Metadata '/Game/FlyingBP/Blueprints/FlyingPawn.PackageMetaData'
[2016.04.01-18.37.09:963][834]LogMetaData: Removing '/Game/Blueprints/FlyingPawn.FlyingPawn_C:InpAxisEvt_MoveForward_K2Node_InputAxisEvent_177' ref from Metadata '/Game/FlyingBP/Blueprints/FlyingPawn.PackageMetaData'
[2016.04.01-18.37.09:963][834]LogMetaData: Removing '/Game/Blueprints/FlyingPawn.FlyingPawn_C:ExecuteUbergraph_FlyingPawn' ref from Metadata '/Game/FlyingBP/Blueprints/FlyingPawn.PackageMetaData'
[2016.04.01-18.37.09:963][834]LogMetaData: Removing '/Game/Blueprints/FlyingPawn.FlyingPawn_C:UserConstructionScript' ref from Metadata '/Game/FlyingBP/Blueprints/FlyingPawn.PackageMetaData'
[2016.04.01-18.37.09:963][834]LogMetaData: Removing '/Game/Blueprints/FlyingPawn.FlyingPawn_C:ReceiveTick' ref from Metadata '/Game/FlyingBP/Blueprints/FlyingPawn.PackageMetaData'
[2016.04.01-18.37.09:963][834]LogMetaData: Removing '/Game/Blueprints/FlyingPawn.FlyingPawn_C:ReceiveHit' ref from Metadata '/Game/FlyingBP/Blueprints/FlyingPawn.PackageMetaData'
[2016.04.01-18.37.09:963][834]LogMetaData: Removing '/Game/Blueprints/FlyingPawn.FlyingPawn_C:Camera' ref from Metadata '/Game/FlyingBP/Blueprints/FlyingPawn.PackageMetaData'
[2016.04.01-18.37.09:963][834]LogMetaData: Removing '/Game/Blueprints/FlyingPawn.FlyingPawn_C:SpringArm' ref from Metadata '/Game/FlyingBP/Blueprints/FlyingPawn.PackageMetaData'
[2016.04.01-18.37.09:963][834]LogMetaData: Removing '/Game/Blueprints/FlyingPawn.FlyingPawn_C:Plane mesh' ref from Metadata '/Game/FlyingBP/Blueprints/FlyingPawn.PackageMetaData'
[2016.04.01-18.37.09:963][834]LogMetaData: Removing '/Game/Blueprints/FlyingPawn.FlyingPawn_C:Acceleration' ref from Metadata '/Game/FlyingBP/Blueprints/FlyingPawn.PackageMetaData'
[2016.04.01-18.37.09:964][834]LogMetaData: Removing '/Game/Blueprints/FlyingPawn.FlyingPawn_C:Turn speed' ref from Metadata '/Game/FlyingBP/Blueprints/FlyingPawn.PackageMetaData'
[2016.04.01-18.37.09:964][834]LogMetaData: Removing '/Game/Blueprints/FlyingPawn.FlyingPawn_C:MaxSpeed' ref from Metadata '/Game/FlyingBP/Blueprints/FlyingPawn.PackageMetaData'
[2016.04.01-18.37.09:964][834]LogMetaData: Removing '/Game/Blueprints/FlyingPawn.FlyingPawn_C:Min speed' ref from Metadata '/Game/FlyingBP/Blueprints/FlyingPawn.PackageMetaData'
[2016.04.01-18.37.09:964][834]LogMetaData: Removing '/Game/Blueprints/FlyingPawn.FlyingPawn_C:Current forward speed' ref from Metadata '/Game/FlyingBP/Blueprints/FlyingPawn.PackageMetaData'
[2016.04.01-18.37.09:964][834]LogMetaData: Removing '/Game/Blueprints/FlyingPawn.FlyingPawn_C:Current yaw speed' ref from Metadata '/Game/FlyingBP/Blueprints/FlyingPawn.PackageMetaData'
[2016.04.01-18.37.09:964][834]LogMetaData: Removing '/Game/Blueprints/FlyingPawn.FlyingPawn_C:Current pitch speed' ref from Metadata '/Game/FlyingBP/Blueprints/FlyingPawn.PackageMetaData'
[2016.04.01-18.37.09:964][834]LogMetaData: Removing '/Game/Blueprints/FlyingPawn.FlyingPawn_C:Current roll speed' ref from Metadata '/Game/FlyingBP/Blueprints/FlyingPawn.PackageMetaData'
[2016.04.01-18.37.09:964][834]LogMetaData: Removing '/Game/Blueprints/FlyingPawn.SKEL_FlyingPawn_C:InpAxisEvt_LookUp_K2Node_InputAxisEvent_130' ref from Metadata '/Game/FlyingBP/Blueprints/FlyingPawn.PackageMetaData'
[2016.04.01-18.37.09:964][834]LogMetaData: Removing '/Game/Blueprints/FlyingPawn.SKEL_FlyingPawn_C' ref from Metadata '/Game/FlyingBP/Blueprints/FlyingPawn.PackageMetaData'
[2016.04.01-18.37.09:964][834]LogMetaData: Removing '/Game/Blueprints/FlyingPawn.SKEL_FlyingPawn_C:InpAxisEvt_Turn_K2Node_InputAxisEvent_151' ref from Metadata '/Game/FlyingBP/Blueprints/FlyingPawn.PackageMetaData'
[2016.04.01-18.37.09:964][834]LogMetaData: Removing '/Game/Blueprints/FlyingPawn.SKEL_FlyingPawn_C:InpAxisEvt_MoveForward_K2Node_InputAxisEvent_177' ref from Metadata '/Game/FlyingBP/Blueprints/FlyingPawn.PackageMetaData'
[2016.04.01-18.37.09:964][834]LogMetaData: Removing '/Game/Blueprints/FlyingPawn.SKEL_FlyingPawn_C:ExecuteUbergraph_FlyingPawn' ref from Metadata '/Game/FlyingBP/Blueprints/FlyingPawn.PackageMetaData'
[2016.04.01-18.37.09:964][834]LogMetaData: Removing '/Game/Blueprints/FlyingPawn.SKEL_FlyingPawn_C:UserConstructionScript' ref from Metadata '/Game/FlyingBP/Blueprints/FlyingPawn.PackageMetaData'
[2016.04.01-18.37.09:964][834]LogMetaData: Removing '/Game/Blueprints/FlyingPawn.SKEL_FlyingPawn_C:ReceiveTick' ref from Metadata '/Game/FlyingBP/Blueprints/FlyingPawn.PackageMetaData'
[2016.04.01-18.37.09:964][834]LogMetaData: Removing '/Game/Blueprints/FlyingPawn.SKEL_FlyingPawn_C:ReceiveHit' ref from Metadata '/Game/FlyingBP/Blueprints/FlyingPawn.PackageMetaData'
[2016.04.01-18.37.09:964][834]LogMetaData: Removing '/Game/Blueprints/FlyingPawn.SKEL_FlyingPawn_C:Camera' ref from Metadata '/Game/FlyingBP/Blueprints/FlyingPawn.PackageMetaData'
[2016.04.01-18.37.09:964][834]LogMetaData: Removing '/Game/Blueprints/FlyingPawn.SKEL_FlyingPawn_C:SpringArm' ref from Metadata '/Game/FlyingBP/Blueprints/FlyingPawn.PackageMetaData'
[2016.04.01-18.37.09:964][834]LogMetaData: Removing '/Game/Blueprints/FlyingPawn.SKEL_FlyingPawn_C:Plane mesh' ref from Metadata '/Game/FlyingBP/Blueprints/FlyingPawn.PackageMetaData'
[2016.04.01-18.37.09:964][834]LogMetaData: Removing '/Game/Blueprints/FlyingPawn.SKEL_FlyingPawn_C:Acceleration' ref from Metadata '/Game/FlyingBP/Blueprints/FlyingPawn.PackageMetaData'
[2016.04.01-18.37.09:964][834]LogMetaData: Removing '/Game/Blueprints/FlyingPawn.SKEL_FlyingPawn_C:Turn speed' ref from Metadata '/Game/FlyingBP/Blueprints/FlyingPawn.PackageMetaData'
[2016.04.01-18.37.09:964][834]LogMetaData: Removing '/Game/Blueprints/FlyingPawn.SKEL_FlyingPawn_C:MaxSpeed' ref from Metadata '/Game/FlyingBP/Blueprints/FlyingPawn.PackageMetaData'
[2016.04.01-18.37.09:964][834]LogMetaData: Removing '/Game/Blueprints/FlyingPawn.SKEL_FlyingPawn_C:Min speed' ref from Metadata '/Game/FlyingBP/Blueprints/FlyingPawn.PackageMetaData'
[2016.04.01-18.37.09:964][834]LogMetaData: Removing '/Game/Blueprints/FlyingPawn.SKEL_FlyingPawn_C:Current forward speed' ref from Metadata '/Game/FlyingBP/Blueprints/FlyingPawn.PackageMetaData'
[2016.04.01-18.37.09:964][834]LogMetaData: Removing '/Game/Blueprints/FlyingPawn.SKEL_FlyingPawn_C:Current yaw speed' ref from Metadata '/Game/FlyingBP/Blueprints/FlyingPawn.PackageMetaData'
[2016.04.01-18.37.09:964][834]LogMetaData: Removing '/Game/Blueprints/FlyingPawn.SKEL_FlyingPawn_C:Current pitch speed' ref from Metadata '/Game/FlyingBP/Blueprints/FlyingPawn.PackageMetaData'
[2016.04.01-18.37.09:964][834]LogMetaData: Removing '/Game/Blueprints/FlyingPawn.SKEL_FlyingPawn_C:Current roll speed' ref from Metadata '/Game/FlyingBP/Blueprints/FlyingPawn.PackageMetaData'
[2016.04.01-18.37.10:080][834]Cmd: OBJ SAVEPACKAGE PACKAGE="/Game/Blueprints/FlyingPawn" FILE="E:/Unreal Projects/SpaceFPS/Content/Blueprints/FlyingPawn.uasset" SILENT=true
[2016.04.01-18.37.10:232][834]LogSavePackage: Save=150.62ms
[2016.04.01-18.37.10:232][834]LogSavePackage: Moving 'E:/Unreal Projects/SpaceFPS/Saved/FlyingPawnC25ABDD44EDB1E8FC88251BC0F47CCDB.tmp' to 'E:/Unreal Projects/SpaceFPS/Content/Blueprints/FlyingPawn.uasset'
[2016.04.01-18.37.10:232][834]LogSavePackage: Total save time: 151.84ms
[2016.04.01-18.37.10:232][834]LogSavePackage:Display: Finished SavePackage E:/Unreal Projects/SpaceFPS/Content/Blueprints/FlyingPawn.uasset
[2016.04.01-18.37.10:238][834]Cmd: OBJ SAVEPACKAGE PACKAGE="/Game/FlyingBP/Blueprints/FlyingPawn" FILE="E:/Unreal Projects/SpaceFPS/Content/FlyingBP/Blueprints/FlyingPawn.uasset" SILENT=true
[2016.04.01-18.37.10:249][834]LogSavePackage: Save=4.25ms
[2016.04.01-18.37.10:249][834]LogSavePackage: Moving 'E:/Unreal Projects/SpaceFPS/Saved/FlyingPawnFF2F65BE441BD4F617E5F3B102B89641.tmp' to 'E:/Unreal Projects/SpaceFPS/Content/FlyingBP/Blueprints/FlyingPawn.uasset'
[2016.04.01-18.37.10:250][834]LogSavePackage: Total save time: 11.10ms
[2016.04.01-18.37.10:250][834]LogSavePackage:Display: Finished SavePackage E:/Unreal Projects/SpaceFPS/Content/FlyingBP/Blueprints/FlyingPawn.uasset
[2016.04.01-18.37.24:005][809]LogEditorViewport: Clicking on Actor (LMB): FlyingPawn_C (FlyingPawn)
[2016.04.01-18.37.24:219][831]Cmd: DELETE
[2016.04.01-18.37.24:219][831]Cmd: ACTOR DELETE
[2016.04.01-18.37.24:222][831]LogEditorActor: Deleted Actor: FlyingPawn_C
[2016.04.01-18.37.24:262][831]LogEditorActor: Deleted 1 Actors (0.041 secs)
[2016.04.01-18.37.34:469][483]LogBlueprintUserMessages: Early PlayInEditor Detection: Level '/Game/FirstPersonBP/Maps/FirstPersonExampleMap.FirstPersonExampleMap:PersistentLevel' has LevelScriptBlueprint '/Game/FirstPersonBP/Maps/FirstPersonExampleMap.FirstPersonExampleMap:PersistentLevel.FirstPersonExampleMap' with GeneratedClass '/Game/FirstPersonBP/Maps/FirstPersonExampleMap.FirstPersonExampleMap_C' with ClassGeneratedBy '/Game/FirstPersonBP/Maps/FirstPersonExampleMap.FirstPersonExampleMap:PersistentLevel.FirstPersonExampleMap'
[2016.04.01-18.37.34:469][483]LogPlayLevel: PlayLevel: No blueprints needed recompiling
[2016.04.01-18.37.34:469][483]PIE: New page: PIE session: FirstPersonExampleMap (Apr 1, 2016, 9:37:34 AM)
[2016.04.01-18.37.34:469][483]LogPlayLevel: Creating play world package: /Game/FirstPersonBP/Maps/UEDPIE_0_FirstPersonExampleMap
[2016.04.01-18.37.34:488][483]LogPlayLevel: PIE: StaticDuplicateObject took: (0.018433s)
[2016.04.01-18.37.34:489][483]LogAIModule: Creating AISystem for world FirstPersonExampleMap
[2016.04.01-18.37.34:489][483]LogPlayLevel: PIE: World Init took: (0.001244s)
[2016.04.01-18.37.34:489][483]LogPlayLevel: PIE: Created PIE world by copying editor world from /Game/FirstPersonBP/Maps/FirstPersonExampleMap.FirstPersonExampleMap to /Game/FirstPersonBP/Maps/UEDPIE_0_FirstPersonExampleMap.FirstPersonExampleMap (0.019940s)
[2016.04.01-18.37.34:552][483]LogInit: XAudio2 using 'Speakers (High Definition Audio Device)' : 6 channels at 44.1 kHz using 16 bits per sample (channel mask 0x60f)
[2016.04.01-18.37.34:565][483]LogInit: FAudioDevice initialized.
[2016.04.01-18.37.34:599][483]LogWorld: Game class is 'FirstPersonGameMode_C'
[2016.04.01-18.37.34:603][483]LogWorld: Bringing World /Game/FirstPersonBP/Maps/UEDPIE_0_FirstPersonExampleMap.FirstPersonExampleMap up for play (max tick rate 0) at 2016.04.01-14.37.34
[2016.04.01-18.37.34:603][483]LogWorld: Bringing up level for play took: 0.004280
[2016.04.01-18.37.34:605][483]PIE: Info Play in editor start time for /Game/FirstPersonBP/Maps/UEDPIE_0_FirstPersonExampleMap 0.49
[2016.04.01-18.37.34:606][483]LogBlueprintUserMessages: Late PlayInEditor Detection: Level '/Game/FirstPersonBP/Maps/FirstPersonExampleMap.FirstPersonExampleMap:PersistentLevel' has LevelScriptBlueprint '/Game/FirstPersonBP/Maps/FirstPersonExampleMap.FirstPersonExampleMap:PersistentLevel.FirstPersonExampleMap' with GeneratedClass '/Game/FirstPersonBP/Maps/FirstPersonExampleMap.FirstPersonExampleMap_C' with ClassGeneratedBy '/Game/FirstPersonBP/Maps/FirstPersonExampleMap.FirstPersonExampleMap:PersistentLevel.FirstPersonExampleMap'
[2016.04.01-18.37.41:054][913]LogBlueprintUserMessages: Early EndPlayMap Detection: Level '/Game/FirstPersonBP/Maps/FirstPersonExampleMap.FirstPersonExampleMap:PersistentLevel' has LevelScriptBlueprint '/Game/FirstPersonBP/Maps/FirstPersonExampleMap.FirstPersonExampleMap:PersistentLevel.FirstPersonExampleMap' with GeneratedClass '/Game/FirstPersonBP/Maps/FirstPersonExampleMap.FirstPersonExampleMap_C' with ClassGeneratedBy '/Game/FirstPersonBP/Maps/FirstPersonExampleMap.FirstPersonExampleMap:PersistentLevel.FirstPersonExampleMap'
[2016.04.01-18.37.41:095][913]LogBlueprintUserMessages: Late EndPlayMap Detection: Level '/Game/FirstPersonBP/Maps/FirstPersonExampleMap.FirstPersonExampleMap:PersistentLevel' has LevelScriptBlueprint '/Game/FirstPersonBP/Maps/FirstPersonExampleMap.FirstPersonExampleMap:PersistentLevel.FirstPersonExampleMap' with GeneratedClass '/Game/FirstPersonBP/Maps/FirstPersonExampleMap.FirstPersonExampleMap_C' with ClassGeneratedBy '/Game/FirstPersonBP/Maps/FirstPersonExampleMap.FirstPersonExampleMap:PersistentLevel.FirstPersonExampleMap'
[2016.04.01-18.37.45:613][377]LogUObjectGlobals:Warning: Failed to find object 'Object /Game/FlyingBP/Blueprints/FlyingPawn.Default__FlyingPawn_C'
[2016.04.01-18.37.45:613][377]LogUObjectGlobals:Warning: Failed to find object 'Object /Game/FlyingBP/Blueprints/FlyingPawn.FlyingPawn'
[2016.04.01-18.37.45:614][377]LogUObjectGlobals:Warning: Failed to find object 'Object /Game/FlyingBP/Blueprints/FlyingPawn.FlyingPawn_C'
[2016.04.01-18.37.49:569][754]LogUObjectGlobals:Warning: Failed to find object 'Object /Game/FlyingBP/Blueprints/FlyingPawn.FlyingPawn'
[2016.04.01-18.37.49:569][754]LogUObjectGlobals:Warning: Failed to find object 'Object /Game/FlyingBP/Blueprints/FlyingPawn.Default__FlyingPawn_C'
[2016.04.01-18.37.49:570][754]LogUObjectGlobals:Warning: Failed to find object 'Object /Game/FlyingBP/Blueprints/FlyingPawn.FlyingPawn_C'
[2016.04.01-18.37.53:896][138]LogUObjectGlobals:Warning: Failed to find object 'Object /Game/FlyingBP/Blueprints/FlyingPawn.FlyingPawn'
[2016.04.01-18.37.53:896][138]LogUObjectGlobals:Warning: Failed to find object 'Object /Game/FlyingBP/Blueprints/FlyingPawn.Default__FlyingPawn_C'
[2016.04.01-18.37.53:897][138]LogUObjectGlobals:Warning: Failed to find object 'Object /Game/FlyingBP/Blueprints/FlyingPawn.FlyingPawn_C'
[2016.04.01-18.37.55:983][341]LogEditorViewport: Clicking on Actor (LMB): StaticMeshActor (Floor)
[2016.04.01-18.37.56:778][422]Cmd: SELECT NONE
[2016.04.01-18.38.00:029][495]LogSavePackage: Save=1267.65ms
[2016.04.01-18.38.00:029][495]LogSavePackage: Moving 'E:/Unreal Projects/SpaceFPS/Saved/FirstPersonExampleMapEBB4153D442F31E5C006E099E0B0D7BB.tmp' to 'E:/Unreal Projects/SpaceFPS/Content/FirstPersonBP/Maps/FirstPersonExampleMap.umap'
[2016.04.01-18.38.00:031][495]LogSavePackage: Total save time: 1286.81ms
[2016.04.01-18.38.00:031][495]LogSavePackage:Display: Finished SavePackage E:/Unreal Projects/SpaceFPS/Content/FirstPersonBP/Maps/FirstPersonExampleMap.umap
[2016.04.01-18.38.00:046][495]LogFileHelpers: Saving map 'FirstPersonExampleMap' took 1.370
[2016.04.01-18.38.00:050][495]Cmd: OBJ SAVEPACKAGE PACKAGE="/Game/FlyingBP/Blueprints/FlyingPawn" FILE="E:/Unreal Projects/SpaceFPS/Content/FlyingBP/Blueprints/FlyingPawn.uasset" SILENT=true
[2016.04.01-18.38.00:057][495]LogSavePackage: Save=5.75ms
[2016.04.01-18.38.00:057][495]LogSavePackage: Moving 'E:/Unreal Projects/SpaceFPS/Saved/FlyingPawn5D07F5F74E3C7A3F4AAA2A854024E4BF.tmp' to 'E:/Unreal Projects/SpaceFPS/Content/FlyingBP/Blueprints/FlyingPawn.uasset'
[2016.04.01-18.38.00:058][495]LogSavePackage: Total save time: 7.23ms
[2016.04.01-18.38.00:058][495]LogSavePackage:Display: Finished SavePackage E:/Unreal Projects/SpaceFPS/Content/FlyingBP/Blueprints/FlyingPawn.uasset
[2016.04.01-18.38.00:111][495]LogWindowsTextInputMethodSystem:Display: IME system now deactivated.
[2016.04.01-18.38.00:111][495]LogWindowsTextInputMethodSystem:Display: IME system now deactivated.
[2016.04.01-18.38.00:354][496]Cmd: QUIT_EDITOR
[2016.04.01-18.38.00:884][496]LogExit: Preparing to exit.
[2016.04.01-18.38.03:106][496]LogExit: Editor shut down
[2016.04.01-18.38.03:108][496]LogExit: Transaction tracking system shut down
[2016.04.01-18.38.03:487][496]LogObj: Freed 0b from 0 cluster array pools.
[2016.04.01-18.38.03:487][496]LogExit: Object subsystem successfully closed.
[2016.04.01-18.38.03:507][496]LogD3D11RHI: Shutdown
[2016.04.01-18.38.03:507][496]LogD3D11RHI: CleanupD3DDevice
[2016.04.01-18.38.03:593][496]LogD3D11RHI: ~FD3D11DynamicRHI
[2016.04.01-18.38.03:683][496]LogDerivedDataCache: Shutdown
[2016.04.01-18.38.03:683][496]LogModuleManager: Shutting down and abandoning module ExternalImagePicker (207)
[2016.04.01-18.38.03:683][496]LogModuleManager: Shutting down and abandoning module BlueprintGraph (206)
[2016.04.01-18.38.03:683][496]LogModuleManager: Shutting down and abandoning module MovieSceneCapture (205)
[2016.04.01-18.38.03:685][496]LogModuleManager: Shutting down and abandoning module HierarchicalLODOutliner (204)
[2016.04.01-18.38.03:685][496]LogModuleManager: Shutting down and abandoning module CrashTracker (203)
[2016.04.01-18.38.03:685][496]LogModuleManager: Shutting down and abandoning module WorldBrowser (202)
[2016.04.01-18.38.03:685][496]LogModuleManager: Shutting down and abandoning module SceneOutliner (201)
[2016.04.01-18.38.03:685][496]LogModuleManager: Shutting down and abandoning module SuperSearch (200)
[2016.04.01-18.38.03:686][496]LogModuleManager: Shutting down and abandoning module WidgetCarousel (199)
[2016.04.01-18.38.03:686][496]LogModuleManager: Shutting down and abandoning module AddContentDialog (198)
[2016.04.01-18.38.03:690][496]LogModuleManager: Shutting down and abandoning module GameplayTags (197)
[2016.04.01-18.38.03:690][496]LogModuleManager: Shutting down and abandoning module EditorWidgets (196)
[2016.04.01-18.38.03:690][496]LogModuleManager: Shutting down and abandoning module CollectionManager (195)
[2016.04.01-18.38.03:690][496]LogModuleManager: Shutting down and abandoning module StatsViewer (194)
[2016.04.01-18.38.03:690][496]LogModuleManager: Shutting down and abandoning module FoliageEdit (193)
[2016.04.01-18.38.03:690][496]LogModuleManager: Shutting down and abandoning module LandscapeEditor (192)
[2016.04.01-18.38.03:690][496]LogModuleManager: Shutting down and abandoning module ActorPickerMode (191)
[2016.04.01-18.38.03:690][496]LogModuleManager: Shutting down and abandoning module GeometryMode (190)
[2016.04.01-18.38.03:690][496]LogModuleManager: Shutting down and abandoning module TextureAlignMode (189)
[2016.04.01-18.38.03:690][496]LogModuleManager: Shutting down and abandoning module BspMode (188)
[2016.04.01-18.38.03:690][496]LogModuleManager: Shutting down and abandoning module PlacementMode (187)
[2016.04.01-18.38.03:690][496]LogModuleManager: Shutting down and abandoning module AutomationWorker (186)
[2016.04.01-18.38.03:690][496]LogModuleManager: Shutting down and abandoning module CharacterAI (185)
[2016.04.01-18.38.03:690][496]LogModuleManager: Shutting down and abandoning module SmartSnapping (184)
[2016.04.01-18.38.03:690][496]LogModuleManager: Shutting down and abandoning module ViewportSnapping (183)
[2016.04.01-18.38.03:690][496]LogModuleManager: Shutting down and abandoning module LogVisualizer (182)
[2016.04.01-18.38.03:691][496]LogModuleManager: Shutting down and abandoning module GameProjectGeneration (181)
[2016.04.01-18.38.03:691][496]LogModuleManager: Shutting down and abandoning module IntroTutorials (180)
[2016.04.01-18.38.03:691][496]LogModuleManager: Shutting down and abandoning module EditorLiveStreaming (179)
[2016.04.01-18.38.03:691][496]LogModuleManager: Shutting down and abandoning module IOSPlatformEditor (178)
[2016.04.01-18.38.03:691][496]LogModuleManager: Shutting down and abandoning module HTML5PlatformEditor (177)
[2016.04.01-18.38.03:691][496]LogModuleManager: Shutting down and abandoning module AndroidDeviceDetection (176)
[2016.04.01-18.38.03:934][496]LogModuleManager: Shutting down and abandoning module AndroidPlatformEditor (175)
[2016.04.01-18.38.03:934][496]LogModuleManager: Shutting down and abandoning module IOSRuntimeSettings (174)
[2016.04.01-18.38.03:934][496]LogModuleManager: Shutting down and abandoning module AndroidRuntimeSettings (173)
[2016.04.01-18.38.03:934][496]LogModuleManager: Shutting down and abandoning module MergeActors (172)
[2016.04.01-18.38.03:934][496]LogModuleManager: Shutting down and abandoning module SizeMap (171)
[2016.04.01-18.38.03:934][496]LogModuleManager: Shutting down and abandoning module TreeMap (170)
[2016.04.01-18.38.03:934][496]LogModuleManager: Shutting down and abandoning module ReferenceViewer (169)
[2016.04.01-18.38.03:934][496]LogModuleManager: Shutting down and abandoning module LocalizationService (168)
[2016.04.01-18.38.03:934][496]LogModuleManager: Shutting down and abandoning module LocalizationDashboard (167)
[2016.04.01-18.38.03:934][496]LogModuleManager: Shutting down and abandoning module HardwareTargeting (166)
[2016.04.01-18.38.03:934][496]LogModuleManager: Shutting down and abandoning module DeviceProfileEditor (165)
[2016.04.01-18.38.03:934][496]LogModuleManager: Shutting down and abandoning module UndoHistory (164)
[2016.04.01-18.38.03:934][496]LogModuleManager: Shutting down and abandoning module UserFeedback (163)
[2016.04.01-18.38.03:934][496]LogModuleManager: Shutting down and abandoning module XmlParser (162)
[2016.04.01-18.38.03:934][496]LogModuleManager: Shutting down and abandoning module Blutility (161)
[2016.04.01-18.38.03:934][496]LogModuleManager: Shutting down and abandoning module ProjectTargetPlatformEditor (160)
[2016.04.01-18.38.03:935][496]LogModuleManager: Shutting down and abandoning module ProjectSettingsViewer (159)
[2016.04.01-18.38.03:935][496]LogModuleManager: Shutting down and abandoning module InputBindingEditor (158)
[2016.04.01-18.38.03:935][496]LogModuleManager: Shutting down and abandoning module EditorSettingsViewer (157)
[2016.04.01-18.38.03:935][496]LogModuleManager: Shutting down and abandoning module SettingsEditor (156)
[2016.04.01-18.38.03:935][496]LogModuleManager: Shutting down and abandoning module ProjectLauncher (155)
[2016.04.01-18.38.03:935][496]LogModuleManager: Shutting down and abandoning module SessionFrontend (154)
[2016.04.01-18.38.03:935][496]LogModuleManager: Shutting down and abandoning module ProfilerClient (153)
[2016.04.01-18.38.03:935][496]LogModuleManager: Shutting down and abandoning module TargetDeviceServices (152)
[2016.04.01-18.38.03:935][496]LogModuleManager: Shutting down and abandoning module DeviceManager (151)
[2016.04.01-18.38.03:968][496]LogModuleManager: Shutting down and abandoning module AutomationController (150)
[2016.04.01-18.38.03:968][496]LogModuleManager: Shutting down and abandoning module AutomationWindow (149)
[2016.04.01-18.38.03:968][496]LogModuleManager: Shutting down and abandoning module Layers (148)
[2016.04.01-18.38.03:968][496]LogModuleManager: Shutting down and abandoning module ComponentVisualizers (147)
[2016.04.01-18.38.03:968][496]LogModuleManager: Shutting down and abandoning module DetailCustomizations (146)
[2016.04.01-18.38.03:968][496]LogModuleManager: Shutting down and abandoning module PackagesDialog (145)
[2016.04.01-18.38.03:968][496]LogModuleManager: Shutting down and abandoning module Persona (144)
[2016.04.01-18.38.03:969][496]LogModuleManager: Shutting down and abandoning module Kismet (143)
[2016.04.01-18.38.03:969][496]LogModuleManager: Shutting down and abandoning module GraphEditor (142)
[2016.04.01-18.38.03:969][496]LogModuleManager: Shutting down and abandoning module ClassViewer (141)
[2016.04.01-18.38.03:969][496]LogModuleManager: Shutting down and abandoning module Toolbox (140)
[2016.04.01-18.38.03:969][496]LogModuleManager: Shutting down and abandoning module ModuleUI (139)
[2016.04.01-18.38.03:969][496]LogModuleManager: Shutting down and abandoning module MovieSceneTools (138)
[2016.04.01-18.38.03:969][496]LogModuleManager: Shutting down and abandoning module OutputLog (137)
[2016.04.01-18.38.03:969][496]LogModuleManager: Shutting down and abandoning module GammaUI (136)
[2016.04.01-18.38.03:969][496]LogModuleManager: Shutting down and abandoning module Documentation (135)
[2016.04.01-18.38.03:969][496]LogModuleManager: Shutting down and abandoning module StreamingPauseRendering (134)
[2016.04.01-18.38.03:969][496]LogModuleManager: Shutting down and abandoning module AnalyticsET (133)
[2016.04.01-18.38.03:969][496]LogModuleManager: Shutting down and abandoning module Analytics (132)
[2016.04.01-18.38.03:969][496]LogModuleManager: Shutting down and abandoning module PortalServices (131)
[2016.04.01-18.38.03:969][496]LogModuleManager: Shutting down and abandoning module PortalRpc (130)
[2016.04.01-18.38.03:969][496]LogModuleManager: Shutting down and abandoning module MessagingRpc (129)
[2016.04.01-18.38.03:969][496]LogModuleManager: Shutting down and abandoning module AITestSuite (128)
[2016.04.01-18.38.03:969][496]LogModuleManager: Shutting down and abandoning module GameplayDebugger (127)
[2016.04.01-18.38.03:969][496]LogModuleManager: Shutting down and abandoning module AIModule (126)
[2016.04.01-18.38.03:969][496]LogModuleManager: Shutting down and abandoning module ProfilerService (125)
[2016.04.01-18.38.04:136][496]LogModuleManager: Shutting down and abandoning module TaskGraph (124)
[2016.04.01-18.38.04:136][496]LogModuleManager: Shutting down and abandoning module SlateRemote (123)
[2016.04.01-18.38.04:136][496]LogModuleManager: Shutting down and abandoning module SteamVRController (122)
[2016.04.01-18.38.04:136][496]LogModuleManager: Shutting down and abandoning module SteamVR (121)
[2016.04.01-18.38.04:136][496]LogModuleManager: Shutting down and abandoning module ProceduralMeshComponent (120)
[2016.04.01-18.38.04:136][496]LogModuleManager: Shutting down and abandoning module OculusLibrary (119)
[2016.04.01-18.38.04:136][496]LogModuleManager: Shutting down and abandoning module OculusInput (118)
[2016.04.01-18.38.04:136][496]LogModuleManager: Shutting down and abandoning module CustomMeshComponent (117)
[2016.04.01-18.38.04:136][496]LogModuleManager: Shutting down and abandoning module CableComponent (116)
[2016.04.01-18.38.04:136][496]LogModuleManager: Shutting down and abandoning module ArchVisCharacter (115)
[2016.04.01-18.38.04:136][496]LogModuleManager: Shutting down and abandoning module MediaPlayerEditor (114)
[2016.04.01-18.38.04:136][496]LogModuleManager: Shutting down and abandoning module HTML5Networking (113)
[2016.04.01-18.38.04:136][496]LogModuleManager: Shutting down and abandoning module SpeedTreeImporter (112)
[2016.04.01-18.38.04:136][496]LogModuleManager: Shutting down and abandoning module PluginBrowser (111)
[2016.04.01-18.38.04:136][496]LogModuleManager: Shutting down and abandoning module EpicSurvey (110)
[2016.04.01-18.38.04:136][496]LogModuleManager: Shutting down and abandoning module DesktopPlatform (109)
[2016.04.01-18.38.04:136][496]LogModuleManager: Shutting down and abandoning module VisualStudioSourceCodeAccess (108)
[2016.04.01-18.38.04:136][496]LogModuleManager: Shutting down and abandoning module UObjectPlugin (107)
[2016.04.01-18.38.04:136][496]LogModuleManager: Shutting down and abandoning module SubversionSourceControl (106)
[2016.04.01-18.38.04:137][496]LogModuleManager: Shutting down and abandoning module PerforceSourceControl (105)
[2016.04.01-18.38.04:137][496]LogModuleManager: Shutting down and abandoning module SourceControl (104)
[2016.04.01-18.38.04:137][496]LogModuleManager: Shutting down and abandoning module GitSourceControl (103)
[2016.04.01-18.38.04:137][496]LogModuleManager: Shutting down and abandoning module LightPropagationVolumeEditor (102)
[2016.04.01-18.38.04:137][496]LogModuleManager: Shutting down and abandoning module PaperTiledImporter (101)
[2016.04.01-18.38.04:137][496]LogModuleManager: Shutting down and abandoning module PaperSpriteSheetImporter (100)
[2016.04.01-18.38.04:137][496]LogModuleManager: Shutting down and abandoning module MeshPaint (99)
[2016.04.01-18.38.04:137][496]LogModuleManager: Shutting down and abandoning module HotReload (98)
[2016.04.01-18.38.04:137][496]LogModuleManager: Shutting down and abandoning module MainFrame (97)
[2016.04.01-18.38.04:137][496]LogModuleManager: Shutting down and abandoning module LevelEditor (96)
[2016.04.01-18.38.04:138][496]LogModuleManager: Shutting down and abandoning module DirectoryWatcher (95)
[2016.04.01-18.38.04:139][496]LogModuleManager: Shutting down and abandoning module AssetRegistry (94)
[2016.04.01-18.38.04:318][496]LogModuleManager: Shutting down and abandoning module ContentBrowser (93)
[2016.04.01-18.38.04:319][496]LogModuleManager: Shutting down and abandoning module Paper2DEditor (92)
[2016.04.01-18.38.04:319][496]LogModuleManager: Shutting down and abandoning module UdpMessaging (91)
[2016.04.01-18.38.04:420][496]LogModuleManager: Shutting down and abandoning module LightPropagationVolumeRuntime (90)
[2016.04.01-18.38.04:420][496]LogModuleManager: Shutting down and abandoning module Paper2D (89)
[2016.04.01-18.38.04:420][496]LogModuleManager: Shutting down and abandoning module WindowsMoviePlayer (88)
[2016.04.01-18.38.04:420][496]LogModuleManager: Shutting down and abandoning module Media (87)
[2016.04.01-18.38.04:420][496]LogModuleManager: Shutting down and abandoning module WmfMedia (86)
[2016.04.01-18.38.04:420][496]LogModuleManager: Shutting down and abandoning module GameLiveStreaming (85)
[2016.04.01-18.38.04:420][496]LogModuleManager: Shutting down and abandoning module GameplayTagsEditor (84)
[2016.04.01-18.38.04:420][496]LogModuleManager: Shutting down and abandoning module OnlineBlueprintSupport (83)
[2016.04.01-18.38.04:420][496]LogModuleManager: Shutting down and abandoning module GameplayTasksEditor (82)
[2016.04.01-18.38.04:420][496]LogModuleManager: Shutting down and abandoning module PropertyEditor (81)
[2016.04.01-18.38.04:420][496]LogModuleManager: Shutting down and abandoning module BehaviorTreeEditor (80)
[2016.04.01-18.38.04:420][496]LogModuleManager: Shutting down and abandoning module FunctionalTesting (79)
[2016.04.01-18.38.04:420][496]LogModuleManager: Shutting down and abandoning module CollisionAnalyzer (78)
[2016.04.01-18.38.04:420][496]LogModuleManager: Shutting down and abandoning module WorkspaceMenuStructure (77)
[2016.04.01-18.38.04:421][496]LogModuleManager: Shutting down and abandoning module MessageLog (76)
[2016.04.01-18.38.04:421][496]LogModuleManager: Shutting down and abandoning module Sequencer (75)
[2016.04.01-18.38.04:421][496]LogModuleManager: Shutting down and abandoning module AssetTools (74)
[2016.04.01-18.38.04:421][496]LogModuleManager: Shutting down and abandoning module UMGEditor (73)
[2016.04.01-18.38.04:421][496]LogModuleManager: Shutting down and abandoning module UMG (72)
[2016.04.01-18.38.04:421][496]LogModuleManager: Shutting down and abandoning module SlateReflector (71)
[2016.04.01-18.38.04:421][496]LogModuleManager: Shutting down and abandoning module Slate (70)
[2016.04.01-18.38.04:421][496]LogModuleManager: Shutting down and abandoning module EditorStyle (69)
[2016.04.01-18.38.04:423][496]LogModuleManager: Shutting down and abandoning module SessionServices (68)
[2016.04.01-18.38.04:423][496]LogModuleManager: Shutting down and abandoning module SourceCodeAccess (67)
[2016.04.01-18.38.04:423][496]LogModuleManager: Shutting down and abandoning module HeadMountedDisplay (66)
[2016.04.01-18.38.04:423][496]LogModuleManager: Shutting down and abandoning module XAudio2 (65)
[2016.04.01-18.38.04:423][496]LogModuleManager: Shutting down and abandoning module Networking (63)
[2016.04.01-18.38.04:423][496]LogModuleManager: Shutting down and abandoning module Core (62)
[2016.04.01-18.38.04:423][496]LogModuleManager: Shutting down and abandoning module KismetCompiler (61)
[2016.04.01-18.38.04:423][496]LogModuleManager: Shutting down and abandoning module PhysXFormats (60)
[2016.04.01-18.38.04:423][496]LogModuleManager: Shutting down and abandoning module MeshUtilities (59)
[2016.04.01-18.38.04:423][496]LogModuleManager: Shutting down and abandoning module CookingStats (58)
[2016.04.01-18.38.04:423][496]LogModuleManager: Shutting down and abandoning module DerivedDataCache (57)
[2016.04.01-18.38.04:423][496]LogDerivedDataCache: Shutdown
[2016.04.01-18.38.04:423][496]LogModuleManager: Shutting down and abandoning module ShaderFormatOpenGL (56)
[2016.04.01-18.38.04:423][496]LogModuleManager: Shutting down and abandoning module ShaderFormatD3D (55)
[2016.04.01-18.38.04:423][496]LogModuleManager: Shutting down and abandoning module MetalShaderFormat (54)
[2016.04.01-18.38.04:423][496]LogModuleManager: Shutting down and abandoning module TextureFormatUncompressed (53)
[2016.04.01-18.38.04:424][496]LogModuleManager: Shutting down and abandoning module TextureFormatPVR (52)
[2016.04.01-18.38.04:424][496]LogModuleManager: Shutting down and abandoning module TextureFormatIntelISPCTexComp (51)
[2016.04.01-18.38.04:424][496]LogModuleManager: Shutting down and abandoning module TextureFormatDXT (50)
[2016.04.01-18.38.04:424][496]LogModuleManager: Shutting down and abandoning module ImageWrapper (49)
[2016.04.01-18.38.04:424][496]LogModuleManager: Shutting down and abandoning module TextureFormatASTC (48)
[2016.04.01-18.38.04:424][496]LogModuleManager: Shutting down and abandoning module TextureFormatAndroid (47)
[2016.04.01-18.38.04:424][496]LogModuleManager: Shutting down and abandoning module AudioFormatOpus (46)
[2016.04.01-18.38.04:424][496]LogModuleManager: Shutting down and abandoning module AudioFormatOgg (45)
[2016.04.01-18.38.04:424][496]LogModuleManager: Shutting down and abandoning module AudioFormatADPCM (44)
[2016.04.01-18.38.04:424][496]LogModuleManager: Shutting down and abandoning module LinuxTargetPlatform (43)
[2016.04.01-18.38.04:424][496]LogModuleManager: Shutting down and abandoning module LinuxServerTargetPlatform (42)
[2016.04.01-18.38.04:424][496]LogModuleManager: Shutting down and abandoning module LinuxNoEditorTargetPlatform (41)
[2016.04.01-18.38.04:424][496]LogModuleManager: Shutting down and abandoning module TVOSTargetPlatform (40)
[2016.04.01-18.38.04:424][496]LogModuleManager: Shutting down and abandoning module Messaging (39)
[2016.04.01-18.38.04:424][496]LogModuleManager: Shutting down and abandoning module IOSTargetPlatform (38)
[2016.04.01-18.38.04:424][496]LogModuleManager: Shutting down and abandoning module HTML5TargetPlatform (37)
[2016.04.01-18.38.04:424][496]LogModuleManager: Shutting down and abandoning module Android_PVRTCTargetPlatform (36)
[2016.04.01-18.38.04:424][496]LogModuleManager: Shutting down and abandoning module Android_MultiTargetPlatform (35)
[2016.04.01-18.38.04:424][496]LogModuleManager: Shutting down and abandoning module Android_ETC2TargetPlatform (34)
[2016.04.01-18.38.04:424][496]LogModuleManager: Shutting down and abandoning module Android_ETC1TargetPlatform (33)
[2016.04.01-18.38.04:424][496]LogModuleManager: Shutting down and abandoning module Android_DXTTargetPlatform (32)
[2016.04.01-18.38.04:424][496]LogModuleManager: Shutting down and abandoning module Android_ATCTargetPlatform (31)
[2016.04.01-18.38.04:424][496]LogModuleManager: Shutting down and abandoning module Android_ASTCTargetPlatform (30)
[2016.04.01-18.38.04:424][496]LogModuleManager: Shutting down and abandoning module AndroidTargetPlatform (29)
[2016.04.01-18.38.04:424][496]LogModuleManager: Shutting down and abandoning module WindowsTargetPlatform (28)
[2016.04.01-18.38.04:424][496]LogModuleManager: Shutting down and abandoning module WindowsServerTargetPlatform (27)
[2016.04.01-18.38.04:424][496]LogModuleManager: Shutting down and abandoning module WindowsNoEditorTargetPlatform (26)
[2016.04.01-18.38.04:424][496]LogModuleManager: Shutting down and abandoning module WindowsClientTargetPlatform (25)
[2016.04.01-18.38.04:424][496]LogModuleManager: Shutting down and abandoning module AllDesktopTargetPlatform (24)
[2016.04.01-18.38.04:424][496]LogModuleManager: Shutting down and abandoning module TargetPlatform (23)
[2016.04.01-18.38.04:424][496]LogModuleManager: Shutting down and abandoning module InputCore (22)
[2016.04.01-18.38.04:424][496]LogModuleManager: Shutting down and abandoning module Settings (21)
[2016.04.01-18.38.04:424][496]LogModuleManager: Shutting down and abandoning module OnlineSubsystem (19)
[2016.04.01-18.38.04:424][496]LogModuleManager: Shutting down and abandoning module HTTP (18)
[2016.04.01-18.38.06:427][496]LogModuleManager: Shutting down and abandoning module XMPP (17)
[2016.04.01-18.38.06:427][496]LogModuleManager: Shutting down and abandoning module OculusRift (16)
[2016.04.01-18.38.06:427][496]LogModuleManager: Shutting down and abandoning module ExampleDeviceProfileSelector (15)
[2016.04.01-18.38.06:427][496]LogModuleManager: Shutting down and abandoning module TextureCompressor (14)
[2016.04.01-18.38.06:427][496]LogModuleManager: Shutting down and abandoning module ShaderCore (13)
[2016.04.01-18.38.06:427][496]LogModuleManager: Shutting down and abandoning module Landscape (12)
[2016.04.01-18.38.06:427][496]LogModuleManager: Shutting down and abandoning module SlateRHIRenderer (11)
[2016.04.01-18.38.06:431][496]LogModuleManager: Shutting down and abandoning module OpenGLDrv (10)
[2016.04.01-18.38.06:431][496]LogModuleManager: Shutting down and abandoning module D3D11RHI (9)
[2016.04.01-18.38.06:431][496]LogModuleManager: Shutting down and abandoning module AnimGraphRuntime (8)
[2016.04.01-18.38.06:431][496]LogModuleManager: Shutting down and abandoning module Renderer (7)
[2016.04.01-18.38.06:431][496]LogModuleManager: Shutting down and abandoning module Engine (6)
[2016.04.01-18.38.06:431][496]LogModuleManager: Shutting down and abandoning module CoreUObject (5)
[2016.04.01-18.38.06:431][496]LogModuleManager: Shutting down and abandoning module NetworkFile (4)
[2016.04.01-18.38.06:431][496]LogModuleManager: Shutting down and abandoning module StreamingFile (3)
[2016.04.01-18.38.06:431][496]LogModuleManager: Shutting down and abandoning module SandboxFile (2)
[2016.04.01-18.38.06:431][496]LogModuleManager: Shutting down and abandoning module PakFile (1)
[2016.04.01-18.38.06:433][496]LogExit: Exiting.
[2016.04.01-18.38.06:447][496]Log file closed, 04/01/16 14:38:06
