Log file open, 04/02/16 20:27:01
LogInit:Display: Running engine for game: SpaceFPS
LogPlatformFile: Not using cached read wrapper
LogInit:Display: RandInit(1232802793) SRandInit(1232802795).
LogTaskGraph: Started task graph with 4 named threads and 7 total threads.
LogStats: Stats thread started at 0.096359
LogHMD: Can't find Oculus library dev build: is proper Runtime installed? Version: 0.8.0.0
LogInit: Version: 4.11.0-2927265+++UE4+Release-4.11
LogInit: API Version: 2927265
LogInit: Compiled (64-bit): Mar 30 2016 02:13:55
LogInit: Compiled with Visual C++: 19.00.23026.00
LogInit: Build Configuration: Development
LogInit: Branch Name: ++UE4+Release-4.11
LogInit: Command line:  
LogInit: Base directory: C:/Program Files (x86)/Epic Games/4.11/Engine/Binaries/Win64/
LogInit: Installed Engine Build: 1
LogInit: Using libcurl 7.41.0
LogInit:  - built for x86_64-pc-win32
LogInit:  - supports SSL with WinSSL
LogInit:  - other features:
LogInit:      CURL_VERSION_SSL
LogInit:      CURL_VERSION_IPV6
LogInit:      CURL_VERSION_ASYNCHDNS
LogInit:      CURL_VERSION_LARGEFILE
LogInit:      CURL_VERSION_IDN
LogInit:  CurlRequestOptions (configurable via config and command line):
LogInit:  - bVerifyPeer = true  - Libcurl will verify peer certificate
LogInit:  - bUseHttpProxy = false  - Libcurl will NOT use HTTP proxy
LogInit:  - bDontReuseConnections = false  - Libcurl will reuse connections
LogInit:  - CertBundlePath = nullptr  - Libcurl will use whatever was configured at build time.
LogInit: Presizing for max 16777216 objects, including 0 objects not considered by GC, pre-allocating 0 bytes for permanent pool.
LogInit: Object subsystem initialized
[2016.04.02-19.27.01:486][  0]LogInit: Selected Device Profile: [Windows]
[2016.04.02-19.27.01:486][  0]LogInit: Applying CVar settings loaded from the selected device profile: [Windows]
[2016.04.02-19.27.01:496][  0]LogInit: Computer: OWEN
[2016.04.02-19.27.01:496][  0]LogInit: User: owen
[2016.04.02-19.27.01:496][  0]LogInit: CPU Page size=65536, Cores=4
[2016.04.02-19.27.01:496][  0]LogInit: High frequency timer resolution =3.923964 MHz
[2016.04.02-19.27.01:496][  0]LogMemory: Memory total: Physical=32.0GB (32GB approx)
[2016.04.02-19.27.01:496][  0]LogMemory: Platform Memory Stats for Windows
[2016.04.02-19.27.01:496][  0]LogMemory: Process Physical Memory: 314.39 MB used, 314.39 MB peak
[2016.04.02-19.27.01:496][  0]LogMemory: Process Virtual Memory: 316.76 MB used, 316.76 MB peak
[2016.04.02-19.27.01:496][  0]LogMemory: Physical Memory: 10797.73 MB used, 32750.12 MB total
[2016.04.02-19.27.01:496][  0]LogMemory: Virtual Memory: 621.02 MB used, 8388608.00 MB total
[2016.04.02-19.27.01:596][  0]LogTextLocalizationManager: No specific translations for ('en-GB') exist, so ('en') translations will be used.
[2016.04.02-19.27.02:072][  0]LogD3D11RHI: D3D11 adapters:
[2016.04.02-19.27.02:085][  0]LogD3D11RHI:    0. 'AMD Radeon R9 200 Series' (Feature Level 11_0)
[2016.04.02-19.27.02:085][  0]LogD3D11RHI:       3051MB of dedicated video memory, 0MB of dedicated system memory, and 3840MB of shared system memory, 1 output[s]
[2016.04.02-19.27.02:086][  0]LogD3D11RHI: Chosen D3D11 Adapter: 0
[2016.04.02-19.27.02:094][  0]LogD3D11RHI: Creating new Direct3DDevice
[2016.04.02-19.27.02:094][  0]LogD3D11RHI:     Adapter Name: AMD Radeon R9 200 Series
[2016.04.02-19.27.02:094][  0]LogD3D11RHI:   Driver Version: Unknown (internal Unknown)
[2016.04.02-19.27.02:094][  0]LogD3D11RHI:      Driver Date: Unknown
[2016.04.02-19.27.02:094][  0]LogRHI: Texture pool is 1361 MB (70% of 1945 MB)
[2016.04.02-19.27.02:105][  0]LogD3D11RHI: Async texture creation disabled: no driver support
[2016.04.02-19.27.02:118][  0]LogShaderCompilers: Guid format shader working directory is -10 characters bigger than the processId version (../../../../../../Users/owen/Documents/GitHub/SpaceFPS/Intermediate/Shaders/WorkingDirectory/12064/).
[2016.04.02-19.27.02:118][  0]LogShaderCompilers: Cleaned the shader compiler working directory 'C:/Users/owen/AppData/Local/Temp/UnrealShaderWorkingDir/11FE0D2B44D77C089FA5AEBC9D4D0F11/'.
[2016.04.02-19.27.02:118][  0]LogShaderCompilers:Display: Using Local Shader Compiler.
[2016.04.02-19.27.03:505][  0]LogTemp:Display: Loaded TP AllDesktopTargetPlatform
[2016.04.02-19.27.03:513][  0]LogTemp:Display: Loaded TP WindowsClientTargetPlatform
[2016.04.02-19.27.03:522][  0]LogTemp:Display: Loaded TP WindowsNoEditorTargetPlatform
[2016.04.02-19.27.03:531][  0]LogTemp:Display: Loaded TP WindowsServerTargetPlatform
[2016.04.02-19.27.03:539][  0]LogTemp:Display: Loaded TP WindowsTargetPlatform
[2016.04.02-19.27.03:549][  0]LogTemp:Display: Loaded TP AndroidTargetPlatform
[2016.04.02-19.27.03:558][  0]LogTemp:Display: Loaded TP Android_ASTCTargetPlatform
[2016.04.02-19.27.03:565][  0]LogTemp:Display: Loaded TP Android_ATCTargetPlatform
[2016.04.02-19.27.03:572][  0]LogTemp:Display: Loaded TP Android_DXTTargetPlatform
[2016.04.02-19.27.03:580][  0]LogTemp:Display: Loaded TP Android_ETC1TargetPlatform
[2016.04.02-19.27.03:587][  0]LogTemp:Display: Loaded TP Android_ETC2TargetPlatform
[2016.04.02-19.27.03:602][  0]LogTemp:Display: Loaded TP Android_MultiTargetPlatform
[2016.04.02-19.27.03:602][  0]LogTemp:Display: Loaded TP Android_PVRTCTargetPlatform
[2016.04.02-19.27.03:607][  0]LogTemp:Display: Loaded TP HTML5TargetPlatform
[2016.04.02-19.27.03:634][  0]LogTemp:Display: Loaded TP IOSTargetPlatform
[2016.04.02-19.27.03:641][  0]LogTemp:Display: Loaded TP TVOSTargetPlatform
[2016.04.02-19.27.03:649][  0]LogTemp:Display: Loaded TP LinuxNoEditorTargetPlatform
[2016.04.02-19.27.03:656][  0]LogTemp:Display: Loaded TP LinuxServerTargetPlatform
[2016.04.02-19.27.03:664][  0]LogTemp:Display: Loaded TP LinuxTargetPlatform
[2016.04.02-19.27.03:664][  0]LogTargetPlatformManager:Display: Building Assets For Windows
[2016.04.02-19.27.03:833][  0]LogDerivedDataCache:Display: Max Cache Size: 512 MB
[2016.04.02-19.27.03:913][  0]LogDerivedDataCache: Loaded boot cache 0.08s 46MB C:/Users/owen/AppData/Local/UnrealEngine/4.11/DerivedDataCache/Boot.ddc.
[2016.04.02-19.27.03:913][  0]LogDerivedDataCache:Display: Loaded Boot cache: C:/Users/owen/AppData/Local/UnrealEngine/4.11/DerivedDataCache/Boot.ddc
[2016.04.02-19.27.03:914][  0]LogDerivedDataCache: FDerivedDataBackendGraph:  Pak pak cache file ../../../../../../Users/owen/Documents/GitHub/SpaceFPS/DerivedDataCache/DDC.ddp not found, will not use a pak cache.
[2016.04.02-19.27.03:914][  0]LogDerivedDataCache: Unable to find inner node Pak for hierarchical cache Hierarchy.
[2016.04.02-19.27.03:914][  0]LogDerivedDataCache: FDerivedDataBackendGraph:  CompressedPak pak cache file ../../../../../../Users/owen/Documents/GitHub/SpaceFPS/DerivedDataCache/Compressed.ddp not found, will not use a pak cache.
[2016.04.02-19.27.03:914][  0]LogDerivedDataCache: Unable to find inner node CompressedPak for hierarchical cache Hierarchy.
[2016.04.02-19.27.03:931][  0]LogDerivedDataCache:Display: Pak cache opened for reading ../../../Engine/DerivedDataCache/Compressed.ddp.
[2016.04.02-19.27.03:943][  0]LogDerivedDataCache: Using Local data cache path C:/Users/owen/AppData/Local/UnrealEngine/Common/DerivedDataCache: Writable
[2016.04.02-19.27.04:175][  0]LogInit: Selected Device Profile: [Windows]
[2016.04.02-19.27.04:176][  0]LogContentStreaming: Texture pool size is 0.00 MB
[2016.04.02-19.27.04:213][  0]LogMaterial: Uniform references updated for custom material expression Custom.
[2016.04.02-19.27.04:373][  0]LogMeshUtilities: No automatic mesh reduction module available
[2016.04.02-19.27.04:373][  0]LogMeshUtilities: No automatic mesh merging module available
[2016.04.02-19.27.04:373][  0]LogMeshUtilities: No distributed automatic mesh merging module available
[2016.04.02-19.27.04:714][  0]LogUObjectArray: 27672 objects as part of root set at end of initial load.
[2016.04.02-19.27.04:714][  0]LogUObjectAllocator: 5589896 out of 0 bytes used by permanent object pool.
[2016.04.02-19.27.04:714][  0]LogUObjectArray: CloseDisregardForGC: 0/0 objects in disregard for GC pool
[2016.04.02-19.27.04:731][  0]LogInit: WinSock: version 1.1 (2.2), MaxSocks=32767, MaxUdp=65467
[2016.04.02-19.27.04:956][  0]LogSlate: SlateFontCache - WITH_FREETYPE: 1, WITH_HARFBUZZ: 1
[2016.04.02-19.27.04:956][  0]LogSlate: SlateFontCache - WITH_FREETYPE: 1, WITH_HARFBUZZ: 1
[2016.04.02-19.27.05:149][  0]LogStreaming:Warning: Failed to read file '../../../Engine/Content/Editor/Slate/Common/Selection_16x.png' error.
[2016.04.02-19.27.05:149][  0]LogSlate: Could not find file for Slate resource: ../../../Engine/Content/Editor/Slate/Common/Selection_16x.png
[2016.04.02-19.27.05:149][  0]LogStreaming:Warning: Failed to read file '../../../Engine/Content/Editor/Slate/Common/Selection_16x.png' error.
[2016.04.02-19.27.05:149][  0]LogSlate: Could not find file for Slate resource: ../../../Engine/Content/Editor/Slate/Common/Selection_16x.png
[2016.04.02-19.27.05:149][  0]LogStreaming:Warning: Failed to read file '../../../Engine/Content/Editor/Slate/Common/Selection_16x.png' error.
[2016.04.02-19.27.05:149][  0]LogSlate: Could not find file for Slate resource: ../../../Engine/Content/Editor/Slate/Common/Selection_16x.png
[2016.04.02-19.27.06:147][  0]LogUdpMessaging: Initializing bridge on interface 0.0.0.0:0 to multicast group 230.0.0.1:6666.
[2016.04.02-19.27.06:279][  0]LogAssetRegistry: FAssetRegistry took 0.0203 seconds to start up
[2016.04.02-19.27.06:510][  0]SourceControl: Info Source control is disabled
[2016.04.02-19.27.08:782][  0]LogEngine: Initializing Engine...
[2016.04.02-19.27.08:787][  0]LogHMD: SteamVR failed to initialize.  Err: 110
[2016.04.02-19.27.08:971][  0]LogAIModule: Creating AISystem for world NewWorld
[2016.04.02-19.27.08:996][  0]LogInit: XAudio2 using 'Headset Earphone (Razer Kraken 7.1 Chroma)' : 2 channels at 44.1 kHz using 16 bits per sample (channel mask 0x3)
[2016.04.02-19.27.09:010][  0]LogInit: FAudioDevice initialized.
[2016.04.02-19.27.09:049][  0]LogDerivedDataCache: Saved boot cache 0.04s 46MB C:/Users/owen/AppData/Local/UnrealEngine/4.11/DerivedDataCache/Boot.ddc.
[2016.04.02-19.27.09:059][  0]LogInit: Texture streaming: Enabled
[2016.04.02-19.27.09:105][  0]LogInit: Transaction tracking system initialized
[2016.04.02-19.27.09:161][  0]BlueprintLog: New page: Editor Load
[2016.04.02-19.27.09:325][  0]LocalizationService: Info Localization service is disabled
[2016.04.02-19.27.09:453][  0]LogConsoleResponse:Display: 
[2016.04.02-19.27.09:602][  0]LogFileCache: Scanning file cache for directory 'C:/Users/owen/Documents/GitHub/SpaceFPS/Content/' took 0.02s
[2016.04.02-19.27.09:604][  0]LogCook:Display: Max memory allowance for cook 8192mb
[2016.04.02-19.27.09:604][  0]LogCook:Display: Mobile HDR setting 1
[2016.04.02-19.27.09:604][  0]LogCook:Display: Done creating registry. It took  0.00s.
[2016.04.02-19.27.10:367][  0]Cmd: MAP LOAD FILE="../../../../../../Users/owen/Documents/GitHub/SpaceFPS/Content/FirstPersonBP/Maps/FirstPersonExampleMap.umap" TEMPLATE=0 SHOWPROGRESS=1 FEATURELEVEL=3
[2016.04.02-19.27.10:367][  0]LogEditorServer:Warning: Can't find file '../../../../../../Users/owen/Documents/GitHub/SpaceFPS/Content/FirstPersonBP/Maps/FirstPersonExampleMap.umap'
[2016.04.02-19.27.10:367][  0]Cmd: MAP CHECKDEP NOCLEARLOG
[2016.04.02-19.27.10:437][  0]MapCheck: Info Map check complete: 0 Error(s), 0 Warning(s), took 69.377ms to complete.
[2016.04.02-19.27.10:437][  0]LogFileHelpers: Loading map 'FirstPersonExampleMap' took 0.070
[2016.04.02-19.27.10:568][  0]LogCollectionManager: Loaded 0 collections in 0.003023 seconds
[2016.04.02-19.27.10:614][  0]LogFileCache: Scanning file cache for directory 'C:/Users/owen/Documents/GitHub/SpaceFPS/Saved/Collections/' took 0.01s
[2016.04.02-19.27.10:614][  0]LogFileCache: Scanning file cache for directory 'C:/Users/owen/Documents/GitHub/SpaceFPS/Content/Developers/owen/Collections/' took 0.01s
[2016.04.02-19.27.10:614][  0]LogFileCache: Scanning file cache for directory 'C:/Users/owen/Documents/GitHub/SpaceFPS/Content/Collections/' took 0.01s
[2016.04.02-19.27.10:614][  0]LogCollectionManager: Rebuilt the GUID cache for 0 collections in 0.000003 seconds
[2016.04.02-19.27.10:624][  0]LogContentBrowser: Native class hierarchy populated in 0.0096 seconds. Added 1978 classes and 343 folders.
[2016.04.02-19.27.10:631][  0]LogStats: UGameplayTagsManager::ConstructGameplayTagTree: Construct from data asset -  0.000 s
[2016.04.02-19.27.10:631][  0]LogStats: UGameplayTagsManager::ConstructGameplayTagTree: GameplayTagTreeChangedEvent.Broadcast -  0.000 s
[2016.04.02-19.27.10:632][  0]LogContentBrowser: Native class hierarchy updated for 'GameplayTags' in 0.0006 seconds. Added 12 classes and 0 folders.
[2016.04.02-19.27.10:646][  0]LogContentBrowser: Native class hierarchy updated for 'WidgetCarousel' in 0.0005 seconds. Added 0 classes and 0 folders.
[2016.04.02-19.27.10:662][  0]LogContentBrowser: Native class hierarchy updated for 'SuperSearch' in 0.0004 seconds. Added 1 classes and 2 folders.
[2016.04.02-19.27.10:758][  0]LogContentBrowser: Native class hierarchy updated for 'AddContentDialog' in 0.0005 seconds. Added 0 classes and 0 folders.
[2016.04.02-19.27.10:766][  0]LogContentBrowser: Native class hierarchy updated for 'SceneOutliner' in 0.0004 seconds. Added 1 classes and 2 folders.
[2016.04.02-19.27.10:828][  0]LogCrashTracker: Crashtracker disabled due to settings.
[2016.04.02-19.27.10:833][  0]LogUObjectGlobals:Warning: Failed to find object 'Class None.'
[2016.04.02-19.27.10:861][  0]LogContentBrowser: Native class hierarchy updated for 'HierarchicalLODOutliner' in 0.0005 seconds. Added 1 classes and 2 folders.
[2016.04.02-19.27.10:861][  0]LogLoad: Full Startup: 10.41 seconds (BP compile: 0.00 seconds)
[2016.04.02-19.27.10:861][  0]LogExternalProfiler: Found external profiler: VSPerf
[2016.04.02-19.27.10:861][  0]LogExternalProfiler: Using external profiler: VSPerf
[2016.04.02-19.27.11:201][  0]LogOcInput: Can't find Oculus library dev build: is proper Runtime installed? Version: 0.8.0.0
[2016.04.02-19.27.11:253][  0]SourceControl: Info On branch master
[2016.04.02-19.27.11:253][  0]SourceControl: Info Your branch is up-to-date with 'origin/master'.
[2016.04.02-19.27.11:253][  0]SourceControl: Info Changes not staged for commit:
[2016.04.02-19.27.11:253][  0]SourceControl: Info   (use "git add <file>..." to update what will be committed)
[2016.04.02-19.27.11:253][  0]SourceControl: Info   (use "git checkout -- <file>..." to discard changes in working directory)
[2016.04.02-19.27.11:253][  0]SourceControl: Info 	modified:   Content/Levels/AssetTestingField.umap
[2016.04.02-19.27.11:253][  0]SourceControl: Info 	modified:   Intermediate/CachedAssetRegistry.bin
[2016.04.02-19.27.11:253][  0]SourceControl: Info 	modified:   Intermediate/Config/CoalescedSourceConfigs/Engine.ini
[2016.04.02-19.27.11:253][  0]SourceControl: Info 	modified:   Intermediate/Config/CoalescedSourceConfigs/Game.ini
[2016.04.02-19.27.11:253][  0]SourceControl: Info 	modified:   Saved/AutoScreenshot.png
[2016.04.02-19.27.11:253][  0]SourceControl: Info 	modified:   Saved/Autosaves/PackageRestoreData.json
[2016.04.02-19.27.11:253][  0]SourceControl: Info 	modified:   Saved/Config/Windows/Editor.ini
[2016.04.02-19.27.11:253][  0]SourceControl: Info 	modified:   Saved/Config/Windows/EditorPerProjectUserSettings.ini
[2016.04.02-19.27.11:253][  0]SourceControl: Info 	modified:   Saved/Config/Windows/Engine.ini
[2016.04.02-19.27.11:253][  0]SourceControl: Info 	modified:   Saved/Config/Windows/SourceControlSettings.ini
[2016.04.02-19.27.11:253][  0]SourceControl: Info 	modified:   Saved/Logs/SpaceFPS.log
[2016.04.02-19.27.11:253][  0]SourceControl: Info Untracked files:
[2016.04.02-19.27.11:253][  0]SourceControl: Info   (use "git add <file>..." to include in what will be committed)
[2016.04.02-19.27.11:253][  0]SourceControl: Info 	Saved/Autosaves/Game/
[2016.04.02-19.27.11:253][  0]SourceControl: Info 	Saved/Backup/AssetTestingField_2016-04-02-12-22-37.umap
[2016.04.02-19.27.11:253][  0]SourceControl: Info 	Saved/Backup/AssetTestingField_2016-04-02-12-34-19.umap
[2016.04.02-19.27.11:253][  0]SourceControl: Info 	Saved/Backup/AssetTestingField_2016-04-02-12-39-53.umap
[2016.04.02-19.27.11:254][  0]SourceControl: Info 	Saved/Backup/AssetTestingField_2016-04-02-12-46-11.umap
[2016.04.02-19.27.11:254][  0]SourceControl: Info 	Saved/Backup/AssetTestingField_2016-04-02-20-05-51.umap
[2016.04.02-19.27.11:254][  0]SourceControl: Info 	Saved/Backup/AssetTestingField_2016-04-02-20-12-01.umap
[2016.04.02-19.27.11:254][  0]SourceControl: Info 	Saved/Backup/Capital_Ship_Test_2016-04-02-20-07-16.uasset
[2016.04.02-19.27.11:254][  0]SourceControl: Info 	Saved/Backup/Crate_1Base_2016-04-02-12-44-26.uasset
[2016.04.02-19.27.11:254][  0]SourceControl: Info 	Saved/Backup/Crate_1_2016-04-02-12-34-58.uasset
[2016.04.02-19.27.11:254][  0]SourceControl: Info 	Saved/Backup/Crate_1_2016-04-02-12-48-21.uasset
[2016.04.02-19.27.11:254][  0]SourceControl: Info 	Saved/Backup/Crate_2_2016-04-02-12-36-30.uasset
[2016.04.02-19.27.11:254][  0]SourceControl: Info 	Saved/Backup/Crate_2_2016-04-02-12-48-21.uasset
[2016.04.02-19.27.11:254][  0]SourceControl: Info 	Saved/Backup/Crate_3_2016-04-02-12-37-35.uasset
[2016.04.02-19.27.11:254][  0]SourceControl: Info 	Saved/Backup/Crate_3_2016-04-02-12-48-21.uasset
[2016.04.02-19.27.11:254][  0]SourceControl: Info 	Saved/Backup/Crate_4_2016-04-02-12-38-21.uasset
[2016.04.02-19.27.11:254][  0]SourceControl: Info 	Saved/Backup/Crate_4_2016-04-02-12-48-21.uasset
[2016.04.02-19.27.11:254][  0]SourceControl: Info 	Saved/Backup/Material_2016-04-02-20-12-01.uasset
[2016.04.02-19.27.11:254][  0]SourceControl: Info 	Saved/Backup/testlevel_2016-04-02-11-34-26.umap
[2016.04.02-19.27.11:254][  0]SourceControl: Info 	Saved/Config/ConsoleHistory.ini
[2016.04.02-19.27.11:254][  0]SourceControl: Info 	Saved/Config/WorldState/1612747390.json
[2016.04.02-19.27.11:254][  0]SourceControl: Info 	Saved/Config/WorldState/3845549965.json
[2016.04.02-19.27.11:254][  0]SourceControl: Info 	Saved/Logs/SpaceFPS-backup-2016.04.02-11.33.13.log
[2016.04.02-19.27.11:254][  0]SourceControl: Info 	Saved/Logs/SpaceFPS-backup-2016.04.02-11.48.49.log
[2016.04.02-19.27.11:254][  0]SourceControl: Info 	Saved/Logs/SpaceFPS-backup-2016.04.02-20.03.46.log
[2016.04.02-19.27.11:254][  0]SourceControl: Info 	Saved/Logs/SpaceFPS-backup-2016.04.02-20.27.01.log
[2016.04.02-19.27.11:254][  0]SourceControl: Info 	Saved/Logs/SpaceFPS_2-backup-2016.04.02-12.43.46.log
[2016.04.02-19.27.11:254][  0]SourceControl: Info 	Saved/Logs/SpaceFPS_2-backup-2016.04.02-12.44.33.log
[2016.04.02-19.27.11:254][  0]SourceControl: Info 	Saved/Logs/SpaceFPS_2-backup-2016.04.02-12.46.12.log
[2016.04.02-19.27.11:254][  0]SourceControl: Info 	Saved/Logs/SpaceFPS_2-backup-2016.04.02-12.47.09.log
[2016.04.02-19.27.11:254][  0]SourceControl: Info 	Saved/Logs/SpaceFPS_2-backup-2016.04.02-12.48.22.log
[2016.04.02-19.27.11:254][  0]SourceControl: Info 	Saved/Logs/SpaceFPS_2-backup-2016.04.02-20.05.52.log
[2016.04.02-19.27.11:254][  0]SourceControl: Info 	Saved/Logs/SpaceFPS_2-backup-2016.04.02-20.07.19.log
[2016.04.02-19.27.11:254][  0]SourceControl: Info 	Saved/Logs/SpaceFPS_2-backup-2016.04.02-20.12.02.log
[2016.04.02-19.27.11:254][  0]SourceControl: Info 	Saved/Logs/SpaceFPS_2-backup-2016.04.02-20.12.44.log
[2016.04.02-19.27.11:254][  0]SourceControl: Info 	Saved/Logs/SpaceFPS_2.log
[2016.04.02-19.27.11:254][  0]SourceControl: Info 	Saved/Stats/2016.04.02-11.37.44Stats.csv
[2016.04.02-19.27.11:254][  0]SourceControl: Info 	Saved/Stats/2016.04.02-11.43.20Stats.csv
[2016.04.02-19.27.11:254][  0]SourceControl: Info 	Saved/Stats/2016.04.02-11.58.57Stats.csv
[2016.04.02-19.27.11:254][  0]SourceControl: Info 	Saved/Stats/2016.04.02-12.44.15Stats.csv
[2016.04.02-19.27.11:254][  0]SourceControl: Info 	Saved/Stats/2016.04.02-12.45.05Stats.csv
[2016.04.02-19.27.11:254][  0]SourceControl: Info 	Saved/Stats/2016.04.02-12.46.29Stats.csv
[2016.04.02-19.27.11:254][  0]SourceControl: Info 	Saved/Stats/2016.04.02-12.47.31Stats.csv
[2016.04.02-19.27.11:254][  0]SourceControl: Info 	Saved/Stats/2016.04.02-12.49.23Stats.csv
[2016.04.02-19.27.11:254][  0]SourceControl: Info 	Saved/Stats/2016.04.02-20.06.20Stats.csv
[2016.04.02-19.27.11:254][  0]SourceControl: Info 	Saved/Stats/2016.04.02-20.07.41Stats.csv
[2016.04.02-19.27.11:254][  0]SourceControl: Info 	Saved/Stats/2016.04.02-20.12.17Stats.csv
[2016.04.02-19.27.11:254][  0]SourceControl: Info 	Saved/Stats/2016.04.02-20.13.00Stats.csv
[2016.04.02-19.27.11:254][  0]SourceControl: Info 	Saved/Stats/2016.04.02-20.14.17Stats.csv
[2016.04.02-19.27.11:254][  0]SourceControl: Info no changes added to commit (use "git add" and/or "git commit -a")
[2016.04.02-19.27.11:254][  0]LogContentStreaming: Texture pool size now 1000 MB
[2016.04.02-19.27.11:395][  0]LogRenderer: Reallocating scene render targets to support 1200x728 (Frame:2).
[2016.04.02-19.27.11:651][  1]LogAssetRegistry: Asset discovery search completed in 5.3926 seconds
[2016.04.02-19.27.11:651][  1]LogCollectionManager: Rebuilt the object cache for 0 collections in 0.000001 seconds (found 0 objects)
[2016.04.02-19.27.11:652][  1]LogCollectionManager: Fixed up redirectors for 0 collections in 0.000023 seconds (updated 0 objects)
[2016.04.02-19.27.27:469][985]LogFactory: FactoryCreateBinary: StaticMesh with FbxFactory (0 0 D:/Unreal4SpaceBase/Capital Ship/Capital Ship_Test.fbx)
[2016.04.02-19.27.27:477][985]LogFbx: ItemName: GlobalSettings, ItemCount : 1
[2016.04.02-19.27.27:477][985]LogFbx: ItemName: NodeAttribute, ItemCount : 2
[2016.04.02-19.27.27:477][985]LogFbx: ItemName: Geometry, ItemCount : 6
[2016.04.02-19.27.27:477][985]LogFbx: ItemName: Model, ItemCount : 8
[2016.04.02-19.27.27:477][985]LogFbx: ItemName: Material, ItemCount : 1
[2016.04.02-19.27.27:484][985]LogFbx: Loading FBX Scene from D:/Unreal4SpaceBase/Capital Ship/Capital Ship_Test.fbx
[2016.04.02-19.27.27:496][985]LogFbx: FBX Scene Loaded Succesfully
[2016.04.02-19.27.28:859][985]LogFbx: Loading FBX Scene from D:/Unreal4SpaceBase/Capital Ship/Capital Ship_Test.fbx
[2016.04.02-19.27.28:870][985]LogFbx: FBX Scene Loaded Succesfully
[2016.04.02-19.27.28:876][985]LogFbx:Warning: Triangulating static mesh Cylinder.004
[2016.04.02-19.27.28:951][985]LogFbx:Warning: Triangulating static mesh Cylinder.003
[2016.04.02-19.27.29:025][985]LogFbx:Warning: Triangulating static mesh Cylinder.002
[2016.04.02-19.27.29:093][985]LogFbx:Warning: Triangulating static mesh Cylinder.001
[2016.04.02-19.27.29:158][985]LogFbx:Warning: Triangulating static mesh Cylinder
[2016.04.02-19.27.29:224][985]LogFbx:Warning: Triangulating static mesh Cube
[2016.04.02-19.27.29:463][985]LogStaticMesh: Building static mesh Capital_Ship_Test...
[2016.04.02-19.27.29:504][985]LogStaticMesh: Built static mesh [0.04s] /Game/BlenderAssets/Capital_Ship_Test.Capital_Ship_Test
[2016.04.02-19.27.29:511][985]LogStaticMesh:Warning: Capital_Ship_Test has degenerate tangent bases which will result in incorrect shading.  MikkTSpace relies on tangent bases and may result in mesh corruption, consider disabling this option.
[2016.04.02-19.27.29:516][985]FBXImport:Warning: Warning Warning: No smoothing group information was found in this FBX scene.  Please make sure to enable the 'Export Smoothing Groups' option in the FBX Exporter plug-in before exporting the file.  Even for tools that don't support smoothing groups, the FBX Exporter will generate appropriate smoothing data at export-time so that correct vertex normals can be inferred while importing. 
[2016.04.02-19.27.29:516][985]FBXImport:Warning: Warning Capital_Ship_Test has degenerate tangent bases which will result in incorrect shading.  MikkTSpace relies on tangent bases and may result in mesh corruption, consider disabling this option. 
[2016.04.02-19.27.52:753][501]Cmd: QUIT_EDITOR
[2016.04.02-19.27.52:856][501]LogExit: Preparing to exit.
[2016.04.02-19.27.53:282][501]LogExit: Editor shut down
[2016.04.02-19.27.53:284][501]LogExit: Transaction tracking system shut down
[2016.04.02-19.27.53:406][501]LogObj: Freed 0b from 0 cluster array pools.
[2016.04.02-19.27.53:406][501]LogExit: Object subsystem successfully closed.
[2016.04.02-19.27.53:424][501]LogD3D11RHI: Shutdown
[2016.04.02-19.27.53:424][501]LogD3D11RHI: CleanupD3DDevice
[2016.04.02-19.27.53:458][501]LogD3D11RHI: ~FD3D11DynamicRHI
[2016.04.02-19.27.53:955][501]LogDerivedDataCache: Shutdown
[2016.04.02-19.27.53:955][501]LogModuleManager: Shutting down and abandoning module HierarchicalLODOutliner (202)
[2016.04.02-19.27.53:955][501]LogModuleManager: Shutting down and abandoning module CrashTracker (201)
[2016.04.02-19.27.53:955][501]LogModuleManager: Shutting down and abandoning module SceneOutliner (200)
[2016.04.02-19.27.53:955][501]LogModuleManager: Shutting down and abandoning module SuperSearch (199)
[2016.04.02-19.27.53:955][501]LogModuleManager: Shutting down and abandoning module WidgetCarousel (198)
[2016.04.02-19.27.53:955][501]LogModuleManager: Shutting down and abandoning module AddContentDialog (197)
[2016.04.02-19.27.53:956][501]LogModuleManager: Shutting down and abandoning module GameplayTags (196)
[2016.04.02-19.27.53:956][501]LogModuleManager: Shutting down and abandoning module EditorWidgets (195)
[2016.04.02-19.27.53:956][501]LogModuleManager: Shutting down and abandoning module CollectionManager (194)
[2016.04.02-19.27.53:957][501]LogModuleManager: Shutting down and abandoning module FoliageEdit (193)
[2016.04.02-19.27.53:957][501]LogModuleManager: Shutting down and abandoning module LandscapeEditor (192)
[2016.04.02-19.27.53:957][501]LogModuleManager: Shutting down and abandoning module ActorPickerMode (191)
[2016.04.02-19.27.53:957][501]LogModuleManager: Shutting down and abandoning module GeometryMode (190)
[2016.04.02-19.27.53:957][501]LogModuleManager: Shutting down and abandoning module TextureAlignMode (189)
[2016.04.02-19.27.53:957][501]LogModuleManager: Shutting down and abandoning module BspMode (188)
[2016.04.02-19.27.53:957][501]LogModuleManager: Shutting down and abandoning module PlacementMode (187)
[2016.04.02-19.27.53:957][501]LogModuleManager: Shutting down and abandoning module AutomationWorker (186)
[2016.04.02-19.27.53:957][501]LogModuleManager: Shutting down and abandoning module CharacterAI (185)
[2016.04.02-19.27.53:957][501]LogModuleManager: Shutting down and abandoning module SmartSnapping (184)
[2016.04.02-19.27.53:957][501]LogModuleManager: Shutting down and abandoning module ViewportSnapping (183)
[2016.04.02-19.27.53:957][501]LogModuleManager: Shutting down and abandoning module LogVisualizer (182)
[2016.04.02-19.27.53:957][501]LogModuleManager: Shutting down and abandoning module GameProjectGeneration (181)
[2016.04.02-19.27.53:957][501]LogModuleManager: Shutting down and abandoning module IntroTutorials (180)
[2016.04.02-19.27.53:957][501]LogModuleManager: Shutting down and abandoning module EditorLiveStreaming (179)
[2016.04.02-19.27.53:957][501]LogModuleManager: Shutting down and abandoning module IOSPlatformEditor (178)
[2016.04.02-19.27.53:957][501]LogModuleManager: Shutting down and abandoning module HTML5PlatformEditor (177)
[2016.04.02-19.27.53:957][501]LogModuleManager: Shutting down and abandoning module AndroidDeviceDetection (176)
[2016.04.02-19.27.54:392][501]LogModuleManager: Shutting down and abandoning module AndroidPlatformEditor (175)
[2016.04.02-19.27.54:392][501]LogModuleManager: Shutting down and abandoning module IOSRuntimeSettings (174)
[2016.04.02-19.27.54:392][501]LogModuleManager: Shutting down and abandoning module AndroidRuntimeSettings (173)
[2016.04.02-19.27.54:392][501]LogModuleManager: Shutting down and abandoning module MergeActors (172)
[2016.04.02-19.27.54:392][501]LogModuleManager: Shutting down and abandoning module SizeMap (171)
[2016.04.02-19.27.54:392][501]LogModuleManager: Shutting down and abandoning module TreeMap (170)
[2016.04.02-19.27.54:392][501]LogModuleManager: Shutting down and abandoning module ReferenceViewer (169)
[2016.04.02-19.27.54:392][501]LogModuleManager: Shutting down and abandoning module LocalizationService (168)
[2016.04.02-19.27.54:392][501]LogModuleManager: Shutting down and abandoning module LocalizationDashboard (167)
[2016.04.02-19.27.54:392][501]LogModuleManager: Shutting down and abandoning module HardwareTargeting (166)
[2016.04.02-19.27.54:392][501]LogModuleManager: Shutting down and abandoning module DeviceProfileEditor (165)
[2016.04.02-19.27.54:392][501]LogModuleManager: Shutting down and abandoning module UndoHistory (164)
[2016.04.02-19.27.54:392][501]LogModuleManager: Shutting down and abandoning module UserFeedback (163)
[2016.04.02-19.27.54:392][501]LogModuleManager: Shutting down and abandoning module XmlParser (162)
[2016.04.02-19.27.54:392][501]LogModuleManager: Shutting down and abandoning module Blutility (161)
[2016.04.02-19.27.54:392][501]LogModuleManager: Shutting down and abandoning module ProjectTargetPlatformEditor (160)
[2016.04.02-19.27.54:392][501]LogModuleManager: Shutting down and abandoning module ProjectSettingsViewer (159)
[2016.04.02-19.27.54:392][501]LogModuleManager: Shutting down and abandoning module InputBindingEditor (158)
[2016.04.02-19.27.54:393][501]LogModuleManager: Shutting down and abandoning module EditorSettingsViewer (157)
[2016.04.02-19.27.54:393][501]LogModuleManager: Shutting down and abandoning module SettingsEditor (156)
[2016.04.02-19.27.54:393][501]LogModuleManager: Shutting down and abandoning module ProjectLauncher (155)
[2016.04.02-19.27.54:393][501]LogModuleManager: Shutting down and abandoning module SessionFrontend (154)
[2016.04.02-19.27.54:393][501]LogModuleManager: Shutting down and abandoning module ProfilerClient (153)
[2016.04.02-19.27.54:393][501]LogModuleManager: Shutting down and abandoning module TargetDeviceServices (152)
[2016.04.02-19.27.54:393][501]LogModuleManager: Shutting down and abandoning module DeviceManager (151)
[2016.04.02-19.27.54:433][501]LogModuleManager: Shutting down and abandoning module AutomationController (150)
[2016.04.02-19.27.54:433][501]LogModuleManager: Shutting down and abandoning module AutomationWindow (149)
[2016.04.02-19.27.54:433][501]LogModuleManager: Shutting down and abandoning module Layers (148)
[2016.04.02-19.27.54:433][501]LogModuleManager: Shutting down and abandoning module ComponentVisualizers (147)
[2016.04.02-19.27.54:433][501]LogModuleManager: Shutting down and abandoning module DetailCustomizations (146)
[2016.04.02-19.27.54:433][501]LogModuleManager: Shutting down and abandoning module PackagesDialog (145)
[2016.04.02-19.27.54:433][501]LogModuleManager: Shutting down and abandoning module Persona (144)
[2016.04.02-19.27.54:433][501]LogModuleManager: Shutting down and abandoning module Kismet (143)
[2016.04.02-19.27.54:433][501]LogModuleManager: Shutting down and abandoning module GraphEditor (142)
[2016.04.02-19.27.54:433][501]LogModuleManager: Shutting down and abandoning module ClassViewer (141)
[2016.04.02-19.27.54:433][501]LogModuleManager: Shutting down and abandoning module Toolbox (140)
[2016.04.02-19.27.54:433][501]LogModuleManager: Shutting down and abandoning module ModuleUI (139)
[2016.04.02-19.27.54:434][501]LogModuleManager: Shutting down and abandoning module MovieSceneTools (138)
[2016.04.02-19.27.54:434][501]LogModuleManager: Shutting down and abandoning module OutputLog (137)
[2016.04.02-19.27.54:434][501]LogModuleManager: Shutting down and abandoning module GammaUI (136)
[2016.04.02-19.27.54:434][501]LogModuleManager: Shutting down and abandoning module Documentation (135)
[2016.04.02-19.27.54:434][501]LogModuleManager: Shutting down and abandoning module StreamingPauseRendering (134)
[2016.04.02-19.27.54:434][501]LogModuleManager: Shutting down and abandoning module AnalyticsET (133)
[2016.04.02-19.27.54:434][501]LogModuleManager: Shutting down and abandoning module Analytics (132)
[2016.04.02-19.27.54:434][501]LogModuleManager: Shutting down and abandoning module PortalServices (131)
[2016.04.02-19.27.54:434][501]LogModuleManager: Shutting down and abandoning module PortalRpc (130)
[2016.04.02-19.27.54:434][501]LogModuleManager: Shutting down and abandoning module MessagingRpc (129)
[2016.04.02-19.27.54:434][501]LogModuleManager: Shutting down and abandoning module AITestSuite (128)
[2016.04.02-19.27.54:434][501]LogModuleManager: Shutting down and abandoning module GameplayDebugger (127)
[2016.04.02-19.27.54:434][501]LogModuleManager: Shutting down and abandoning module AIModule (126)
[2016.04.02-19.27.54:434][501]LogModuleManager: Shutting down and abandoning module ProfilerService (125)
[2016.04.02-19.27.54:483][501]LogModuleManager: Shutting down and abandoning module TaskGraph (124)
[2016.04.02-19.27.54:483][501]LogModuleManager: Shutting down and abandoning module SlateRemote (123)
[2016.04.02-19.27.54:483][501]LogModuleManager: Shutting down and abandoning module SteamVRController (122)
[2016.04.02-19.27.54:483][501]LogModuleManager: Shutting down and abandoning module SteamVR (121)
[2016.04.02-19.27.54:483][501]LogModuleManager: Shutting down and abandoning module ProceduralMeshComponent (120)
[2016.04.02-19.27.54:483][501]LogModuleManager: Shutting down and abandoning module OculusLibrary (119)
[2016.04.02-19.27.54:483][501]LogModuleManager: Shutting down and abandoning module OculusInput (118)
[2016.04.02-19.27.54:483][501]LogModuleManager: Shutting down and abandoning module CustomMeshComponent (117)
[2016.04.02-19.27.54:483][501]LogModuleManager: Shutting down and abandoning module CableComponent (116)
[2016.04.02-19.27.54:483][501]LogModuleManager: Shutting down and abandoning module ArchVisCharacter (115)
[2016.04.02-19.27.54:483][501]LogModuleManager: Shutting down and abandoning module MediaPlayerEditor (114)
[2016.04.02-19.27.54:483][501]LogModuleManager: Shutting down and abandoning module HTML5Networking (113)
[2016.04.02-19.27.54:483][501]LogModuleManager: Shutting down and abandoning module SpeedTreeImporter (112)
[2016.04.02-19.27.54:483][501]LogModuleManager: Shutting down and abandoning module PluginBrowser (111)
[2016.04.02-19.27.54:483][501]LogModuleManager: Shutting down and abandoning module EpicSurvey (110)
[2016.04.02-19.27.54:483][501]LogModuleManager: Shutting down and abandoning module DesktopPlatform (109)
[2016.04.02-19.27.54:483][501]LogModuleManager: Shutting down and abandoning module VisualStudioSourceCodeAccess (108)
[2016.04.02-19.27.54:483][501]LogModuleManager: Shutting down and abandoning module UObjectPlugin (107)
[2016.04.02-19.27.54:483][501]LogModuleManager: Shutting down and abandoning module SubversionSourceControl (106)
[2016.04.02-19.27.54:483][501]LogModuleManager: Shutting down and abandoning module PerforceSourceControl (105)
[2016.04.02-19.27.54:483][501]LogModuleManager: Shutting down and abandoning module SourceControl (104)
[2016.04.02-19.27.54:483][501]LogModuleManager: Shutting down and abandoning module GitSourceControl (103)
[2016.04.02-19.27.54:483][501]LogModuleManager: Shutting down and abandoning module LightPropagationVolumeEditor (102)
[2016.04.02-19.27.54:483][501]LogModuleManager: Shutting down and abandoning module PaperTiledImporter (101)
[2016.04.02-19.27.54:483][501]LogModuleManager: Shutting down and abandoning module PaperSpriteSheetImporter (100)
[2016.04.02-19.27.54:483][501]LogModuleManager: Shutting down and abandoning module MeshPaint (99)
[2016.04.02-19.27.54:483][501]LogModuleManager: Shutting down and abandoning module HotReload (98)
[2016.04.02-19.27.54:484][501]LogModuleManager: Shutting down and abandoning module MainFrame (97)
[2016.04.02-19.27.54:484][501]LogModuleManager: Shutting down and abandoning module LevelEditor (96)
[2016.04.02-19.27.54:485][501]LogModuleManager: Shutting down and abandoning module DirectoryWatcher (95)
[2016.04.02-19.27.54:485][501]LogModuleManager: Shutting down and abandoning module AssetRegistry (94)
[2016.04.02-19.27.54:638][501]LogModuleManager: Shutting down and abandoning module ContentBrowser (93)
[2016.04.02-19.27.54:638][501]LogModuleManager: Shutting down and abandoning module Paper2DEditor (92)
[2016.04.02-19.27.54:639][501]LogModuleManager: Shutting down and abandoning module UdpMessaging (91)
[2016.04.02-19.27.54:740][501]LogModuleManager: Shutting down and abandoning module LightPropagationVolumeRuntime (90)
[2016.04.02-19.27.54:740][501]LogModuleManager: Shutting down and abandoning module Paper2D (89)
[2016.04.02-19.27.54:740][501]LogModuleManager: Shutting down and abandoning module WindowsMoviePlayer (88)
[2016.04.02-19.27.54:740][501]LogModuleManager: Shutting down and abandoning module Media (87)
[2016.04.02-19.27.54:740][501]LogModuleManager: Shutting down and abandoning module WmfMedia (86)
[2016.04.02-19.27.54:740][501]LogModuleManager: Shutting down and abandoning module GameLiveStreaming (85)
[2016.04.02-19.27.54:740][501]LogModuleManager: Shutting down and abandoning module GameplayTagsEditor (84)
[2016.04.02-19.27.54:740][501]LogModuleManager: Shutting down and abandoning module OnlineBlueprintSupport (83)
[2016.04.02-19.27.54:740][501]LogModuleManager: Shutting down and abandoning module GameplayTasksEditor (82)
[2016.04.02-19.27.54:740][501]LogModuleManager: Shutting down and abandoning module PropertyEditor (81)
[2016.04.02-19.27.54:740][501]LogModuleManager: Shutting down and abandoning module BehaviorTreeEditor (80)
[2016.04.02-19.27.54:740][501]LogModuleManager: Shutting down and abandoning module FunctionalTesting (79)
[2016.04.02-19.27.54:740][501]LogModuleManager: Shutting down and abandoning module CollisionAnalyzer (78)
[2016.04.02-19.27.54:741][501]LogModuleManager: Shutting down and abandoning module WorkspaceMenuStructure (77)
[2016.04.02-19.27.54:741][501]LogModuleManager: Shutting down and abandoning module MessageLog (76)
[2016.04.02-19.27.54:741][501]LogModuleManager: Shutting down and abandoning module Sequencer (75)
[2016.04.02-19.27.54:741][501]LogModuleManager: Shutting down and abandoning module AssetTools (74)
[2016.04.02-19.27.54:741][501]LogModuleManager: Shutting down and abandoning module UMGEditor (73)
[2016.04.02-19.27.54:741][501]LogModuleManager: Shutting down and abandoning module UMG (72)
[2016.04.02-19.27.54:741][501]LogModuleManager: Shutting down and abandoning module SlateReflector (71)
[2016.04.02-19.27.54:741][501]LogModuleManager: Shutting down and abandoning module Slate (70)
[2016.04.02-19.27.54:741][501]LogModuleManager: Shutting down and abandoning module EditorStyle (69)
[2016.04.02-19.27.54:744][501]LogModuleManager: Shutting down and abandoning module SessionServices (68)
[2016.04.02-19.27.54:744][501]LogModuleManager: Shutting down and abandoning module SourceCodeAccess (67)
[2016.04.02-19.27.54:744][501]LogModuleManager: Shutting down and abandoning module HeadMountedDisplay (66)
[2016.04.02-19.27.54:744][501]LogModuleManager: Shutting down and abandoning module XAudio2 (65)
[2016.04.02-19.27.54:744][501]LogModuleManager: Shutting down and abandoning module Networking (63)
[2016.04.02-19.27.54:744][501]LogModuleManager: Shutting down and abandoning module Core (62)
[2016.04.02-19.27.54:744][501]LogModuleManager: Shutting down and abandoning module KismetCompiler (61)
[2016.04.02-19.27.54:744][501]LogModuleManager: Shutting down and abandoning module PhysXFormats (60)
[2016.04.02-19.27.54:744][501]LogModuleManager: Shutting down and abandoning module MeshUtilities (59)
[2016.04.02-19.27.54:744][501]LogModuleManager: Shutting down and abandoning module CookingStats (58)
[2016.04.02-19.27.54:744][501]LogModuleManager: Shutting down and abandoning module DerivedDataCache (57)
[2016.04.02-19.27.54:744][501]LogDerivedDataCache: Shutdown
[2016.04.02-19.27.54:744][501]LogModuleManager: Shutting down and abandoning module ShaderFormatOpenGL (56)
[2016.04.02-19.27.54:744][501]LogModuleManager: Shutting down and abandoning module ShaderFormatD3D (55)
[2016.04.02-19.27.54:744][501]LogModuleManager: Shutting down and abandoning module MetalShaderFormat (54)
[2016.04.02-19.27.54:744][501]LogModuleManager: Shutting down and abandoning module TextureFormatUncompressed (53)
[2016.04.02-19.27.54:744][501]LogModuleManager: Shutting down and abandoning module TextureFormatPVR (52)
[2016.04.02-19.27.54:744][501]LogModuleManager: Shutting down and abandoning module TextureFormatIntelISPCTexComp (51)
[2016.04.02-19.27.54:744][501]LogModuleManager: Shutting down and abandoning module TextureFormatDXT (50)
[2016.04.02-19.27.54:744][501]LogModuleManager: Shutting down and abandoning module ImageWrapper (49)
[2016.04.02-19.27.54:744][501]LogModuleManager: Shutting down and abandoning module TextureFormatASTC (48)
[2016.04.02-19.27.54:744][501]LogModuleManager: Shutting down and abandoning module TextureFormatAndroid (47)
[2016.04.02-19.27.54:744][501]LogModuleManager: Shutting down and abandoning module AudioFormatOpus (46)
[2016.04.02-19.27.54:744][501]LogModuleManager: Shutting down and abandoning module AudioFormatOgg (45)
[2016.04.02-19.27.54:744][501]LogModuleManager: Shutting down and abandoning module AudioFormatADPCM (44)
[2016.04.02-19.27.54:744][501]LogModuleManager: Shutting down and abandoning module LinuxTargetPlatform (43)
[2016.04.02-19.27.54:744][501]LogModuleManager: Shutting down and abandoning module LinuxServerTargetPlatform (42)
[2016.04.02-19.27.54:744][501]LogModuleManager: Shutting down and abandoning module LinuxNoEditorTargetPlatform (41)
[2016.04.02-19.27.54:744][501]LogModuleManager: Shutting down and abandoning module TVOSTargetPlatform (40)
[2016.04.02-19.27.54:744][501]LogModuleManager: Shutting down and abandoning module Messaging (39)
[2016.04.02-19.27.54:744][501]LogModuleManager: Shutting down and abandoning module IOSTargetPlatform (38)
[2016.04.02-19.27.54:744][501]LogModuleManager: Shutting down and abandoning module HTML5TargetPlatform (37)
[2016.04.02-19.27.54:744][501]LogModuleManager: Shutting down and abandoning module Android_PVRTCTargetPlatform (36)
[2016.04.02-19.27.54:744][501]LogModuleManager: Shutting down and abandoning module Android_MultiTargetPlatform (35)
[2016.04.02-19.27.54:744][501]LogModuleManager: Shutting down and abandoning module Android_ETC2TargetPlatform (34)
[2016.04.02-19.27.54:744][501]LogModuleManager: Shutting down and abandoning module Android_ETC1TargetPlatform (33)
[2016.04.02-19.27.54:745][501]LogModuleManager: Shutting down and abandoning module Android_DXTTargetPlatform (32)
[2016.04.02-19.27.54:745][501]LogModuleManager: Shutting down and abandoning module Android_ATCTargetPlatform (31)
[2016.04.02-19.27.54:745][501]LogModuleManager: Shutting down and abandoning module Android_ASTCTargetPlatform (30)
[2016.04.02-19.27.54:745][501]LogModuleManager: Shutting down and abandoning module AndroidTargetPlatform (29)
[2016.04.02-19.27.54:745][501]LogModuleManager: Shutting down and abandoning module WindowsTargetPlatform (28)
[2016.04.02-19.27.54:745][501]LogModuleManager: Shutting down and abandoning module WindowsServerTargetPlatform (27)
[2016.04.02-19.27.54:745][501]LogModuleManager: Shutting down and abandoning module WindowsNoEditorTargetPlatform (26)
[2016.04.02-19.27.54:745][501]LogModuleManager: Shutting down and abandoning module WindowsClientTargetPlatform (25)
[2016.04.02-19.27.54:745][501]LogModuleManager: Shutting down and abandoning module AllDesktopTargetPlatform (24)
[2016.04.02-19.27.54:745][501]LogModuleManager: Shutting down and abandoning module TargetPlatform (23)
[2016.04.02-19.27.54:745][501]LogModuleManager: Shutting down and abandoning module InputCore (22)
[2016.04.02-19.27.54:745][501]LogModuleManager: Shutting down and abandoning module Settings (21)
[2016.04.02-19.27.54:745][501]LogModuleManager: Shutting down and abandoning module OnlineSubsystem (19)
[2016.04.02-19.27.54:745][501]LogModuleManager: Shutting down and abandoning module HTTP (18)
[2016.04.02-19.27.57:745][501]LogModuleManager: Shutting down and abandoning module XMPP (17)
[2016.04.02-19.27.57:745][501]LogModuleManager: Shutting down and abandoning module OculusRift (16)
[2016.04.02-19.27.57:745][501]LogModuleManager: Shutting down and abandoning module ExampleDeviceProfileSelector (15)
[2016.04.02-19.27.57:745][501]LogModuleManager: Shutting down and abandoning module TextureCompressor (14)
[2016.04.02-19.27.57:745][501]LogModuleManager: Shutting down and abandoning module ShaderCore (13)
[2016.04.02-19.27.57:745][501]LogModuleManager: Shutting down and abandoning module Landscape (12)
[2016.04.02-19.27.57:745][501]LogModuleManager: Shutting down and abandoning module SlateRHIRenderer (11)
[2016.04.02-19.27.57:747][501]LogModuleManager: Shutting down and abandoning module OpenGLDrv (10)
[2016.04.02-19.27.57:747][501]LogModuleManager: Shutting down and abandoning module D3D11RHI (9)
[2016.04.02-19.27.57:747][501]LogModuleManager: Shutting down and abandoning module AnimGraphRuntime (8)
[2016.04.02-19.27.57:747][501]LogModuleManager: Shutting down and abandoning module Renderer (7)
[2016.04.02-19.27.57:747][501]LogModuleManager: Shutting down and abandoning module Engine (6)
[2016.04.02-19.27.57:747][501]LogModuleManager: Shutting down and abandoning module CoreUObject (5)
[2016.04.02-19.27.57:747][501]LogModuleManager: Shutting down and abandoning module NetworkFile (4)
[2016.04.02-19.27.57:747][501]LogModuleManager: Shutting down and abandoning module StreamingFile (3)
[2016.04.02-19.27.57:747][501]LogModuleManager: Shutting down and abandoning module SandboxFile (2)
[2016.04.02-19.27.57:747][501]LogModuleManager: Shutting down and abandoning module PakFile (1)
[2016.04.02-19.27.57:749][501]LogExit: Exiting.
[2016.04.02-19.27.57:750][501]Log file closed, 04/02/16 20:27:57
