Log file open, 04/03/16 23:33:42
LogInit:Display: Running engine for game: SpaceFPS
LogPlatformFile: Not using cached read wrapper
LogInit:Display: RandInit(-1185168317) SRandInit(-1185168315).
LogTaskGraph: Started task graph with 4 named threads and 7 total threads.
LogStats: Stats thread started at 0.177356
LogHMD: Can't find Oculus library dev build: is proper Runtime installed? Version: 0.8.0.0
LogInit: Version: 4.11.0-2927265+++UE4+Release-4.11
LogInit: API Version: 2927265
LogInit: Compiled (64-bit): Mar 30 2016 02:13:55
LogInit: Compiled with Visual C++: 19.00.23026.00
LogInit: Build Configuration: Development
LogInit: Branch Name: ++UE4+Release-4.11
LogInit: Command line:  
LogInit: Base directory: C:/Program Files (x86)/Epic Games/4.11/Engine/Binaries/Win64/
LogInit: Installed Engine Build: 1
LogInit: Using libcurl 7.41.0
LogInit:  - built for x86_64-pc-win32
LogInit:  - supports SSL with WinSSL
LogInit:  - other features:
LogInit:      CURL_VERSION_SSL
LogInit:      CURL_VERSION_IPV6
LogInit:      CURL_VERSION_ASYNCHDNS
LogInit:      CURL_VERSION_LARGEFILE
LogInit:      CURL_VERSION_IDN
LogInit:  CurlRequestOptions (configurable via config and command line):
LogInit:  - bVerifyPeer = true  - Libcurl will verify peer certificate
LogInit:  - bUseHttpProxy = false  - Libcurl will NOT use HTTP proxy
LogInit:  - bDontReuseConnections = false  - Libcurl will reuse connections
LogInit:  - CertBundlePath = nullptr  - Libcurl will use whatever was configured at build time.
LogInit: Presizing for max 16777216 objects, including 0 objects not considered by GC, pre-allocating 0 bytes for permanent pool.
LogInit: Object subsystem initialized
[2016.04.03-22.33.42:674][  0]LogInit: Selected Device Profile: [Windows]
[2016.04.03-22.33.42:674][  0]LogInit: Applying CVar settings loaded from the selected device profile: [Windows]
[2016.04.03-22.33.42:689][  0]LogInit: Computer: OWEN
[2016.04.03-22.33.42:689][  0]LogInit: User: owen
[2016.04.03-22.33.42:689][  0]LogInit: CPU Page size=65536, Cores=4
[2016.04.03-22.33.42:689][  0]LogInit: High frequency timer resolution =3.923935 MHz
[2016.04.03-22.33.42:689][  0]LogMemory: Memory total: Physical=32.0GB (32GB approx)
[2016.04.03-22.33.42:689][  0]LogMemory: Platform Memory Stats for Windows
[2016.04.03-22.33.42:689][  0]LogMemory: Process Physical Memory: 314.48 MB used, 314.48 MB peak
[2016.04.03-22.33.42:689][  0]LogMemory: Process Virtual Memory: 316.76 MB used, 316.76 MB peak
[2016.04.03-22.33.42:689][  0]LogMemory: Physical Memory: 6280.05 MB used, 32750.12 MB total
[2016.04.03-22.33.42:689][  0]LogMemory: Virtual Memory: 621.02 MB used, 8388608.00 MB total
[2016.04.03-22.33.43:251][  0]LogTextLocalizationManager: No specific translations for ('en-GB') exist, so ('en') translations will be used.
[2016.04.03-22.33.43:776][  0]LogD3D11RHI: D3D11 adapters:
[2016.04.03-22.33.43:789][  0]LogD3D11RHI:    0. 'AMD Radeon R9 200 Series' (Feature Level 11_0)
[2016.04.03-22.33.43:789][  0]LogD3D11RHI:       3051MB of dedicated video memory, 0MB of dedicated system memory, and 3840MB of shared system memory, 1 output[s]
[2016.04.03-22.33.43:789][  0]LogD3D11RHI: Chosen D3D11 Adapter: 0
[2016.04.03-22.33.43:797][  0]LogD3D11RHI: Creating new Direct3DDevice
[2016.04.03-22.33.43:798][  0]LogD3D11RHI:     Adapter Name: AMD Radeon R9 200 Series
[2016.04.03-22.33.43:798][  0]LogD3D11RHI:   Driver Version: Unknown (internal Unknown)
[2016.04.03-22.33.43:798][  0]LogD3D11RHI:      Driver Date: Unknown
[2016.04.03-22.33.43:798][  0]LogRHI: Texture pool is 1361 MB (70% of 1945 MB)
[2016.04.03-22.33.43:810][  0]LogD3D11RHI: Async texture creation disabled: no driver support
[2016.04.03-22.33.43:823][  0]LogShaderCompilers: Guid format shader working directory is -9 characters bigger than the processId version (../../../../../../Users/owen/Documents/GitHub/SpaceFPS/Intermediate/Shaders/WorkingDirectory/1400/).
[2016.04.03-22.33.43:823][  0]LogShaderCompilers: Cleaned the shader compiler working directory 'C:/Users/owen/AppData/Local/Temp/UnrealShaderWorkingDir/ED61ABEB4154D7405C5590819B6D58CC/'.
[2016.04.03-22.33.43:823][  0]LogShaderCompilers:Display: Using Local Shader Compiler.
[2016.04.03-22.33.46:512][  0]LogTemp:Display: Loaded TP AllDesktopTargetPlatform
[2016.04.03-22.33.46:550][  0]LogTemp:Display: Loaded TP WindowsClientTargetPlatform
[2016.04.03-22.33.46:588][  0]LogTemp:Display: Loaded TP WindowsNoEditorTargetPlatform
[2016.04.03-22.33.46:628][  0]LogTemp:Display: Loaded TP WindowsServerTargetPlatform
[2016.04.03-22.33.46:668][  0]LogTemp:Display: Loaded TP WindowsTargetPlatform
[2016.04.03-22.33.46:706][  0]LogTemp:Display: Loaded TP AndroidTargetPlatform
[2016.04.03-22.33.46:745][  0]LogTemp:Display: Loaded TP Android_ASTCTargetPlatform
[2016.04.03-22.33.46:784][  0]LogTemp:Display: Loaded TP Android_ATCTargetPlatform
[2016.04.03-22.33.46:823][  0]LogTemp:Display: Loaded TP Android_DXTTargetPlatform
[2016.04.03-22.33.46:862][  0]LogTemp:Display: Loaded TP Android_ETC1TargetPlatform
[2016.04.03-22.33.46:901][  0]LogTemp:Display: Loaded TP Android_ETC2TargetPlatform
[2016.04.03-22.33.46:978][  0]LogTemp:Display: Loaded TP Android_MultiTargetPlatform
[2016.04.03-22.33.46:979][  0]LogTemp:Display: Loaded TP Android_PVRTCTargetPlatform
[2016.04.03-22.33.47:013][  0]LogTemp:Display: Loaded TP HTML5TargetPlatform
[2016.04.03-22.33.47:136][  0]LogTemp:Display: Loaded TP IOSTargetPlatform
[2016.04.03-22.33.47:170][  0]LogTemp:Display: Loaded TP TVOSTargetPlatform
[2016.04.03-22.33.47:208][  0]LogTemp:Display: Loaded TP LinuxNoEditorTargetPlatform
[2016.04.03-22.33.47:244][  0]LogTemp:Display: Loaded TP LinuxServerTargetPlatform
[2016.04.03-22.33.47:289][  0]LogTemp:Display: Loaded TP LinuxTargetPlatform
[2016.04.03-22.33.47:289][  0]LogTargetPlatformManager:Display: Building Assets For Windows
[2016.04.03-22.33.48:269][  0]LogDerivedDataCache:Display: Max Cache Size: 512 MB
[2016.04.03-22.33.48:591][  0]LogDerivedDataCache: Loaded boot cache 0.32s 46MB C:/Users/owen/AppData/Local/UnrealEngine/4.11/DerivedDataCache/Boot.ddc.
[2016.04.03-22.33.48:592][  0]LogDerivedDataCache:Display: Loaded Boot cache: C:/Users/owen/AppData/Local/UnrealEngine/4.11/DerivedDataCache/Boot.ddc
[2016.04.03-22.33.48:592][  0]LogDerivedDataCache: FDerivedDataBackendGraph:  Pak pak cache file ../../../../../../Users/owen/Documents/GitHub/SpaceFPS/DerivedDataCache/DDC.ddp not found, will not use a pak cache.
[2016.04.03-22.33.48:592][  0]LogDerivedDataCache: Unable to find inner node Pak for hierarchical cache Hierarchy.
[2016.04.03-22.33.48:592][  0]LogDerivedDataCache: FDerivedDataBackendGraph:  CompressedPak pak cache file ../../../../../../Users/owen/Documents/GitHub/SpaceFPS/DerivedDataCache/Compressed.ddp not found, will not use a pak cache.
[2016.04.03-22.33.48:592][  0]LogDerivedDataCache: Unable to find inner node CompressedPak for hierarchical cache Hierarchy.
[2016.04.03-22.33.48:610][  0]LogDerivedDataCache:Display: Pak cache opened for reading ../../../Engine/DerivedDataCache/Compressed.ddp.
[2016.04.03-22.33.48:622][  0]LogDerivedDataCache: Using Local data cache path C:/Users/owen/AppData/Local/UnrealEngine/Common/DerivedDataCache: Writable
[2016.04.03-22.33.48:995][  0]LogInit: Selected Device Profile: [Windows]
[2016.04.03-22.33.48:996][  0]LogContentStreaming: Texture pool size is 0.00 MB
[2016.04.03-22.33.49:038][  0]LogMaterial: Uniform references updated for custom material expression Custom.
[2016.04.03-22.33.49:250][  0]LogMeshUtilities: No automatic mesh reduction module available
[2016.04.03-22.33.49:250][  0]LogMeshUtilities: No automatic mesh merging module available
[2016.04.03-22.33.49:250][  0]LogMeshUtilities: No distributed automatic mesh merging module available
[2016.04.03-22.33.49:672][  0]LogUObjectArray: 27672 objects as part of root set at end of initial load.
[2016.04.03-22.33.49:672][  0]LogUObjectAllocator: 5589896 out of 0 bytes used by permanent object pool.
[2016.04.03-22.33.49:672][  0]LogUObjectArray: CloseDisregardForGC: 0/0 objects in disregard for GC pool
[2016.04.03-22.33.49:718][  0]LogInit: WinSock: version 1.1 (2.2), MaxSocks=32767, MaxUdp=65467
[2016.04.03-22.33.51:843][  0]LogSlate: SlateFontCache - WITH_FREETYPE: 1, WITH_HARFBUZZ: 1
[2016.04.03-22.33.51:843][  0]LogSlate: SlateFontCache - WITH_FREETYPE: 1, WITH_HARFBUZZ: 1
[2016.04.03-22.33.52:222][  0]LogStreaming:Warning: Failed to read file '../../../Engine/Content/Editor/Slate/Common/Selection_16x.png' error.
[2016.04.03-22.33.52:222][  0]LogSlate: Could not find file for Slate resource: ../../../Engine/Content/Editor/Slate/Common/Selection_16x.png
[2016.04.03-22.33.52:222][  0]LogStreaming:Warning: Failed to read file '../../../Engine/Content/Editor/Slate/Common/Selection_16x.png' error.
[2016.04.03-22.33.52:222][  0]LogSlate: Could not find file for Slate resource: ../../../Engine/Content/Editor/Slate/Common/Selection_16x.png
[2016.04.03-22.33.52:223][  0]LogStreaming:Warning: Failed to read file '../../../Engine/Content/Editor/Slate/Common/Selection_16x.png' error.
[2016.04.03-22.33.52:223][  0]LogSlate: Could not find file for Slate resource: ../../../Engine/Content/Editor/Slate/Common/Selection_16x.png
[2016.04.03-22.33.54:396][  0]LogUdpMessaging: Initializing bridge on interface 0.0.0.0:0 to multicast group 230.0.0.1:6666.
[2016.04.03-22.33.54:742][  0]LogAssetRegistry: FAssetRegistry took 0.0200 seconds to start up
[2016.04.03-22.33.55:461][  0]SourceControl: Info Source control is disabled
[2016.04.03-22.33.59:289][  0]LogEngine: Initializing Engine...
[2016.04.03-22.33.59:335][  0]LogHMD: SteamVR failed to initialize.  Err: 110
[2016.04.03-22.33.59:623][  0]LogAIModule: Creating AISystem for world NewWorld
[2016.04.03-22.33.59:672][  0]LogInit: XAudio2 using 'Headset Earphone (Razer Kraken 7.1 Chroma)' : 2 channels at 44.1 kHz using 16 bits per sample (channel mask 0x3)
[2016.04.03-22.33.59:902][  0]LogInit: FAudioDevice initialized.
[2016.04.03-22.33.59:941][  0]LogDerivedDataCache: Saved boot cache 0.04s 46MB C:/Users/owen/AppData/Local/UnrealEngine/4.11/DerivedDataCache/Boot.ddc.
[2016.04.03-22.33.59:951][  0]LogInit: Texture streaming: Enabled
[2016.04.03-22.34.00:185][  0]LogInit: Transaction tracking system initialized
[2016.04.03-22.34.00:436][  0]BlueprintLog: New page: Editor Load
[2016.04.03-22.34.01:639][  0]LocalizationService: Info Localization service is disabled
[2016.04.03-22.34.02:347][  0]LogConsoleResponse:Display: 
[2016.04.03-22.34.02:520][  0]LogCook:Display: Max memory allowance for cook 8192mb
[2016.04.03-22.34.02:520][  0]LogCook:Display: Mobile HDR setting 1
[2016.04.03-22.34.02:520][  0]LogCook:Display: Done creating registry. It took  0.00s.
[2016.04.03-22.34.02:646][  0]LogFileCache: Scanning file cache for directory 'C:/Users/owen/Documents/GitHub/SpaceFPS/Content/' took 0.02s
[2016.04.03-22.34.03:666][  0]Cmd: MAP LOAD FILE="../../../../../../Users/owen/Documents/GitHub/SpaceFPS/Content/FirstPersonBP/Maps/FirstPersonExampleMap.umap" TEMPLATE=0 SHOWPROGRESS=1 FEATURELEVEL=3
[2016.04.03-22.34.03:666][  0]LogEditorServer:Warning: Can't find file '../../../../../../Users/owen/Documents/GitHub/SpaceFPS/Content/FirstPersonBP/Maps/FirstPersonExampleMap.umap'
[2016.04.03-22.34.03:666][  0]Cmd: MAP CHECKDEP NOCLEARLOG
[2016.04.03-22.34.03:734][  0]MapCheck: Info Map check complete: 0 Error(s), 0 Warning(s), took 67.947ms to complete.
[2016.04.03-22.34.03:734][  0]LogFileHelpers: Loading map 'FirstPersonExampleMap' took 0.068
[2016.04.03-22.34.03:915][  0]LogCollectionManager: Loaded 0 collections in 0.003505 seconds
[2016.04.03-22.34.03:961][  0]LogFileCache: Scanning file cache for directory 'C:/Users/owen/Documents/GitHub/SpaceFPS/Saved/Collections/' took 0.01s
[2016.04.03-22.34.03:961][  0]LogFileCache: Scanning file cache for directory 'C:/Users/owen/Documents/GitHub/SpaceFPS/Content/Developers/owen/Collections/' took 0.01s
[2016.04.03-22.34.03:961][  0]LogFileCache: Scanning file cache for directory 'C:/Users/owen/Documents/GitHub/SpaceFPS/Content/Collections/' took 0.01s
[2016.04.03-22.34.03:961][  0]LogCollectionManager: Rebuilt the GUID cache for 0 collections in 0.000004 seconds
[2016.04.03-22.34.03:971][  0]LogContentBrowser: Native class hierarchy populated in 0.0098 seconds. Added 1978 classes and 343 folders.
[2016.04.03-22.34.03:980][  0]LogStats: UGameplayTagsManager::ConstructGameplayTagTree: Construct from data asset -  0.000 s
[2016.04.03-22.34.03:980][  0]LogStats: UGameplayTagsManager::ConstructGameplayTagTree: GameplayTagTreeChangedEvent.Broadcast -  0.000 s
[2016.04.03-22.34.03:981][  0]LogContentBrowser: Native class hierarchy updated for 'GameplayTags' in 0.0007 seconds. Added 12 classes and 0 folders.
[2016.04.03-22.34.03:993][  0]LogContentBrowser: Native class hierarchy updated for 'WidgetCarousel' in 0.0004 seconds. Added 0 classes and 0 folders.
[2016.04.03-22.34.04:061][  0]LogContentBrowser: Native class hierarchy updated for 'SuperSearch' in 0.0005 seconds. Added 1 classes and 2 folders.
[2016.04.03-22.34.04:222][  0]LogContentBrowser: Native class hierarchy updated for 'AddContentDialog' in 0.0005 seconds. Added 0 classes and 0 folders.
[2016.04.03-22.34.04:295][  0]LogContentBrowser: Native class hierarchy updated for 'SceneOutliner' in 0.0005 seconds. Added 1 classes and 2 folders.
[2016.04.03-22.34.04:391][  0]LogCrashTracker: Crashtracker disabled due to settings.
[2016.04.03-22.34.04:396][  0]LogUObjectGlobals:Warning: Failed to find object 'Class None.'
[2016.04.03-22.34.04:474][  0]LogContentBrowser: Native class hierarchy updated for 'HierarchicalLODOutliner' in 0.0005 seconds. Added 1 classes and 2 folders.
[2016.04.03-22.34.04:474][  0]LogLoad: Full Startup: 23.69 seconds (BP compile: 0.01 seconds)
[2016.04.03-22.34.04:474][  0]LogExternalProfiler: Found external profiler: VSPerf
[2016.04.03-22.34.04:474][  0]LogExternalProfiler: Using external profiler: VSPerf
[2016.04.03-22.34.04:484][  0]LogOcInput: Can't find Oculus library dev build: is proper Runtime installed? Version: 0.8.0.0
[2016.04.03-22.34.04:542][  0]SourceControl: Info On branch master
[2016.04.03-22.34.04:542][  0]SourceControl: Info Your branch is up-to-date with 'origin/master'.
[2016.04.03-22.34.04:542][  0]SourceControl: Info Changes not staged for commit:
[2016.04.03-22.34.04:542][  0]SourceControl: Info   (use "git add <file>..." to update what will be committed)
[2016.04.03-22.34.04:542][  0]SourceControl: Info   (use "git checkout -- <file>..." to discard changes in working directory)
[2016.04.03-22.34.04:542][  0]SourceControl: Info 	modified:   Intermediate/CachedAssetRegistry.bin
[2016.04.03-22.34.04:542][  0]SourceControl: Info 	modified:   Saved/AutoScreenshot.png
[2016.04.03-22.34.04:542][  0]SourceControl: Info 	modified:   Saved/Autosaves/PackageRestoreData.json
[2016.04.03-22.34.04:542][  0]SourceControl: Info 	modified:   Saved/Config/Windows/Editor.ini
[2016.04.03-22.34.04:542][  0]SourceControl: Info 	modified:   Saved/Config/Windows/EditorPerProjectUserSettings.ini
[2016.04.03-22.34.04:542][  0]SourceControl: Info 	modified:   Saved/Logs/SpaceFPS.log
[2016.04.03-22.34.04:542][  0]SourceControl: Info no changes added to commit (use "git add" and/or "git commit -a")
[2016.04.03-22.34.04:542][  0]LogContentStreaming: Texture pool size now 1000 MB
[2016.04.03-22.34.04:704][  0]LogRenderer: Reallocating scene render targets to support 1200x728 (Frame:2).
[2016.04.03-22.34.04:924][  1]LogAssetRegistry: Asset discovery search completed in 10.2022 seconds
[2016.04.03-22.34.04:925][  1]LogCollectionManager: Rebuilt the object cache for 0 collections in 0.000001 seconds (found 0 objects)
[2016.04.03-22.34.04:925][  1]LogCollectionManager: Fixed up redirectors for 0 collections in 0.000029 seconds (updated 0 objects)
[2016.04.03-22.34.12:134][836]LogAIModule: Creating AISystem for world AssetTestingField
[2016.04.03-22.34.12:174][836]Cmd: MAP LOAD FILE="../../../../../../Users/owen/Documents/GitHub/SpaceFPS/Content/Levels/AssetTestingField.umap" TEMPLATE=0 SHOWPROGRESS=1 FEATURELEVEL=3
[2016.04.03-22.34.12:174][836]LightingResults: New page: Lighting Build
[2016.04.03-22.34.12:181][836]LogContentBrowser: Native class hierarchy updated for 'StatsViewer' in 0.0005 seconds. Added 5 classes and 0 folders.
[2016.04.03-22.34.12:205][836]LoadErrors: New page: Loading map: AssetTestingField.umap
[2016.04.03-22.34.12:206][836]MapCheck: New page: Map Check
[2016.04.03-22.34.12:206][836]LightingResults: New page: Lighting Build
[2016.04.03-22.34.12:258][836]LogEditorServer: Finished looking for orphan Actors (0.000 secs)
[2016.04.03-22.34.12:289][836]Cmd: MAP CHECKDEP NOCLEARLOG
[2016.04.03-22.34.12:369][836]MapCheck: Info Map check complete: 0 Error(s), 0 Warning(s), took 79.661ms to complete.
[2016.04.03-22.34.12:369][836]LogFileHelpers: Loading map 'AssetTestingField' took 0.197
[2016.04.03-22.34.15:796][227]LogEditorViewport: Clicking on Actor (LMB): StaticMeshActor (Crate_1Base)
[2016.04.03-22.34.15:917][230]LogEditorViewport: Clicking on Component (LMB): StaticMeshComponent (StaticMeshComponent0)
[2016.04.03-22.34.27:938][528]LogRenderer: Reallocating scene render targets to support 1424x912 (Frame:2014).
[2016.04.03-22.37.30:376][673]SourceControl: Info fatal: C:/Program Files (x86)/Epic Games/4.11/Engine/Content/ArtTools/RenderToTexture/Blueprints/PhysMesh.uasset: 'C:/Program Files (x86)/Epic Games/4.11/Engine/Content/ArtTools/RenderToTexture/Blueprints/PhysMesh.uasset' is outside repository
[2016.04.03-22.37.30:376][673]SourceControl: Info fatal: C:/Program Files (x86)/Epic Games/4.11/Engine/Content/ArtTools/RenderToTexture/Enums/EFloatTypes.uasset: 'C:/Program Files (x86)/Epic Games/4.11/Engine/Content/ArtTools/RenderToTexture/Enums/EFloatTypes.uasset' is outside repository
[2016.04.03-22.37.30:376][673]SourceControl: Info fatal: C:/Program Files (x86)/Epic Games/4.11/Engine/Content/ArtTools/RenderToTexture/Macros/RenderToTextureFunctionLibrary.uasset: 'C:/Program Files (x86)/Epic Games/4.11/Engine/Content/ArtTools/RenderToTexture/Macros/RenderToTextureFunctionLibrary.uasset' is outside repository
[2016.04.03-22.37.30:376][673]SourceControl: Info fatal: C:/Program Files (x86)/Epic Games/4.11/Engine/Content/ArtTools/RenderToTexture/MaterialFunctions/BoundingSphereBased_0-1_UVW.uasset: 'C:/Program Files (x86)/Epic Games/4.11/Engine/Content/ArtTools/RenderToTexture/MaterialFunctions/BoundingSphereBased_0-1_UVW.uasset' is outside repository
[2016.04.03-22.37.30:376][673]SourceControl: Info fatal: C:/Program Files (x86)/Epic Games/4.11/Engine/Content/ArtTools/RenderToTexture/Materials/MPC_R2T.uasset: 'C:/Program Files (x86)/Epic Games/4.11/Engine/Content/ArtTools/RenderToTexture/Materials/MPC_R2T.uasset' is outside repository
[2016.04.03-22.37.30:376][673]SourceControl: Info fatal: C:/Program Files (x86)/Epic Games/4.11/Engine/Content/ArtTools/RenderToTexture/Materials/Debug/M_2sidedLit.uasset: 'C:/Program Files (x86)/Epic Games/4.11/Engine/Content/ArtTools/RenderToTexture/Materials/Debug/M_2sidedLit.uasset' is outside repository
[2016.04.03-22.37.30:376][673]SourceControl: Info fatal: C:/Program Files (x86)/Epic Games/4.11/Engine/Content/ArtTools/RenderToTexture/Materials/Flipbooks/M_FlipBookCounter_01.uasset: 'C:/Program Files (x86)/Epic Games/4.11/Engine/Content/ArtTools/RenderToTexture/Materials/Flipbooks/M_FlipBookCounter_01.uasset' is outside repository
[2016.04.03-22.37.30:376][673]SourceControl: Info fatal: C:/Program Files (x86)/Epic Games/4.11/Engine/Content/ArtTools/RenderToTexture/Materials/Imposters/M_ImposterTest_01.uasset: 'C:/Program Files (x86)/Epic Games/4.11/Engine/Content/ArtTools/RenderToTexture/Materials/Imposters/M_ImposterTest_01.uasset' is outside repository
[2016.04.03-22.37.30:376][673]SourceControl: Info fatal: C:/Program Files (x86)/Epic Games/4.11/Engine/Content/ArtTools/RenderToTexture/Meshes/ShadowTestMesh.uasset: 'C:/Program Files (x86)/Epic Games/4.11/Engine/Content/ArtTools/RenderToTexture/Meshes/ShadowTestMesh.uasset' is outside repository
[2016.04.03-22.37.30:376][673]SourceControl: Info fatal: C:/Program Files (x86)/Epic Games/4.11/Engine/Content/ArtTools/RenderToTexture/Textures/127grey.uasset: 'C:/Program Files (x86)/Epic Games/4.11/Engine/Content/ArtTools/RenderToTexture/Textures/127grey.uasset' is outside repository
[2016.04.03-22.37.30:376][673]SourceControl: Info fatal: C:/Program Files (x86)/Epic Games/4.11/Engine/Content/ArtTools/RenderToTexture/Textures/FlipbookMotionVectors/Position1.uasset: 'C:/Program Files (x86)/Epic Games/4.11/Engine/Content/ArtTools/RenderToTexture/Textures/FlipbookMotionVectors/Position1.uasset' is outside repository
[2016.04.03-22.37.30:376][673]SourceControl: Info fatal: C:/Program Files (x86)/Epic Games/4.11/Engine/Content/BasicShapes/BasicShapeMaterial.uasset: 'C:/Program Files (x86)/Epic Games/4.11/Engine/Content/BasicShapes/BasicShapeMaterial.uasset' is outside repository
[2016.04.03-22.37.30:376][673]SourceControl: Info fatal: C:/Program Files (x86)/Epic Games/4.11/Engine/Content/BufferVisualization/AmbientOcclusion.uasset: 'C:/Program Files (x86)/Epic Games/4.11/Engine/Content/BufferVisualization/AmbientOcclusion.uasset' is outside repository
[2016.04.03-22.37.30:376][673]SourceControl: Info fatal: C:/Program Files (x86)/Epic Games/4.11/Engine/Content/Editor/Slate/Icons/AssetIcons/Cone_16x.uasset: 'C:/Program Files (x86)/Epic Games/4.11/Engine/Content/Editor/Slate/Icons/AssetIcons/Cone_16x.uasset' is outside repository
[2016.04.03-22.37.30:376][673]SourceControl: Info fatal: C:/Program Files (x86)/Epic Games/4.11/Engine/Content/EditorBlueprintResources/ActorMacros.uasset: 'C:/Program Files (x86)/Epic Games/4.11/Engine/Content/EditorBlueprintResources/ActorMacros.uasset' is outside repository
[2016.04.03-22.37.30:376][673]SourceControl: Info fatal: C:/Program Files (x86)/Epic Games/4.11/Engine/Content/EditorKismetResources/StandardMacros.uasset: 'C:/Program Files (x86)/Epic Games/4.11/Engine/Content/EditorKismetResources/StandardMacros.uasset' is outside repository
[2016.04.03-22.37.30:376][673]SourceControl: Info fatal: C:/Program Files (x86)/Epic Games/4.11/Engine/Content/EditorLandscapeResources/AlphaBrushMaterial.uasset: 'C:/Program Files (x86)/Epic Games/4.11/Engine/Content/EditorLandscapeResources/AlphaBrushMaterial.uasset' is outside repository
[2016.04.03-22.37.30:376][673]SourceControl: Info fatal: C:/Program Files (x86)/Epic Games/4.11/Engine/Content/EditorMaterials/Anchor.uasset: 'C:/Program Files (x86)/Epic Games/4.11/Engine/Content/EditorMaterials/Anchor.uasset' is outside repository
[2016.04.03-22.37.30:376][673]SourceControl: Info fatal: C:/Program Files (x86)/Epic Games/4.11/Engine/Content/EditorMaterials/TreeArrow_ExpandedRealtimePreview.uasset: 'C:/Program Files (x86)/Epic Games/4.11/Engine/Content/EditorMaterials/TreeArrow_ExpandedRealtimePreview.uasset' is outside repository
[2016.04.03-22.37.30:376][673]SourceControl: Info fatal: C:/Program Files (x86)/Epic Games/4.11/Engine/Content/EditorMaterials/Cascade/CASC_BackgroundCube_MAT.uasset: 'C:/Program Files (x86)/Epic Games/4.11/Engine/Content/EditorMaterials/Cascade/CASC_BackgroundCube_MAT.uasset' is outside repository
[2016.04.03-22.37.30:376][673]SourceControl: Info fatal: C:/Program Files (x86)/Epic Games/4.11/Engine/Content/EditorMaterials/Matinee/MAT_EnableTrack_Mat.uasset: 'C:/Program Files (x86)/Epic Games/4.11/Engine/Content/EditorMaterials/Matinee/MAT_EnableTrack_Mat.uasset' is outside repository
[2016.04.03-22.37.30:376][673]SourceControl: Info fatal: C:/Program Files (x86)/Epic Games/4.11/Engine/Content/EditorMaterials/MatineeGroups/MAT_ColorTrack.uasset: 'C:/Program Files (x86)/Epic Games/4.11/Engine/Content/EditorMaterials/MatineeGroups/MAT_ColorTrack.uasset' is outside repository
[2016.04.03-22.37.30:376][673]SourceControl: Info fatal: C:/Program Files (x86)/Epic Games/4.11/Engine/Content/EditorMaterials/ParticleSystems/PSysThumbnail_NoImage.uasset: 'C:/Program Files (x86)/Epic Games/4.11/Engine/Content/EditorMaterials/ParticleSystems/PSysThumbnail_NoImage.uasset' is outside repository
[2016.04.03-22.37.30:377][673]SourceControl: Info fatal: C:/Program Files (x86)/Epic Games/4.11/Engine/Content/EditorMaterials/Thumbnails/FloorPlaneMaterial.uasset: 'C:/Program Files (x86)/Epic Games/4.11/Engine/Content/EditorMaterials/Thumbnails/FloorPlaneMaterial.uasset' is outside repository
[2016.04.03-22.37.30:377][673]SourceControl: Info fatal: C:/Program Files (x86)/Epic Games/4.11/Engine/Content/EditorMaterials/Utilities/ImageReflectionPreview.uasset: 'C:/Program Files (x86)/Epic Games/4.11/Engine/Content/EditorMaterials/Utilities/ImageReflectionPreview.uasset' is outside repository
[2016.04.03-22.37.30:377][673]SourceControl: Info fatal: C:/Program Files (x86)/Epic Games/4.11/Engine/Content/EditorMeshes/AnimTreeEd_PreviewFloor.uasset: 'C:/Program Files (x86)/Epic Games/4.11/Engine/Content/EditorMeshes/AnimTreeEd_PreviewFloor.uasset' is outside repository
[2016.04.03-22.37.30:377][673]SourceControl: Info fatal: C:/Program Files (x86)/Epic Games/4.11/Engine/Content/EditorMeshes/Cascade/BackgroundCube.uasset: 'C:/Program Files (x86)/Epic Games/4.11/Engine/Content/EditorMeshes/Cascade/BackgroundCube.uasset' is outside repository
[2016.04.03-22.37.30:377][673]SourceControl: Info fatal: C:/Program Files (x86)/Epic Games/4.11/Engine/Content/EditorMeshes/ColorCalibrator/M_ChromeBall.uasset: 'C:/Program Files (x86)/Epic Games/4.11/Engine/Content/EditorMeshes/ColorCalibrator/M_ChromeBall.uasset' is outside repository
[2016.04.03-22.37.30:377][673]SourceControl: Info fatal: C:/Program Files (x86)/Epic Games/4.11/Engine/Content/EditorMeshes/SkeletalMesh/DefaultSkeletalMesh.uasset: 'C:/Program Files (x86)/Epic Games/4.11/Engine/Content/EditorMeshes/SkeletalMesh/DefaultSkeletalMesh.uasset' is outside repository
[2016.04.03-22.37.30:377][673]SourceControl: Info fatal: C:/Program Files (x86)/Epic Games/4.11/Engine/Content/EditorResources/Ai_Spawnpoint.uasset: 'C:/Program Files (x86)/Epic Games/4.11/Engine/Content/EditorResources/Ai_Spawnpoint.uasset' is outside repository
[2016.04.03-22.37.30:377][673]SourceControl: Info fatal: C:/Program Files (x86)/Epic Games/4.11/Engine/Content/EditorResources/S_Thruster.uasset: 'C:/Program Files (x86)/Epic Games/4.11/Engine/Content/EditorResources/S_Thruster.uasset' is outside repository
[2016.04.03-22.37.30:377][673]SourceControl: Info fatal: C:/Program Files (x86)/Epic Games/4.11/Engine/Content/EditorResources/AI/S_NavLink.uasset: 'C:/Program Files (x86)/Epic Games/4.11/Engine/Content/EditorResources/AI/S_NavLink.uasset' is outside repository
[2016.04.03-22.37.30:377][673]SourceControl: Info fatal: C:/Program Files (x86)/Epic Games/4.11/Engine/Content/EditorResources/AudioIcons/S_Ambient_Sound_Moveable.uasset: 'C:/Program Files (x86)/Epic Games/4.11/Engine/Content/EditorResources/AudioIcons/S_Ambient_Sound_Moveable.uasset' is outside repository
[2016.04.03-22.37.30:377][673]SourceControl: Info fatal: C:/Program Files (x86)/Epic Games/4.11/Engine/Content/EditorResources/Crowd/T_Crowd_Spline.uasset: 'C:/Program Files (x86)/Epic Games/4.11/Engine/Content/EditorResources/Crowd/T_Crowd_Spline.uasset' is outside repository
[2016.04.03-22.37.30:377][673]SourceControl: Info fatal: C:/Program Files (x86)/Epic Games/4.11/Engine/Content/EditorResources/LightIcons/Light_Point_Stationary_Statics.uasset: 'C:/Program Files (x86)/Epic Games/4.11/Engine/Content/EditorResources/LightIcons/Light_Point_Stationary_Statics.uasset' is outside repository
[2016.04.03-22.37.30:377][673]SourceControl: Info fatal: C:/Program Files (x86)/Epic Games/4.11/Engine/Content/EditorResources/Spline/T_Loft_Spline.uasset: 'C:/Program Files (x86)/Epic Games/4.11/Engine/Content/EditorResources/Spline/T_Loft_Spline.uasset' is outside repository
[2016.04.03-22.37.30:377][673]SourceControl: Info fatal: C:/Program Files (x86)/Epic Games/4.11/Engine/Content/EditorShapes/Materials/MI_ShapeInstance.uasset: 'C:/Program Files (x86)/Epic Games/4.11/Engine/Content/EditorShapes/Materials/MI_ShapeInstance.uasset' is outside repository
[2016.04.03-22.37.30:377][673]SourceControl: Info fatal: C:/Program Files (x86)/Epic Games/4.11/Engine/Content/EditorShapes/Textures/T_ShapeDiffuse.uasset: 'C:/Program Files (x86)/Epic Games/4.11/Engine/Content/EditorShapes/Textures/T_ShapeDiffuse.uasset' is outside repository
[2016.04.03-22.37.30:377][673]SourceControl: Info fatal: C:/Program Files (x86)/Epic Games/4.11/Engine/Content/EditorShellMaterials/MI_BaseFlat.uasset: 'C:/Program Files (x86)/Epic Games/4.11/Engine/Content/EditorShellMaterials/MI_BaseFlat.uasset' is outside repository
[2016.04.03-22.37.30:377][673]SourceControl: Info fatal: C:/Program Files (x86)/Epic Games/4.11/Engine/Content/EditorShellMaterials/ManualUVs/MI_BaseGrid_MUV.uasset: 'C:/Program Files (x86)/Epic Games/4.11/Engine/Content/EditorShellMaterials/ManualUVs/MI_BaseGrid_MUV.uasset' is outside repository
[2016.04.03-22.37.30:377][673]SourceControl: Info fatal: C:/Program Files (x86)/Epic Games/4.11/Engine/Content/EditorShellMaterials/SketchUp/MI_BaseGrid_WUV_SketchUp.uasset: 'C:/Program Files (x86)/Epic Games/4.11/Engine/Content/EditorShellMaterials/SketchUp/MI_BaseGrid_WUV_SketchUp.uasset' is outside repository
[2016.04.03-22.37.30:377][673]SourceControl: Info fatal: C:/Program Files (x86)/Epic Games/4.11/Engine/Content/EditorShellMaterials/WorldUVs/MI_BaseGrid_WUV.uasset: 'C:/Program Files (x86)/Epic Games/4.11/Engine/Content/EditorShellMaterials/WorldUVs/MI_BaseGrid_WUV.uasset' is outside repository
[2016.04.03-22.37.30:377][673]SourceControl: Info fatal: C:/Program Files (x86)/Epic Games/4.11/Engine/Content/EditorSounds/GamePreview/EjectFromPlayer.uasset: 'C:/Program Files (x86)/Epic Games/4.11/Engine/Content/EditorSounds/GamePreview/EjectFromPlayer.uasset' is outside repository
[2016.04.03-22.37.30:377][673]SourceControl: Info fatal: C:/Program Files (x86)/Epic Games/4.11/Engine/Content/EditorSounds/Notifications/CompileFailed.uasset: 'C:/Program Files (x86)/Epic Games/4.11/Engine/Content/EditorSounds/Notifications/CompileFailed.uasset' is outside repository
[2016.04.03-22.37.30:377][673]SourceControl: Info fatal: C:/Program Files (x86)/Epic Games/4.11/Engine/Content/EngineDamageTypes/DmgTypeBP_Environmental.uasset: 'C:/Program Files (x86)/Epic Games/4.11/Engine/Content/EngineDamageTypes/DmgTypeBP_Environmental.uasset' is outside repository
[2016.04.03-22.37.30:377][673]SourceControl: Info fatal: C:/Program Files (x86)/Epic Games/4.11/Engine/Content/EngineDebugMaterials/BlackUnlitMaterial.uasset: 'C:/Program Files (x86)/Epic Games/4.11/Engine/Content/EngineDebugMaterials/BlackUnlitMaterial.uasset' is outside repository
[2016.04.03-22.37.30:377][673]SourceControl: Info fatal: C:/Program Files (x86)/Epic Games/4.11/Engine/Content/EngineDebugMaterials/LightingModels/M_TextureDefinedSpecularReflecti.uasset: 'C:/Program Files (x86)/Epic Games/4.11/Engine/Content/EngineDebugMaterials/LightingModels/M_TextureDefinedSpecularReflecti.uasset' is outside repository
[2016.04.03-22.37.30:377][673]SourceControl: Info fatal: C:/Program Files (x86)/Epic Games/4.11/Engine/Content/EngineFonts/Roboto.uasset: 'C:/Program Files (x86)/Epic Games/4.11/Engine/Content/EngineFonts/Roboto.uasset' is outside repository
[2016.04.03-22.37.30:377][673]SourceControl: Info fatal: C:/Program Files (x86)/Epic Games/4.11/Engine/Content/EngineLightProfiles/180Degree_IES.uasset: 'C:/Program Files (x86)/Epic Games/4.11/Engine/Content/EngineLightProfiles/180Degree_IES.uasset' is outside repository
[2016.04.03-22.37.30:377][673]SourceControl: Info fatal: C:/Program Files (x86)/Epic Games/4.11/Engine/Content/EngineMaterials/AntiAliasedTextMaterialTranslucent.uasset: 'C:/Program Files (x86)/Epic Games/4.11/Engine/Content/EngineMaterials/AntiAliasedTextMaterialTranslucent.uasset' is outside repository
[2016.04.03-22.37.30:377][673]SourceControl: Info fatal: C:/Program Files (x86)/Epic Games/4.11/Engine/Content/EngineMaterials/RandomMirrorDisc.uasset: 'C:/Program Files (x86)/Epic Games/4.11/Engine/Content/EngineMaterials/RandomMirrorDisc.uasset' is outside repository
[2016.04.03-22.37.30:377][673]SourceControl: Info fatal: C:/Program Files (x86)/Epic Games/4.11/Engine/Content/EngineMeshes/BackgroundCube.uasset: 'C:/Program Files (x86)/Epic Games/4.11/Engine/Content/EngineMeshes/BackgroundCube.uasset' is outside repository
[2016.04.03-22.37.30:377][673]SourceControl: Info fatal: C:/Program Files (x86)/Epic Games/4.11/Engine/Content/EngineProduction/ReferenceNormalMap.uasset: 'C:/Program Files (x86)/Epic Games/4.11/Engine/Content/EngineProduction/ReferenceNormalMap.uasset' is outside repository
[2016.04.03-22.37.30:377][673]SourceControl: Info fatal: C:/Program Files (x86)/Epic Games/4.11/Engine/Content/EngineResources/AICON-Green.uasset: 'C:/Program Files (x86)/Epic Games/4.11/Engine/Content/EngineResources/AICON-Green.uasset' is outside repository
[2016.04.03-22.37.30:377][673]SourceControl: Info fatal: C:/Program Files (x86)/Epic Games/4.11/Engine/Content/EngineResources/Cursors/Arrow.uasset: 'C:/Program Files (x86)/Epic Games/4.11/Engine/Content/EngineResources/Cursors/Arrow.uasset' is outside repository
[2016.04.03-22.37.30:377][673]SourceControl: Info fatal: C:/Program Files (x86)/Epic Games/4.11/Engine/Content/EngineSky/BP_Sky_Shere.uasset: 'C:/Program Files (x86)/Epic Games/4.11/Engine/Content/EngineSky/BP_Sky_Shere.uasset' is outside repository
[2016.04.03-22.37.30:377][673]SourceControl: Info fatal: C:/Program Files (x86)/Epic Games/4.11/Engine/Content/EngineSounds/Duck_Normal_Attack_MixMod.uasset: 'C:/Program Files (x86)/Epic Games/4.11/Engine/Content/EngineSounds/Duck_Normal_Attack_MixMod.uasset' is outside repository
[2016.04.03-22.37.30:377][673]SourceControl: Info fatal: C:/Program Files (x86)/Epic Games/4.11/Engine/Content/EngineSounds/ReverbSettings/Alley.uasset: 'C:/Program Files (x86)/Epic Games/4.11/Engine/Content/EngineSounds/ReverbSettings/Alley.uasset' is outside repository
[2016.04.03-22.37.30:377][673]SourceControl: Info fatal: C:/Program Files (x86)/Epic Games/4.11/Engine/Content/EngineTireTypes/DefaultTireType.uasset: 'C:/Program Files (x86)/Epic Games/4.11/Engine/Content/EngineTireTypes/DefaultTireType.uasset' is outside repository
[2016.04.03-22.37.30:377][673]SourceControl: Info fatal: C:/Program Files (x86)/Epic Games/4.11/Engine/Content/EngineVolumetrics/FalloffSphere/Materials/M_EV_FalloffSphere_Master_01.uasset: 'C:/Program Files (x86)/Epic Games/4.11/Engine/Content/EngineVolumetrics/FalloffSphere/Materials/M_EV_FalloffSphere_Master_01.uasset' is outside repository
[2016.04.03-22.37.30:377][673]SourceControl: Info fatal: C:/Program Files (x86)/Epic Games/4.11/Engine/Content/EngineVolumetrics/FalloffSphere/Mesh/S_EV_FalloffSphere_Mesh_01.uasset: 'C:/Program Files (x86)/Epic Games/4.11/Engine/Content/EngineVolumetrics/FalloffSphere/Mesh/S_EV_FalloffSphere_Mesh_01.uasset' is outside repository
[2016.04.03-22.37.30:377][673]SourceControl: Info fatal: C:/Program Files (x86)/Epic Games/4.11/Engine/Content/EngineVolumetrics/FogEnvironment/Materials/M_EV_FogEnvironment_Master_01.uasset: 'C:/Program Files (x86)/Epic Games/4.11/Engine/Content/EngineVolumetrics/FogEnvironment/Materials/M_EV_FogEnvironment_Master_01.uasset' is outside repository
[2016.04.03-22.37.30:377][673]SourceControl: Info fatal: C:/Program Files (x86)/Epic Games/4.11/Engine/Content/EngineVolumetrics/FogEnvironment/Mesh/S_EV_FogEnvironment_01_Mesh.uasset: 'C:/Program Files (x86)/Epic Games/4.11/Engine/Content/EngineVolumetrics/FogEnvironment/Mesh/S_EV_FogEnvironment_01_Mesh.uasset' is outside repository
[2016.04.03-22.37.30:378][673]SourceControl: Info fatal: C:/Program Files (x86)/Epic Games/4.11/Engine/Content/EngineVolumetrics/Fogsheet/T_EV_Fogsheet_FlareColors_01.uasset: 'C:/Program Files (x86)/Epic Games/4.11/Engine/Content/EngineVolumetrics/Fogsheet/T_EV_Fogsheet_FlareColors_01.uasset' is outside repository
[2016.04.03-22.37.30:378][673]SourceControl: Info fatal: C:/Program Files (x86)/Epic Games/4.11/Engine/Content/EngineVolumetrics/Fogsheet/Materials/M_EV_FogSheet_1sided_Master_01.uasset: 'C:/Program Files (x86)/Epic Games/4.11/Engine/Content/EngineVolumetrics/Fogsheet/Materials/M_EV_FogSheet_1sided_Master_01.uasset' is outside repository
[2016.04.03-22.37.30:378][673]SourceControl: Info fatal: C:/Program Files (x86)/Epic Games/4.11/Engine/Content/EngineVolumetrics/Fogsheet/Mesh/MI_Fogsheet_HideClose.uasset: 'C:/Program Files (x86)/Epic Games/4.11/Engine/Content/EngineVolumetrics/Fogsheet/Mesh/MI_Fogsheet_HideClose.uasset' is outside repository
[2016.04.03-22.37.30:378][673]SourceControl: Info fatal: C:/Program Files (x86)/Epic Games/4.11/Engine/Content/EngineVolumetrics/LightBeam/Materials/M_EV_Lightbeam_Master_01.uasset: 'C:/Program Files (x86)/Epic Games/4.11/Engine/Content/EngineVolumetrics/LightBeam/Materials/M_EV_Lightbeam_Master_01.uasset' is outside repository
[2016.04.03-22.37.30:378][673]SourceControl: Info fatal: C:/Program Files (x86)/Epic Games/4.11/Engine/Content/EngineVolumetrics/LightBeam/Mesh/S_EV_SimpleLightBeam_01.uasset: 'C:/Program Files (x86)/Epic Games/4.11/Engine/Content/EngineVolumetrics/LightBeam/Mesh/S_EV_SimpleLightBeam_01.uasset' is outside repository
[2016.04.03-22.37.30:378][673]SourceControl: Info fatal: C:/Program Files (x86)/Epic Games/4.11/Engine/Content/Engine_MI_Shaders/MI_Shader_BaseTileEx.uasset: 'C:/Program Files (x86)/Epic Games/4.11/Engine/Content/Engine_MI_Shaders/MI_Shader_BaseTileEx.uasset' is outside repository
[2016.04.03-22.37.30:378][673]SourceControl: Info fatal: C:/Program Files (x86)/Epic Games/4.11/Engine/Content/Engine_MI_Shaders/Instances/M_ES_Phong_Opaque_INST_01.uasset: 'C:/Program Files (x86)/Epic Games/4.11/Engine/Content/Engine_MI_Shaders/Instances/M_ES_Phong_Opaque_INST_01.uasset' is outside repository
[2016.04.03-22.37.30:378][673]SourceControl: Info fatal: C:/Program Files (x86)/Epic Games/4.11/Engine/Content/Engine_MI_Shaders/Textures/Bokeh.uasset: 'C:/Program Files (x86)/Epic Games/4.11/Engine/Content/Engine_MI_Shaders/Textures/Bokeh.uasset' is outside repository
[2016.04.03-22.37.30:378][673]SourceControl: Info fatal: C:/Program Files (x86)/Epic Games/4.11/Engine/Content/FunctionalTesting/Blueprints/AITesting_MoveGoal.uasset: 'C:/Program Files (x86)/Epic Games/4.11/Engine/Content/FunctionalTesting/Blueprints/AITesting_MoveGoal.uasset' is outside repository
[2016.04.03-22.37.30:378][673]SourceControl: Info fatal: C:/Program Files (x86)/Epic Games/4.11/Engine/Content/Functions/DistanceFields/Combiners/DistanceField_Intersection.uasset: 'C:/Program Files (x86)/Epic Games/4.11/Engine/Content/Functions/DistanceFields/Combiners/DistanceField_Intersection.uasset' is outside repository
[2016.04.03-22.37.30:378][673]SourceControl: Info fatal: C:/Program Files (x86)/Epic Games/4.11/Engine/Content/Functions/DistanceFields/Shapes/DistanceField_Capsule.uasset: 'C:/Program Files (x86)/Epic Games/4.11/Engine/Content/Functions/DistanceFields/Shapes/DistanceField_Capsule.uasset' is outside repository
[2016.04.03-22.37.30:378][673]SourceControl: Info fatal: C:/Program Files (x86)/Epic Games/4.11/Engine/Content/Functions/Engine_MaterialFunctions01/AlphaBlend/World_Aligned_Blend.uasset: 'C:/Program Files (x86)/Epic Games/4.11/Engine/Content/Functions/Engine_MaterialFunctions01/AlphaBlend/World_Aligned_Blend.uasset' is outside repository
[2016.04.03-22.37.30:378][673]SourceControl: Info fatal: C:/Program Files (x86)/Epic Games/4.11/Engine/Content/Functions/Engine_MaterialFunctions01/Coordinates/DrawLine-2D.uasset: 'C:/Program Files (x86)/Epic Games/4.11/Engine/Content/Functions/Engine_MaterialFunctions01/Coordinates/DrawLine-2D.uasset' is outside repository
[2016.04.03-22.37.30:378][673]SourceControl: Info fatal: C:/Program Files (x86)/Epic Games/4.11/Engine/Content/Functions/Engine_MaterialFunctions01/Debug/DebugBinaryValues-Float.uasset: 'C:/Program Files (x86)/Epic Games/4.11/Engine/Content/Functions/Engine_MaterialFunctions01/Debug/DebugBinaryValues-Float.uasset' is outside repository
[2016.04.03-22.37.30:378][673]SourceControl: Info fatal: C:/Program Files (x86)/Epic Games/4.11/Engine/Content/Functions/Engine_MaterialFunctions01/Density/ExponentialDensity.uasset: 'C:/Program Files (x86)/Epic Games/4.11/Engine/Content/Functions/Engine_MaterialFunctions01/Density/ExponentialDensity.uasset' is outside repository
[2016.04.03-22.37.30:378][673]SourceControl: Info fatal: C:/Program Files (x86)/Epic Games/4.11/Engine/Content/Functions/Engine_MaterialFunctions01/Gradient/BellCurve.uasset: 'C:/Program Files (x86)/Epic Games/4.11/Engine/Content/Functions/Engine_MaterialFunctions01/Gradient/BellCurve.uasset' is outside repository
[2016.04.03-22.37.30:378][673]SourceControl: Info fatal: C:/Program Files (x86)/Epic Games/4.11/Engine/Content/Functions/Engine_MaterialFunctions01/ImageAdjustment/3ColorBlend.uasset: 'C:/Program Files (x86)/Epic Games/4.11/Engine/Content/Functions/Engine_MaterialFunctions01/ImageAdjustment/3ColorBlend.uasset' is outside repository
[2016.04.03-22.37.30:378][673]SourceControl: Info fatal: C:/Program Files (x86)/Epic Games/4.11/Engine/Content/Functions/Engine_MaterialFunctions01/Lighting/PixelDepthOffset_Foliage.uasset: 'C:/Program Files (x86)/Epic Games/4.11/Engine/Content/Functions/Engine_MaterialFunctions01/Lighting/PixelDepthOffset_Foliage.uasset' is outside repository
[2016.04.03-22.37.30:378][673]SourceControl: Info fatal: C:/Program Files (x86)/Epic Games/4.11/Engine/Content/Functions/Engine_MaterialFunctions01/Opacity/AlphaOffset.uasset: 'C:/Program Files (x86)/Epic Games/4.11/Engine/Content/Functions/Engine_MaterialFunctions01/Opacity/AlphaOffset.uasset' is outside repository
[2016.04.03-22.37.30:378][673]SourceControl: Info fatal: C:/Program Files (x86)/Epic Games/4.11/Engine/Content/Functions/Engine_MaterialFunctions01/Reflections/ReflectionVectorSoft.uasset: 'C:/Program Files (x86)/Epic Games/4.11/Engine/Content/Functions/Engine_MaterialFunctions01/Reflections/ReflectionVectorSoft.uasset' is outside repository
[2016.04.03-22.37.30:378][673]SourceControl: Info fatal: C:/Program Files (x86)/Epic Games/4.11/Engine/Content/Functions/Engine_MaterialFunctions01/Shading/CalcLightsourceAngle.uasset: 'C:/Program Files (x86)/Epic Games/4.11/Engine/Content/Functions/Engine_MaterialFunctions01/Shading/CalcLightsourceAngle.uasset' is outside repository
[2016.04.03-22.37.30:378][673]SourceControl: Info fatal: C:/Program Files (x86)/Epic Games/4.11/Engine/Content/Functions/Engine_MaterialFunctions01/SpeedTree/SpeedTreeColorVariation.uasset: 'C:/Program Files (x86)/Epic Games/4.11/Engine/Content/Functions/Engine_MaterialFunctions01/SpeedTree/SpeedTreeColorVariation.uasset' is outside repository
[2016.04.03-22.37.30:378][673]SourceControl: Info fatal: C:/Program Files (x86)/Epic Games/4.11/Engine/Content/Functions/Engine_MaterialFunctions01/Texturing/BakedDisplacement.uasset: 'C:/Program Files (x86)/Epic Games/4.11/Engine/Content/Functions/Engine_MaterialFunctions01/Texturing/BakedDisplacement.uasset' is outside repository
[2016.04.03-22.37.30:378][673]SourceControl: Info fatal: C:/Program Files (x86)/Epic Games/4.11/Engine/Content/Functions/Engine_MaterialFunctions01/Vectors/MF_RotateVector_90.uasset: 'C:/Program Files (x86)/Epic Games/4.11/Engine/Content/Functions/Engine_MaterialFunctions01/Vectors/MF_RotateVector_90.uasset' is outside repository
[2016.04.03-22.37.30:378][673]SourceControl: Info fatal: C:/Program Files (x86)/Epic Games/4.11/Engine/Content/Functions/Engine_MaterialFunctions01/Volumetrics/BeersLaw.uasset: 'C:/Program Files (x86)/Epic Games/4.11/Engine/Content/Functions/Engine_MaterialFunctions01/Volumetrics/BeersLaw.uasset' is outside repository
[2016.04.03-22.37.30:378][673]SourceControl: Info fatal: C:/Program Files (x86)/Epic Games/4.11/Engine/Content/Functions/Engine_MaterialFunctions01/WorldPositionOffset/ConstantScalebyDistance.uasset: 'C:/Program Files (x86)/Epic Games/4.11/Engine/Content/Functions/Engine_MaterialFunctions01/WorldPositionOffset/ConstantScalebyDistance.uasset' is outside repository
[2016.04.03-22.37.30:378][673]SourceControl: Info fatal: C:/Program Files (x86)/Epic Games/4.11/Engine/Content/Functions/Engine_MaterialFunctions02/3PointLevels.uasset: 'C:/Program Files (x86)/Epic Games/4.11/Engine/Content/Functions/Engine_MaterialFunctions02/3PointLevels.uasset' is outside repository
[2016.04.03-22.37.30:378][673]SourceControl: Info fatal: C:/Program Files (x86)/Epic Games/4.11/Engine/Content/Functions/Engine_MaterialFunctions02/ExampleContent/3dParticleOpacityInstance.uasset: 'C:/Program Files (x86)/Epic Games/4.11/Engine/Content/Functions/Engine_MaterialFunctions02/ExampleContent/3dParticleOpacityInstance.uasset' is outside repository
[2016.04.03-22.37.30:378][673]SourceControl: Info fatal: C:/Program Files (x86)/Epic Games/4.11/Engine/Content/Functions/Engine_MaterialFunctions02/ExampleContent/MacroUVs/MacroUVs.uasset: 'C:/Program Files (x86)/Epic Games/4.11/Engine/Content/Functions/Engine_MaterialFunctions02/ExampleContent/MacroUVs/MacroUVs.uasset' is outside repository
[2016.04.03-22.37.30:378][673]SourceControl: Info fatal: C:/Program Files (x86)/Epic Games/4.11/Engine/Content/Functions/Engine_MaterialFunctions02/ExampleContent/TextureBasedWPO/DemoBox.uasset: 'C:/Program Files (x86)/Epic Games/4.11/Engine/Content/Functions/Engine_MaterialFunctions02/ExampleContent/TextureBasedWPO/DemoBox.uasset' is outside repository
[2016.04.03-22.37.30:378][673]SourceControl: Info fatal: C:/Program Files (x86)/Epic Games/4.11/Engine/Content/Functions/Engine_MaterialFunctions02/ExampleContent/Textures/DebugNumberPeriod.uasset: 'C:/Program Files (x86)/Epic Games/4.11/Engine/Content/Functions/Engine_MaterialFunctions02/ExampleContent/Textures/DebugNumberPeriod.uasset' is outside repository
[2016.04.03-22.37.30:378][673]SourceControl: Info fatal: C:/Program Files (x86)/Epic Games/4.11/Engine/Content/Functions/Engine_MaterialFunctions02/Gradients/GradientMap_Multi.uasset: 'C:/Program Files (x86)/Epic Games/4.11/Engine/Content/Functions/Engine_MaterialFunctions02/Gradients/GradientMap_Multi.uasset' is outside repository
[2016.04.03-22.37.30:378][673]SourceControl: Info fatal: C:/Program Files (x86)/Epic Games/4.11/Engine/Content/Functions/Engine_MaterialFunctions02/Math/AddComponents.uasset: 'C:/Program Files (x86)/Epic Games/4.11/Engine/Content/Functions/Engine_MaterialFunctions02/Math/AddComponents.uasset' is outside repository
[2016.04.03-22.37.30:378][673]SourceControl: Info fatal: C:/Program Files (x86)/Epic Games/4.11/Engine/Content/Functions/Engine_MaterialFunctions02/MAXScripts/MeshSequenceFlipbook_Script.uasset: 'C:/Program Files (x86)/Epic Games/4.11/Engine/Content/Functions/Engine_MaterialFunctions02/MAXScripts/MeshSequenceFlipbook_Script.uasset' is outside repository
[2016.04.03-22.37.30:378][673]SourceControl: Info fatal: C:/Program Files (x86)/Epic Games/4.11/Engine/Content/Functions/Engine_MaterialFunctions02/Normals/RotateNormalWhileMasking.uasset: 'C:/Program Files (x86)/Epic Games/4.11/Engine/Content/Functions/Engine_MaterialFunctions02/Normals/RotateNormalWhileMasking.uasset' is outside repository
[2016.04.03-22.37.30:378][673]SourceControl: Info fatal: C:/Program Files (x86)/Epic Games/4.11/Engine/Content/Functions/Engine_MaterialFunctions02/NotInUse/WorldAlignedNormals_HighQuality_optimizationAttempt.uasset: 'C:/Program Files (x86)/Epic Games/4.11/Engine/Content/Functions/Engine_MaterialFunctions02/NotInUse/WorldAlignedNormals_HighQuality_optimizationAttempt.uasset' is outside repository
[2016.04.03-22.37.30:378][673]SourceControl: Info fatal: C:/Program Files (x86)/Epic Games/4.11/Engine/Content/Functions/Engine_MaterialFunctions02/PivotPainter/PivotPainter_HierarchyData.uasset: 'C:/Program Files (x86)/Epic Games/4.11/Engine/Content/Functions/Engine_MaterialFunctions02/PivotPainter/PivotPainter_HierarchyData.uasset' is outside repository
[2016.04.03-22.37.30:378][673]SourceControl: Info fatal: C:/Program Files (x86)/Epic Games/4.11/Engine/Content/Functions/Engine_MaterialFunctions02/Texturing/3dParticleOpacity.uasset: 'C:/Program Files (x86)/Epic Games/4.11/Engine/Content/Functions/Engine_MaterialFunctions02/Texturing/3dParticleOpacity.uasset' is outside repository
[2016.04.03-22.37.30:379][673]SourceControl: Info fatal: C:/Program Files (x86)/Epic Games/4.11/Engine/Content/Functions/Engine_MaterialFunctions02/Utility/Append4.uasset: 'C:/Program Files (x86)/Epic Games/4.11/Engine/Content/Functions/Engine_MaterialFunctions02/Utility/Append4.uasset' is outside repository
[2016.04.03-22.37.30:379][673]SourceControl: Info fatal: C:/Program Files (x86)/Epic Games/4.11/Engine/Content/Functions/Engine_MaterialFunctions02/UVs/BoundingBoxBased_0-1_UVW.uasset: 'C:/Program Files (x86)/Epic Games/4.11/Engine/Content/Functions/Engine_MaterialFunctions02/UVs/BoundingBoxBased_0-1_UVW.uasset' is outside repository
[2016.04.03-22.37.30:379][673]SourceControl: Info fatal: C:/Program Files (x86)/Epic Games/4.11/Engine/Content/Functions/Engine_MaterialFunctions02/WorldPositionOffset/AdjustNormalsToCompensateForRotateAboutAxisOffset.uasset: 'C:/Program Files (x86)/Epic Games/4.11/Engine/Content/Functions/Engine_MaterialFunctions02/WorldPositionOffset/AdjustNormalsToCompensateForRotateAboutAxisOffset.uasset' is outside repository
[2016.04.03-22.37.30:379][673]SourceControl: Info fatal: C:/Program Files (x86)/Epic Games/4.11/Engine/Content/Functions/Engine_MaterialFunctions03/Blends/Blend_ColorBurn.uasset: 'C:/Program Files (x86)/Epic Games/4.11/Engine/Content/Functions/Engine_MaterialFunctions03/Blends/Blend_ColorBurn.uasset' is outside repository
[2016.04.03-22.37.30:379][673]SourceControl: Info fatal: C:/Program Files (x86)/Epic Games/4.11/Engine/Content/Functions/Engine_MaterialFunctions03/ComplexMotion/Motion_4WayChaos.uasset: 'C:/Program Files (x86)/Epic Games/4.11/Engine/Content/Functions/Engine_MaterialFunctions03/ComplexMotion/Motion_4WayChaos.uasset' is outside repository
[2016.04.03-22.37.30:379][673]SourceControl: Info fatal: C:/Program Files (x86)/Epic Games/4.11/Engine/Content/Functions/Engine_MaterialFunctions03/Particles/Distance_Blend.uasset: 'C:/Program Files (x86)/Epic Games/4.11/Engine/Content/Functions/Engine_MaterialFunctions03/Particles/Distance_Blend.uasset' is outside repository
[2016.04.03-22.37.30:379][673]SourceControl: Info fatal: C:/Program Files (x86)/Epic Games/4.11/Engine/Content/Functions/Engine_MaterialFunctions03/Procedurals/ComputeFilterWidth.uasset: 'C:/Program Files (x86)/Epic Games/4.11/Engine/Content/Functions/Engine_MaterialFunctions03/Procedurals/ComputeFilterWidth.uasset' is outside repository
[2016.04.03-22.37.30:379][673]SourceControl: Info fatal: C:/Program Files (x86)/Epic Games/4.11/Engine/Content/Functions/Engine_MaterialFunctions03/Texturing/CameraWorldBlend.uasset: 'C:/Program Files (x86)/Epic Games/4.11/Engine/Content/Functions/Engine_MaterialFunctions03/Texturing/CameraWorldBlend.uasset' is outside repository
[2016.04.03-22.37.30:379][673]SourceControl: Info fatal: C:/Program Files (x86)/Epic Games/4.11/Engine/Content/Functions/GetPostProcessFunctions/GetAmbientCubemapIntensity.uasset: 'C:/Program Files (x86)/Epic Games/4.11/Engine/Content/Functions/GetPostProcessFunctions/GetAmbientCubemapIntensity.uasset' is outside repository
[2016.04.03-22.37.30:379][673]SourceControl: Info fatal: C:/Program Files (x86)/Epic Games/4.11/Engine/Content/Functions/MaterialLayerFunctions/MatLayerBlend_AddWorldPositionOffset.uasset: 'C:/Program Files (x86)/Epic Games/4.11/Engine/Content/Functions/MaterialLayerFunctions/MatLayerBlend_AddWorldPositionOffset.uasset' is outside repository
[2016.04.03-22.37.30:379][673]SourceControl: Info fatal: C:/Program Files (x86)/Epic Games/4.11/Engine/Content/Maps/Entry.umap: 'C:/Program Files (x86)/Epic Games/4.11/Engine/Content/Maps/Entry.umap' is outside repository
[2016.04.03-22.37.30:379][673]SourceControl: Info fatal: C:/Program Files (x86)/Epic Games/4.11/Engine/Content/Maps/Templates/Template_Default.umap: 'C:/Program Files (x86)/Epic Games/4.11/Engine/Content/Maps/Templates/Template_Default.umap' is outside repository
[2016.04.03-22.37.30:379][673]SourceControl: Info fatal: C:/Program Files (x86)/Epic Games/4.11/Engine/Content/Maps/Templates/Thumbnails/Default.uasset: 'C:/Program Files (x86)/Epic Games/4.11/Engine/Content/Maps/Templates/Thumbnails/Default.uasset' is outside repository
[2016.04.03-22.37.30:379][673]SourceControl: Info fatal: C:/Program Files (x86)/Epic Games/4.11/Engine/Content/MapTemplates/Bokeh_5Sides.uasset: 'C:/Program Files (x86)/Epic Games/4.11/Engine/Content/MapTemplates/Bokeh_5Sides.uasset' is outside repository
[2016.04.03-22.37.30:379][673]SourceControl: Info fatal: C:/Program Files (x86)/Epic Games/4.11/Engine/Content/MapTemplates/lut/LUT_Afternoon.uasset: 'C:/Program Files (x86)/Epic Games/4.11/Engine/Content/MapTemplates/lut/LUT_Afternoon.uasset' is outside repository
[2016.04.03-22.37.30:379][673]SourceControl: Info fatal: C:/Program Files (x86)/Epic Games/4.11/Engine/Content/MapTemplates/Materials/BasicAsset01.uasset: 'C:/Program Files (x86)/Epic Games/4.11/Engine/Content/MapTemplates/Materials/BasicAsset01.uasset' is outside repository
[2016.04.03-22.37.30:379][673]SourceControl: Info fatal: C:/Program Files (x86)/Epic Games/4.11/Engine/Content/MapTemplates/Sky/DaylightAmbientCubemap.uasset: 'C:/Program Files (x86)/Epic Games/4.11/Engine/Content/MapTemplates/Sky/DaylightAmbientCubemap.uasset' is outside repository
[2016.04.03-22.37.30:379][673]SourceControl: Info fatal: C:/Program Files (x86)/Epic Games/4.11/Engine/Content/MaterialTemplates/Gradients/Gradient_Linear.uasset: 'C:/Program Files (x86)/Epic Games/4.11/Engine/Content/MaterialTemplates/Gradients/Gradient_Linear.uasset' is outside repository
[2016.04.03-22.37.30:379][673]SourceControl: Info fatal: C:/Program Files (x86)/Epic Games/4.11/Engine/Content/MaterialTemplates/PerfTricks/MultiChannelMask.uasset: 'C:/Program Files (x86)/Epic Games/4.11/Engine/Content/MaterialTemplates/PerfTricks/MultiChannelMask.uasset' is outside repository
[2016.04.03-22.37.30:379][673]SourceControl: Info fatal: C:/Program Files (x86)/Epic Games/4.11/Engine/Content/MaterialTemplates/Textures/T_multiMask.uasset: 'C:/Program Files (x86)/Epic Games/4.11/Engine/Content/MaterialTemplates/Textures/T_multiMask.uasset' is outside repository
[2016.04.03-22.37.30:379][673]SourceControl: Info fatal: C:/Program Files (x86)/Epic Games/4.11/Engine/Content/MaterialTemplates/VertexAnimation/AdvancedFlag.uasset: 'C:/Program Files (x86)/Epic Games/4.11/Engine/Content/MaterialTemplates/VertexAnimation/AdvancedFlag.uasset' is outside repository
[2016.04.03-22.37.30:379][673]SourceControl: Info fatal: C:/Program Files (x86)/Epic Games/4.11/Engine/Content/MobileResources/T_MobileControls_texture.uasset: 'C:/Program Files (x86)/Epic Games/4.11/Engine/Content/MobileResources/T_MobileControls_texture.uasset' is outside repository
[2016.04.03-22.37.30:379][673]SourceControl: Info fatal: C:/Program Files (x86)/Epic Games/4.11/Engine/Content/MobileResources/HUD/AnalogHat.uasset: 'C:/Program Files (x86)/Epic Games/4.11/Engine/Content/MobileResources/HUD/AnalogHat.uasset' is outside repository
[2016.04.03-22.37.30:379][673]SourceControl: Info fatal: C:/Program Files (x86)/Epic Games/4.11/Engine/Content/StarterContent/Textures/T_ground_Moss_D.uasset: 'C:/Program Files (x86)/Epic Games/4.11/Engine/Content/StarterContent/Textures/T_ground_Moss_D.uasset' is outside repository
[2016.04.03-22.37.30:379][673]SourceControl: Info fatal: C:/Program Files (x86)/Epic Games/4.11/Engine/Content/TemplateResources/MI_Template_BaseBlue.uasset: 'C:/Program Files (x86)/Epic Games/4.11/Engine/Content/TemplateResources/MI_Template_BaseBlue.uasset' is outside repository
[2016.04.03-22.37.30:379][673]SourceControl: Info fatal: C:/Program Files (x86)/Epic Games/4.11/Engine/Content/Tutorial/ContentIntroCurve.uasset: 'C:/Program Files (x86)/Epic Games/4.11/Engine/Content/Tutorial/ContentIntroCurve.uasset' is outside repository
[2016.04.03-22.37.30:379][673]SourceControl: Info fatal: C:/Program Files (x86)/Epic Games/4.11/Engine/Content/Tutorial/Audio/Audience.uasset: 'C:/Program Files (x86)/Epic Games/4.11/Engine/Content/Tutorial/Audio/Audience.uasset' is outside repository
[2016.04.03-22.37.30:379][673]SourceControl: Info fatal: C:/Program Files (x86)/Epic Games/4.11/Engine/Content/Tutorial/Basics/ContentBrowserOverview.uasset: 'C:/Program Files (x86)/Epic Games/4.11/Engine/Content/Tutorial/Basics/ContentBrowserOverview.uasset' is outside repository
[2016.04.03-22.37.30:379][673]SourceControl: Info fatal: C:/Program Files (x86)/Epic Games/4.11/Engine/Content/Tutorial/Basics/TutorialAssets/CameraActor_64x.uasset: 'C:/Program Files (x86)/Epic Games/4.11/Engine/Content/Tutorial/Basics/TutorialAssets/CameraActor_64x.uasset' is outside repository
[2016.04.03-22.37.30:379][673]SourceControl: Info fatal: C:/Program Files (x86)/Epic Games/4.11/Engine/Content/Tutorial/BlueprintTutorials/BlueprintEditorTutorial.uasset: 'C:/Program Files (x86)/Epic Games/4.11/Engine/Content/Tutorial/BlueprintTutorials/BlueprintEditorTutorial.uasset' is outside repository
[2016.04.03-22.37.30:379][673]SourceControl: Info fatal: C:/Program Files (x86)/Epic Games/4.11/Engine/Content/Tutorial/BlueprintTutorials/TutorialAssets/BlueprintFunctionLibrary_64x.uasset: 'C:/Program Files (x86)/Epic Games/4.11/Engine/Content/Tutorial/BlueprintTutorials/TutorialAssets/BlueprintFunctionLibrary_64x.uasset' is outside repository
[2016.04.03-22.37.30:379][673]SourceControl: Info fatal: C:/Program Files (x86)/Epic Games/4.11/Engine/Content/Tutorial/Code/AddingCode.uasset: 'C:/Program Files (x86)/Epic Games/4.11/Engine/Content/Tutorial/Code/AddingCode.uasset' is outside repository
[2016.04.03-22.37.30:379][673]SourceControl: Info fatal: C:/Program Files (x86)/Epic Games/4.11/Engine/Content/Tutorial/Foliage/FoliageWalkThrough.uasset: 'C:/Program Files (x86)/Epic Games/4.11/Engine/Content/Tutorial/Foliage/FoliageWalkThrough.uasset' is outside repository
[2016.04.03-22.37.30:379][673]SourceControl: Info fatal: C:/Program Files (x86)/Epic Games/4.11/Engine/Content/Tutorial/Foliage/TutorialAssets/Foliage.uasset: 'C:/Program Files (x86)/Epic Games/4.11/Engine/Content/Tutorial/Foliage/TutorialAssets/Foliage.uasset' is outside repository
[2016.04.03-22.37.30:379][673]SourceControl: Info fatal: C:/Program Files (x86)/Epic Games/4.11/Engine/Content/Tutorial/Installation/InstallingVisualStudioTutorial.uasset: 'C:/Program Files (x86)/Epic Games/4.11/Engine/Content/Tutorial/Installation/InstallingVisualStudioTutorial.uasset' is outside repository
[2016.04.03-22.37.30:379][673]SourceControl: Info fatal: C:/Program Files (x86)/Epic Games/4.11/Engine/Content/Tutorial/InWorldBlueprintEditing/IWBE_Tutorial.uasset: 'C:/Program Files (x86)/Epic Games/4.11/Engine/Content/Tutorial/InWorldBlueprintEditing/IWBE_Tutorial.uasset' is outside repository
[2016.04.03-22.37.30:379][673]SourceControl: Info fatal: C:/Program Files (x86)/Epic Games/4.11/Engine/Content/Tutorial/InWorldBlueprintEditing/TutorialAssets/IWBE_Blutility.uasset: 'C:/Program Files (x86)/Epic Games/4.11/Engine/Content/Tutorial/InWorldBlueprintEditing/TutorialAssets/IWBE_Blutility.uasset' is outside repository
[2016.04.03-22.37.30:379][673]SourceControl: Info fatal: C:/Program Files (x86)/Epic Games/4.11/Engine/Content/Tutorial/Landscape/LandscapeWalkThrough.uasset: 'C:/Program Files (x86)/Epic Games/4.11/Engine/Content/Tutorial/Landscape/LandscapeWalkThrough.uasset' is outside repository
[2016.04.03-22.37.30:379][673]SourceControl: Info fatal: C:/Program Files (x86)/Epic Games/4.11/Engine/Content/Tutorial/Landscape/TutorialAssets/Landscape.uasset: 'C:/Program Files (x86)/Epic Games/4.11/Engine/Content/Tutorial/Landscape/TutorialAssets/Landscape.uasset' is outside repository
[2016.04.03-22.37.30:379][673]SourceControl: Info fatal: C:/Program Files (x86)/Epic Games/4.11/Engine/Content/Tutorial/Mobile/CreatingSigningCertAndProvisionTutorial.uasset: 'C:/Program Files (x86)/Epic Games/4.11/Engine/Content/Tutorial/Mobile/CreatingSigningCertAndProvisionTutorial.uasset' is outside repository
[2016.04.03-22.37.30:379][673]SourceControl: Info fatal: C:/Program Files (x86)/Epic Games/4.11/Engine/Content/Tutorial/Mobile/TutorialAssets/android_Icon.uasset: 'C:/Program Files (x86)/Epic Games/4.11/Engine/Content/Tutorial/Mobile/TutorialAssets/android_Icon.uasset' is outside repository
[2016.04.03-22.37.30:379][673]SourceControl: Info fatal: C:/Program Files (x86)/Epic Games/4.11/Engine/Content/Tutorial/Paper2D/FlipbookEditorTutorial.uasset: 'C:/Program Files (x86)/Epic Games/4.11/Engine/Content/Tutorial/Paper2D/FlipbookEditorTutorial.uasset' is outside repository
[2016.04.03-22.37.30:379][673]SourceControl: Info fatal: C:/Program Files (x86)/Epic Games/4.11/Engine/Content/Tutorial/Paper2D/TutorialAssets/Paper2DFlipbook_TutorialIcon.uasset: 'C:/Program Files (x86)/Epic Games/4.11/Engine/Content/Tutorial/Paper2D/TutorialAssets/Paper2DFlipbook_TutorialIcon.uasset' is outside repository
[2016.04.03-22.37.30:379][673]SourceControl: Info fatal: C:/Program Files (x86)/Epic Games/4.11/Engine/C